http://nenya.ms.mff.cuni.cz/teaching/crash_dump_analysis/slides/09-crash.pdf

# list
crash> p file_lock_list
PER-CPU DATA TYPE:
  struct hlist_head file_lock_list;
PER-CPU ADDRESSES:
  [0]: ffff88046fa17d20
....
  [16]: ffff880c6fa17d20
....
list -o file_lock.fl_link -s file_lock.fl_file -H ffff880c6fa17d20

# Tree
tree -t rbtree -ls vm_area_struct.vm_start -r mm_struct.mm_rb  0xffff91f2cd94a240  -o vm_area_struct.vm_rb
0xffff91f2cd94a240 is address of mm_struct

# crash-utility
[multiple structs with the same name](https://www.redhat.com/archives/crash-utility/2012-June/msg00026.html)


# libkdumpfile and kdumpid

# dugn

# drgn

# Gdb on kdump
http://ales.jikos.cz/gdb_kdump/
