

# Goal 
1. find the best to get involed in kernel hacking.

# The difficulties of kernel hacking
The intricacy of smantic of kernel beyond for human's understanding ablity. So learning kernel by just reading the source code is imposible.
## The problems for understanding linux kernel.
1. 完全舍弃自己的理解, 全部取自他人的理解.
应该你自己为核心,违反了知识生长出来的原则. Think for yourself.
2. 仅仅阅读代码. 甚至commit 都很少看.
大量的vriables 变量, 难以理解的函数和变量的名字.
可变语义本身所带来的理解模糊. 透彻理解是不可能的从阅读代码本身而言.
需要实例. crash 一类工具查看真实的系统.

## What's the real reason for the difficulties of kernel hacking
1. 自己把自己琐定在understanding 中. 透彻understanding 成为kernel hacking的前提.
作茧自缚, 割裂.dissever.
2. 没有意识到, 靠单一的方法, 理解, 去处理复杂事务的不可能.
3. 创造本身才是有效的kernel hacking 方法.

# Tree
[Git tree maintenance](https://lwn.net/Articles/572068/)
## TGLX tree
origin	git://git.kernel.org/pub/scm/linux/kernel/git/tglx/history.git (fetch)
origin	git://git.kernel.org/pub/scm/linux/kernel/git/tglx/history.git (push)


# Guide
[Unreliable Guide To Hacking The Linux Kernel](https://www.kernel.org/doc/htmldocs/kernel-hacking/index.html)

# Training
[Bootlin linux kernel labs](https://linux-kernel-labs.github.io/master/index.html)

# Hacking
[Variable-length arrays and the max() mess](https://lwn.net/Articles/749064/)

# Projects
[Sub-system Update: Kernel Self-Protection Project - Kees Cook, Google](https://www.youtube.com/watch?v=wlqjQe3vDx8&list=PLbzoR-pLrL6rOT6m50HdJFYUHyvA9lurI&index=11&t=0s)
## Kernel refactoring
https://linuxtv.org/wiki/index.php/Development:_Hints_for_Refactoring_Existing_Drivers
[Kernel Recipes 2017 - Refactoring the Linux Kernel - Thomas Gleixner](https://www.youtube.com/watch?v=mxxicJZ8cis)

# Prefix, changes and tags
[Patch v2, v3, ... Changes, tags](https://kernelnewbies.org/PatchTipsAndTricks)

