# Finite state machine of memory 

				|===============================================================================|
				v										|
Physical memory ===(free)=> buddy pages ==(page allocator)===> slab objects					|
			|											|
			|===(page fault)======== PAS =========> Private page ====|	|===(OOM Kill)===>|	|
						|				 |	|                 |     |
						|				 | ===> |===(PFRA) ======>|     |
						|===============> Shared page====|	|		  | ====|
											|===(do_unmap) ==>|
											|		  |
											|===(exit_mmap) =>|

# OOM
## Formal causes
dump_header()
show_mem
dump_tasks

# Porperties of memory space
Shared or private
Size

