# SLAB 
man slabinfo
[Status of the Linux Slab Allocators](https://www.socallinuxexpo.org/scale9x-media/scalemedia/scale/scale9x-media/simple_cfp/presentations/16_30-DavidRientjes-Status_of_the_Linux_Slab_Allocators.pdf)
[The Slab Allocator: An Object-Caching Kernel Memory Allocator](https://people.eecs.berkeley.edu/~kubitron/cs194-24/hand-outs/bonwick_slab.pdf)
[Text version](https://www.usenix.org/legacy/publications/library/proceedings/bos94/full_papers/bonwick.a)
https://mp.weixin.qq.com/s/ragFsK_AJivOGjR47tAhHw
https://events.static.linuxfound.org/images/stories/pdf/klf2012_kim.pdf
type: resource
[The slab allocator has three principle aims:](https://www.kernel.org/doc/gorman/html/understand/understand011.html)
[Re: When to use kmem_cache_alloc](https://lkml.org/lkml/2000/8/7/65)
shrink attr
/sys/kernel/slab/iint_cache/shrink
SLAB_ATTR(shrink);
array_cache.entry: cache hotness.
https://lwn.net/Kernel/Index/#Memory_management-Writeback
## Magazine layer
[Magazines and Vmem: Extending the Slab Allocator to Many CPUs and Arbitrary Resources](http://www.parrot.org/sites/www.parrot.org/files/vmem.pdf)
## l3->shared
[Improve inter-cpu object passing in slab 1/3](https://lwn.net/Articles/32674/)
[Improve inter-cpu object passing in slab 2/3](https://lwn.net/Articles/32675/)

## objsize vs size

slab size = PAGE_SIZE << gfporder		#SSIZE in kmem -S

## page->active
check get_slabinfo

# SLUB
[SLAUOB: Kernel memory allocator design and philosophy](https://www.youtube.com/watch?v=h0VMLXavx30)
[SLUB fastpath improvements and potential booster shots through bulk alloc and free](https://www.youtube.com/watch?v=s0lZzP1jOzI)
Documentation/vm/slub.txt
[SLUB: The unqueued slab allocator V6](https://lwn.net/Articles/229096/)
[The SLUB allocator](https://lwn.net/Articles/229984/)
SLUB core - 81819f0fc8285a2a5a921c019e3e3d7b6169d225
https://events.static.linuxfound.org/sites/events/files/slides/slaballocators.pdf
[linux内存源码分析 - SLUB分配器概述](https://www.cnblogs.com/tolimit/p/4654109.html)
http://www.wowotech.net/memory_management/247.html
Freeing a full slab will make it present in per cpu partial of node partial.
[Per cpu free list](https://lwn.net/Articles/454474/)
[slub: reap free slabs periodically](https://lore.kernel.org/patchwork/patch/687700/)
## Freelist vs Freelist
26:00
[关于page同时被多CPU使用](http://kouucocu.lofter.com/post/1cdb8c4b_50f6319)

## SLUB debug
[SLUB DEBUG原理](http://www.wowotech.net/memory_management/427.html)

# Debugging
slab_nomerge

DEBUG_SLAB_LEAK
[怎样诊断SLAB泄露问题](http://linuxperf.com/?p=148)
perf record -a -e kmem:kmalloc --filter "bytes_alloc==64"
