
欲望一定要具体, 要come to awareness, 要越來越清晰. 只要这样才能推进下去.
欲望一定要行为化. 行为才有能成为行动.

# Your Desires 
* 生活
  自己做饭吃. 周二.
  shopping 锅.

* Move to Japan 去日本生活。
日语。工作。
日语：
JLPT 4 months and 20 days, 140 days in total.
N5，100个汉字，800个单词。　
N4，300个汉字，1500个单词。　　
N3，600个汉字，3000个单词。　　
N2，1000个汉字，6000个单词。　　
N1，2000个汉字，10000个单词。　　
Day: 14, 71.

* Koi - Love
https://www.youtube.com/watch?v=jhOVibLEDhA

* Eyes
https://v2ex.com/t/526428

* Clothing
短裤

* Sitting posture: 如何保持正确坐姿?

* Manage my capacity

* Etiquette

* 健康身体, 健身, 美体
健康的运动计划
早上运动.

* 治疗皮肤。
cure skin infections: 被单清洗.
祛疤, treat scars
https://www.zhihu.com/question/20705238
https://zhuanlan.zhihu.com/p/19954813

* kernel upstream
review patches.

* Balance work and life.
How? Limit time for work to 8 hours
Use Pomodoro to records how much time has been spent on work. Usually it takes 16 Pomodoro records.

* 我要300万年薪
