 # Diet
健康饮食餐盘 (Chinese – Simplified): https://www.hsph.harvard.edu/nutritionsource/healthy-eating-plate/translations/chinese_simplified/
https://www.who.int/zh/news-room/fact-sheets/detail/healthy-diet
https://www.who.int/zh/campaigns/connecting-the-world-to-combat-coronavirus/healthyathome/healthyathome---healthy-diet
https://www.bbc.com/zhongwen/simp/science-55891974
## SGN
No: plastic lunch box, No junk food, processed meat
Quantify water: 2L per day 
Vegetarin/Vegen, protein, iron, zinc, B12, Low sugar, 纤维vegetables
## P
学习营养学, 健康方面知识
学习做饭
下厨房看一下, 之后买材料晚上做. 
腌菜, 酱之类的
## T

# 食物成分

# 早餐
2 eggs, 1 orianges, 1 apple, cucumbers, tomato.
not availabe: 4 jujubes

# Eating
饭后: squats for a few minutes
