# No list
Never use computer and smartphone on bed.
No: gamersky, ali213, bilibili, douban; replace them with kernel.

# Todo
fully ordered CAS in x86: https://bugzilla.suse.com/show_bug.cgi?id=1184207
xchg is also fully ordered

# Skin care
Completely heal this skin disease.
Last 2 weeks in Dec: fitness and shower.
100 pushes up
Hiit
Take a shower everyday.
Dec 28, go to hospital.

# 休息好
床上不玩手机. 手机不带上床.

# 日常状态手入れ套件
7:00 get up, brush teeth

# Girlfriend
我想你一定知道我心里的感觉.
a good woman.
I must be a worth man.

# Become a worth man
她的视角.
牙齿:
zh.wikihow.com/提升自己的形象

# 运动为健康生活
弯下腰
劈叉, 横劈叉
力量: 俯卧撑
腹部:?

# 技

# Move to Japan
Japan Job

# Japanese
I can speak well of Japanese and understand what they say and listen a program easily.

# Fiction

# 生活习惯的养成
Focus

# Life
Sleep: 22:00 Get up: 6:00
Fintness: 80:30

# Improve Kernel
Upstream review
Firo on improving kernel

