# 专 and 符合因果律流 and 20/80

# 距离之外
目标, 过程, 结果.

目标: 修正的过程. 不要一个看似圆满的但是不切实际的目标.
过程: 海德格尔的存在. 只有过程是在的. 目标必须还原成生活.
过程顺利: 事情完成.
出错: 人成长.受伤.
结果: 人无法控制结果; 两个结果.
人的结果: 害怕错, 但是不发现自己错, 又怎么成长呢? 修正的过程.

# 过程
精细, 细腻.慢慢的. 不要以为看似简单, 实际上有很多事要多. 世界是连续的.
养成习惯. 
过程不是预先plan, 而是先去做, 是行为的结果, 以及修正.

# 白天记录
每日所做之事有限, 计划不清, 但可以记录.

# 自我引到, 言行一致趋势.
语言对人有训化作用.
你必须意识到它. 你为什么去做意见事, 仅仅是因为你看到它了, 无它.
慢慢取出清除不想做的情绪, 用我想变得更好替代.
恶心

# 连续的世界, 慢慢地改变
近: 想做的事放近, 不想做的是坚决推远
增加契机, 各种各样的.一个きっかけ可能就是一种方法, 各种各样的尝试.

# 力所能及
後でタスクを0秒执行
不想做, 我做个简单的, 做个最简单的.
要形成习惯趋势, 从简单的开始. 越简单越好. 你会慢慢地自己就加难度.

# 意义控制符号，而不是反过来

# Watch list

# Focus

# 休息好.

# 想法加实例

# 现成知识 - 可用的知识
Youtube

# What is really necessary
对应该是什么样子有自己的想法.
剩下的用时间换.
80%都理解, 20%比较难理解.

## 彻底可错
不可能达到全部都掌握的地步. 也没必要.

# 归零, 就像arm的vipt的问题.

# 无效, 识别出无效
!: 用目标替换过程. 一个看似理想的目标替代了原由目标的过程.但是并没有提出新的过程.
假定一个不实际的 '前件条件' or '目标'.
推导不完整, 要不然没开头, 没结尾, 很多也没中间步骤.一定要考虑反例. 

潜意识寻找通用的, 统一的, 终极的方法. 
## 内心是空的所以没有结果效果.

## 逃避行为
为什么认为自己不行?有一部分被符号吓住了. 不能分开意义和能指的却别.
害怕错, 但是不发现自己错, 又怎么成长呢?
自己空荡荡, 放弃了自我. 高估了自己的能力, 觉得全都可以掌握.
对事物没有第一因认知. 不了解事物的真实样子.
目标抽象, 不具体. 随波逐流.

什么时候算是准备好?
