# Don't do
Never use computer and smartphone on bed.
No: gamersky, ali213, bilibili, douban; replace them with kernel.

# Health
## Skin care
G: Completely heal this skin disease.
P: 100 pushes up, Hiit, Take a shower everyday.
F:
### Back and belly skin
Treatment from Lvshun ski care
### Leg
Alpha skin care
### Foot
Terbinafine
Rhagadia repair
### Head and hair
?
### Face
## 休息好
床上不玩手机. 手机不带上床.
## Living habit
7:00 get up, brush teeth
Focus
## Fitness, 运动为健康生活
弯下腰
劈叉, 横劈叉
力量: 俯卧撑
腹部:?

# Living
## Move to Japan
Japan Job
## Income
Fiction

# Girlfriend and become a worth man
我想你一定知道我心里的感觉.
a good woman. I must be a worth man.
## Become a worth man
她的视角.
牙齿, zh.wikihow.com/提升自己的形象

# I
技: 托马斯回旋, 大风车
Japanese: I can speak well of Japanese and understand what they say and listen a program easily.

# Improve Kernel
Upstream review
Firo on improving kernel

# Optimization


