# 感觉, 认识
## 感性, 知性, 理性
## 感知有局限的.
*) 有些什么, 人不能感知. 意识需要要有意识的对象存在这个前提(现象学).
所以要细腻地察觉到问题,不轻易忽视. 
*) 彻底的可错. 
要真实, critical
*) 看不清, 复杂, 不能很好掌控
简单, 贴切, 直观
## 要限制理性
## 认识
意义是映射的, 不是构建出来的.

# 自己, 感觉, 处境, 世界, 因果律流
## 因果律的巨大力量. 因果律流. 
* 无论是否愿意接受与否, 好的与坏的, 自己和世界都将不断变化. 即便忽视, 因果律依然会生效. 这中强制性一旦条件达成.
* 识别出事物的因果律, 而不是人的自我感受, 人要顺从事物发展规律.
* 因果律实现的必要条件是时间. 所以要立即开始. 
* 不要轻易设立, 依赖关系. 必须要非常审慎地添加依赖关系.默认全部非依赖, 并行处理.
## 自己, 人, 生命, 存在, 因果律
可以识别因果律, 这让人变得非常特别.
识别, 选择使用因果律. 这就是人的特别的地方.
人往往是不能控制结果.
人是很难选择对的, 控制好因果律的. 往往伴随各种困难.
* 人要设立自己的因果律, 否则会被因果律的海浪推向不知何处. 因果律对人的侵蚀.
存在本身是不稳定的, 需要维护的.
## 世界 
世界是连续的, 也是关联的, 也以为着有些更紧密. 
世界是由无数因果律流组成, 生生不息.

# 规律, 世界
事情是由多个因素混杂相互影响决定.
未知

# 自己 
## 人就是各种各样的过程, 也是自己的未来.
海德格尔的存在. 只有过程是在的. 目标必须还原成生活.
## 看到自己的现状.
## 自我塑造, 自我暗示.
相信自己可以. 但心理预设是把双刃剑.
## 自我引到, 言行一致趋势. 语言对人有训化作用.
慢慢取出清除不想做的情绪, 用我想变得更好替代.
恶心
白天记录, 日记
## 作为人与人生的必备
人生的目标
## 情绪
迷惘, 失落, 消极; 这个时候需要理智, 理性的摸清方向. 另外, 感觉不到的地方, 也需要理性支持.
## 意志力
文字不能控制行动, 只能是行动的方向和材料.
## 人的能力, 直觉, 本能.
人只能作力所能及的事. 也包括勇气和智慧.
人每天所能做的事, 是有限的. 没有办法合理规划一天事情. 但可以记录.
## 人生的代价: clean(for health) and sex

# 人 
人的必备: 心, 身, 吃, 住, 穿, 健身运动, 劳作, 形象
人生的目标:
Find someone to love and to be loved.
财富自由, 至少工作自由.
## 心理, 生理

# 使用因果律
## 结果, 过程, 人
* 过程顺利: 事情完成. 出错: 人成长, 受伤; 害怕错, 但是不发现自己错, 又怎么成长呢? 修正的过程.

# Love
理念可以是纯精神的, 但人不是, 人是欲望和感受的结果.
喜欢可以很纯粹, 精神上的.
爱情需要付出, 尊重对方感受, 需要两情相悦.
那如何两情相悦呢? 首先, 人不是纯粹概念, 过度概念化,是对人的不尊重.
最起码,要能够让别人欣赏你. 要足够的优秀, 足够的好. 需要具体.
外表, 生活习惯, 金钱, 性格, 学识, 能力. 每个人都是有自己期盼的.
Let's call 爱情 Koi.
喜欢可以是一个人的事, 可爱情确实两个人的事. 爱情说到底是两个人一起生活, 如果对方不愿意呢? 爱情里没有对错, 爱情很美好, 也很残忍.
