# Health
Heal and Preventive healthcare

# Skin care(especially back skin), 皮肤护理
* Cleansing
Lab series multi-action face wash.One time per two days.
* Toning
Water, more water.
* Moisturizing
Kiehl‘s ultra facial cream!
* Exfoliants
For face, once a week.
## 现状
非常严重恶化了
https://www.zhihu.com/question/20705238
https://zhuanlan.zhihu.com/p/1995481

## 面部护肤美白
1) 不熬夜, 早睡,22:45准备入睡, 23:00睡. 20:00点, 准时锻炼. 2) 防晒. 3)早晚清洗. 4) 小白瓶(Jul 29 - now)

## 黑痘印
VC 往背部黑色痘印位置使用. 每天观察效果.(postpone)
运动, 见健身.

## 黑斑, 痣.
脑垂体睡眠是退黑素.
昼夜节制:
Circadian rhythm
【科普】熬夜如何改变你的脸？bilibili.com/video/BV12f4y1v7LJ

## 粉刺, 红包
衣服: 每天洗.
被褥: 新被单. 除螨虫.

# Remedies sinus

# Eye
v2ex.com/t/526428
## Visual acuity
Never play phone at bed

# Body weight

# 概日リズム

# Physical activity
Aerobic exercise
Workouts
Abdominal obesity, beer belly
Drink 'Flat Tummy' Lemon Water
[15 Minute Belly Fat Workout](https://www.youtube.com/watch?v=n7O3Zjk1EYg)
Sitting Disease: Sit 25 mins then get up and walk around for 5 mins

# Behavior
tomato: 25-min concentration/focus and 5-min releax
Sleep: 8.5 hours
Night clean: 0.5 hr
Morning clean: 0.5 hr
Breakfast: 0.5 hr
Lunch: 1 hr
Dinner: 0.5 hr
Available time: 24 - 11.5 = 12.5 hrs 
## Workday time
Commute: 2 hrs 
Work: 8 hrs 
Available time: 2.5 hrs = 5 tomatoes
## Rest day time
Available time: 12.5 hrs

# Clean
Clean room and ealthy environment
Clean body
Sleep 8.5 hours

