# 人的必备
心, 身, 吃, 住, 穿, 健身运动, 劳作, 形象

# 人生的目标
Find someone to love and to be loved.
Move to Japan
财富自由, 至少工作自由.

# Bad states
大脑处在高阀值的刺激状态
不踏实的语言: 语言克制

# Appearance

# 身形

# Eyes
medical surgey
# 待人, Etiquette
如何让人感到舒服. 真诚, 温和, 善意, 礼貌. 坦诚, 自然.  不知道怎么说, 显得扭捏做作. 真诚道歉

# 肌肤, 肤质
健康肌肤的新陈代谢周期一般认为是28-35天

如何辨别自己的肤质？ - 张卉的回答 - 知乎
https://www.zhihu.com/question/27229546/answer/177729240

鸡皮肤应该用什么沐浴露？ - 金晓玲的回答 - 知乎
https://www.zhihu.com/question/51970958/answer/1935260437

# 头皮, 头发, 发质

# 肌肤, skin

# Body
Body weight: 71.8 ~ 72.8

# Habits
* Clean and wash face: k1 face wash.
* 洗身体: Otto Hahn, 洗头: Otto Hahn(stop)
* Sitting posture 
* 饭后: 站15分钟 or squats for a few minutes

# Healthy state
健康的状态是什么样呢?
基础代谢率
BMI: 25
体脂率: 23%; 目标17%.
Visceral fat: 11 https://www.zhihu.com/question/57917132
内脏脂肪怎么减？ - 雷宗扬的回答 - 知乎
https://www.zhihu.com/question/57917132/answer/217573347
肌肉量
体水分率

Body measurements: bust 93, waist 92, hip 96.5
shoulder width: 45
arm length: 62


# Living habit

