# Desire and intention and Problems
Skin sick care: 1) go to hospital. 2) clean; 3) enough sports to sweeat.
Migrate to Japan: 1) N1. 2 Money.
Work from home:
Health, Beauty, Comfort
A woman or not

# Life states and behaviors
Shave off beard / 3days
Sitting 25 minutes then walking 5 minutes
## Fitness
Fitness

# Domicile in Japan
一个北漂的移民之路：我的生活需要一些改变丨看客: https://mp.weixin.qq.com/s/Ncf7TYwfC9WEuMTTonU1wQ
Permanent residency: 
[最短一年拿日本永住（绿卡）制度正式落地.](https://zhuanlan.zhihu.com/p/26596293) 
[分享一点关于日本移民及“高度专门职”签证的信息](https://ourcoders.com/thread/show/6782/)
N1

# Work from home

## Kernel upstream
Goal: review patches, create fixes, get known
Raw: review patches, at least 1 hour per day 
Work backwards: Get up to speed with upstream

# Kernel, Algorithm, leetcode
Upstream community, kernel: review upstream kernel patches.
CS
Algorithm, leetcode

# Personal finance
Morgage for real estate

# Output

# Practice English

# on subway 20:30 - 21:xx
## Reinvent kernel
## Reading
# 10:00 - 18:00
work better
# 18:00 - 20:30
## Reinvent kernel
upstream community
## The invisiable world
# 22:45
Sleep
# 12:00
show off
# 21:30 - 22:15
Fitness, physical training 
Interface
Reflection

# The desired state of life
Private space, house, estate.
Lyubischev
Sleep 11:00
Healthy and clean body
Clean room
Work interval.
Do fitness over work interval.

# Long-term behavior
Multitask
Push-up and deep squat
