# Diet
No plastic lunch box; No junk food; Go out for lunch
Quantify water: 2+ liter per day 
Vegetarin/Vegen
protein, iron, zinc, B12 
Low sugar, CH
100 grams/per week
No processed meat`
纤维vegetables
## current ?
170g 糖尿病
2 or 3 eggs, 1 -2 orianges, 1 apple, 4 jujubes
stopped: cucumbers, tomato.
一天几餐, 怎么样健康.
## 早餐

# Work and job and career
Work from home
Balance work and life
Career

# Incomes

# Personal finance, money
Morgage for real estate
我要300万年薪

# Fitness

#Clothing(no jeans)	Now(Future)
aesthetics
* 大方合体美感
* 扔掉不合适的衣服
Tank tops		2 Playboy										
Sweatshirts & Hoodies	1 Adidas(+1)
Boxer brief		2(+0)
T-shirt                 5(5)               
Dress shirt		3
Thermal underware	0(1)
Trousers		5											
Hoodies			1 adidas
Casual shorts           0(+2)               
Sweatpants		3 anta, adidas, A&F
Down jackets/coats	2 null/ Jack jones

#Shoes
Sneaker			2 Converse and Warrior
Skate shoes		0
Slippers                ?

#Accessories 
Scarf                   0
Mask                    1
Gloves                  0               
Beanie			1Whitebird

#Travel				
Luggage & Bag           Travalue bag            

#Accessory		Now(Future)
Phone			Pixel 5a
Laptop			Thinkpad T460S

# Dwelling
Bebop and Swordfish II
http://designforhealth.net/
Razor                   Schick quatto titanium and hydro
Chair                   Steelcase think chair
Mug                     1               2   
cotton-padded mattress/mattress pad
## Domicile in Japan
一个北漂的移民之路：我的生活需要一些改变丨看客: https://mp.weixin.qq.com/s/Ncf7TYwfC9WEuMTTonU1wQ
Permanent residency: 
[最短一年拿日本永住（绿卡）制度正式落地.](https://zhuanlan.zhihu.com/p/26596293) 
[分享一点关于日本移民及“高度专门职”签证的信息](https://ourcoders.com/thread/show/6782/)
