# Health: Heal and Preventive healthcare
https://www.webmd.com/living-healthy
http://designforhealth.net/

## Heal back and belly skin
C: 非常严重恶化了 
G: Completely heal this skin disease
P: Go to hospital
明天去问下医生, 是否可以拆线, 风险有多大.
## Leg
Alpha skin care
## Foot
Terbinafine
Rhagadia repair
## Hair
## Face, 面部护肤美白
P: 早上洗脸, 晚上睡前洗脸. 
## Skin care tips 皮肤护理
*) 不熬夜, 早睡,22:45准备入睡 *)准时锻炼. 2) 防晒. 3)早晚清洗. 4) 小白瓶(Jul 29 - now)
床上不玩手机. 手机不带上床. 
https://www.zhihu.com/question/20705238
https://zhuanlan.zhihu.com/p/1995481
健康肌肤的新陈代谢周期一般认为是28-35天
如何辨别自己的肤质？ - 张卉的回答 - 知乎
https://www.zhihu.com/question/27229546/answer/177729240
鸡皮肤应该用什么沐浴露？ - 金晓玲的回答 - 知乎
https://www.zhihu.com/question/51970958/answer/1935260437
### 黑痘印
VC 往背部黑色痘印位置使用. 每天观察效果.(postpone)
运动, 见健身.
### 黑斑, 痣.
脑垂体睡眠是退黑素.
昼夜节律: Circadian rhythm: 【科普】熬夜如何改变你的脸？bilibili.com/video/BV12f4y1v7LJ
### 粉刺, 红包
衣服: 每天洗.
被褥: 新被单. 除螨虫.

## Remedies sinus

## Eye
v2ex.com/t/526428
### Visual acuity
Never play phone at bed

# Physical/medical/body condition 
Body weight: 71.8 ~ 72.8
Skin: Sick
头皮: sick
头发, 发质: 太细了, 而且头发稀疏
Body measurements: bust 93, waist 92, hip 96.5
shoulder width: 45
arm length: 62
Eyes: medical surgey
## Bad states
大脑处在高阀值的刺激状态
不踏实的语言: 语言克制
## Healthy state
健康的状态是什么样呢? 
基础代谢率
BMI: 25
体脂率: 23%; 目标17%.
Visceral fat: 11 https://www.zhihu.com/question/57917132
内脏脂肪怎么减？ - 雷宗扬的回答 - 知乎
https://www.zhihu.com/question/57917132/answer/217573347
肌肉量
体水分率
## 身形, 身体构成

# Fitness
## 减脂, 腹部减脂
Body fat: high 23.4, currenty 22.4, goal 17.4: 1% costs 2kg and two weeks.
Jul 31 - Aug 30: Hiit and jogging everyday
## 力量训练: 
手臂, 胸, 腹部, 后背, 肩膀, 大腿. 
每个健身者都应该知道——部位肌肉的功能以及锻炼方法 - 劍雲的文章 - 知乎: https://zhuanlan.zhihu.com/p/60300592
3 组, 每组10个 or 力竭. 卷腹15个，侧卷腹每边15个，平卧抬腿15个，plank30秒，休息15秒，算作一组
俯卧撑,深蹲
## 心肺锻炼
跑步, 出汗加快新陈代谢: 
每日19:45 出去跑步, 18:00要吃晚饭, 16:45 开始买菜做饭. 
## 柔韧性
拉伸
## 协调
zunba
## Tips
注意避开酸痛的部位，可以每天针对不同部位进行锻炼。
健身之后肌肉酸痛还要继续练吗？ - NAA夏的回答 - 知乎
https://www.zhihu.com/question/23477056/answer/271915441
Pomodoro-5: 工作间隙, 碎片时间, 刻意练习, 拉伸运动

# House and dwelling environment
## Domicile in Japan
一个北漂的移民之路：我的生活需要一些改变丨看客: https://mp.weixin.qq.com/s/Ncf7TYwfC9WEuMTTonU1wQ
Permanent residency: 
[最短一年拿日本永住（绿卡）制度正式落地.](https://zhuanlan.zhihu.com/p/26596293) 
[分享一点关于日本移民及“高度专门职”签证的信息](https://ourcoders.com/thread/show/6782/)

# Clothing and Accessories and Luggage
## Shoes

# Sleep
概日リズム
T: 22:30
Time for sleep: 8.5 hours
cotton-padded mattress/mattress pad 

# Sitting
Sitting and moving: Pomodoro
Chair: Steelcase think chair
Sitting posture: 如何保持正确坐姿?: https://www.nhs.uk/live-well/exercise/common-posture-mistakes-and-fixes/

# Clean and maintain
Room and body. Internal cleanse: Sleep 8.5 hours
## Razor: Schick quatto titanium and hydro
## Body
Nail: foot and hand nails, 每周六晚洗完澡后
Hair: water wash eveyday
Body: take a shower everyday
Foot:
Face: Morning and night(?)

# Sex

# Diet
https://www.who.int/zh/news-room/fact-sheets/detail/healthy-diet
https://www.who.int/zh/campaigns/connecting-the-world-to-combat-coronavirus/healthyathome/healthyathome---healthy-diet
https://www.bbc.com/zhongwen/simp/science-55891974
## SGN
No: plastic lunch box, No junk food, processed meat
Quantify water: 2L per day 
Vegetarin/Vegen, protein, iron, zinc, B12, Low sugar, 纤维vegetables
## P
学习营养学, 健康方面知识
学习做饭
## T

## 早餐
2 eggs, 1 orianges, 1 apple, cucumbers, tomato.
not availabe: 4 jujubes

# Eating
饭后: squats for a few minutes
