# Worth doing, want to do
Health, Incomes, 女朋友, Living and 未知的事情
## Not worth doing 
## 建立新的社交
## Improve efficiency, optimization
时间是宝贵的.
## What is worth doing? And not.
一件事是否值得做? 一上来就值得做吗? 做事都是有代价的. 那代价是什么? 很显然, 必然最主要的是时间(生命).
世上这么多事, 每件都值得吗? 并不是. 看来还是要看结果的. 
如果代价太大了, 结果还值吗? 价值是代价和结果的衡量, trade-off.如果投入, 没有结果呢? 如果理解patch的慢的话, 哪里有时间发表自己的意见? 

# Not worth doing; don't do.
Avoid distraction
Never use computer and smartphone on bed.
No: gamersky, ali213, bilibili, douban; replace them with kernel

# Improve efficiency, optimization
减少时间损耗

# Living
## Move to Japan

# Incomes, personal finance, money
财富自由, 至少工作自由.
Morgage for real estate and 我要300万年薪
## Work and job and career
Work from home
Balance work and life
Career
## Improve Kernel
Upstream review
Firo on improving kernel
## Fiction?

# 悸动
技: 托马斯回旋, 大风车
Japanese: I can speak well of Japanese and understand what they say and listen a program easily.

# Girlfriend
## I must become a worth man
## 她的视角
形象

# Appearance, 形象
牙齿- G:healthy and white. P: brush teeth twice day and night
zh.wikihow.com/提升自己的形象
腹部: 减掉

# 精神, 情绪

# 待人处事, 待人接物, Etiquette
如何让人感到舒服. 真诚, 温和, 善意, 礼貌. 坦诚, 自然.  不知道怎么说, 显得扭捏做作. 真诚道歉
