# 做什么
* Problems, goals, and desires, etc come into sight.
必须意识到它.
worth, first principle, 她者视角, Watch list
* The unexamined life is not worth living.  --Socrates
默认所有的事情, 都是未检视的. 需要审视其中的问题, 不舒服的地方, 设想预期的理想状态.
不要以为看似简单, 实际上有很多事要多. 世界是连续的.

# 怎么做, 选择
简单说来, 就是人选择运用使用规律.
## 人的目标应该是顺着事情的规律. 想契合.顺着因果律流. 
看似相反的过程, 效果反倒更好, 因为行为与因果律流是匹配的. 比如付出智力, 收获更多, 反倒的得到的多, 留下来的更少. 
不要一个直接的成为结果的可用"过程", 要知道这个过程的由来.
无论对过去做出怎样的努力, 世界是围绕这最新的世界转的. 如果过去足够好, 你不需要东. 如果过去不好, 那就是现在.还是需要面对现在. 
以现在为中心, 建立个圆, 面向未来, 有需要的看看过去.
## 三策
## 自己的什么问题会阻碍,不好地影响自己选择规律
### 逃避 - 心理问题
拒绝可变的世界. 希望终极.
为什么认为自己不行?有一部分被符号吓住了. 不能分开意义和能指的却别.
害怕错, 但是不发现自己错, 又怎么成长呢?
自己空荡荡, 放弃了自我. 高估了自己的能力, 觉得全都可以掌握.
对事物没有第一因认知. 不了解事物的真实样子.
目标抽象, 不具体. 随波逐流.
什么时候算是准备好?
### 彻底可错 - 认知能力问题
认识中总会有错误.
### 主观
一味追求数量, 你知道太多不属于你的知识和信息

# 怎么做, 运用使用规律
## What is really necessary?
20%比较难. 剩下的用时间换
## 找出苦难, 阻碍的地方
## 可视, 可观测, 可感知, 有反馈.
## Just in time
## 不做
## 捨てる
很有必要, 因为出发点就是个错误的假设.
## 循环迭代变化. oracle machine
## 推动力, drive, 力量
力所能及, 触手可及, 离自己近的事.
限制理性使用.
我发现, 一种推动力是当你知道这个事情怎么做的有用.


# Efficiency
减少依赖关系.
意义领会了, 不深究无用历史.
Carry out multiple goals parallelly
Focus and 休息好
现成知识 - 可用的知识, Yotube
## 无效, 识别出无效
!: 用目标替换过程. 一个看似理想的目标替代了原由目标的过程.但是并没有提出新的过程.
假定一个不实际的 '前件条件' or '目标'.
推导不完整, 要不然没开头, 没结尾, 很多也没中间步骤.一定要考虑反例.
潜意识寻找通用的, 统一的, 终极的方法.
### distraction

# 如何变得厉害
专 and 符合因果律流 and 20/80

# Optimization
hotpath

# Popper
20/80 or 微内核, 有限状态机, 信心和胆识
Popper这个工具, 是把事物以特定的topic为中心, 进行理解, 并不是从另外一个终极的 统一的视角看他.
Popper把目标控制在有限的个数范围, 

# Language learning
shortcuts, 形成直接含义映射, 减少逻辑推导.
重复

表达句式
http://www.learnerhall.org/2013/04/it-pays-to-v-worth-worthy-of-worthwhile.html
以下四種句型都可傳達「值得」的意思：
「做…是值得的」：It pays ( paid ) to 動詞原形
「做…是值得的」：It is (was) worthwhile + to 動詞原形 / Ving 
「值得 / 價值…」：be worth + N / Ving / 數字 
「值得 …」：be worthy of + N，當中of 為介係詞，故後方需搭配名詞。 
## 不要记忆词汇, 而是背后的vision

# Learning
概念+事例
知识(理解): 形成形象的认识(物,模型)在脑子里.
技能: 形成映射,反射 在身体上.

# 理解
意义是映射的, 不是构建出来的. 构造语义是有缺陷的. 映射是直接的, 而构造是现实的.
## 自顶向下: 意义控制符号，而不是反过来 通过符号猜意义, and we don't need details. 这样你一直在意义的控制中.
只看commit description, 不看代码!
## 第一因 first principle, 一定要理解到根上, 根是什么?
## 20/80法则
## 概念+事例
## 问题意识: what why how, 开卷考试: https://zhuanlan.zhihu.com/p/151657336
## 对象: 1-3, 3-1, 3-3
过程: 正向过程, 与反过来的过程.
## 不要被符号拦住, 杀出去, 找到含义.
## 看不懂这个表述就换一个, 可能因为知识储备不足, 也可靠是对方表达不清楚有误.
## 也可能, 有的点没get到
看到一个点不理解, 很大程度是因为看的不全. 要整体概览. 看看都涉及了哪些.
## 直观, 模型
## 理解kernel patch
## 理解的基本事实
从结果看, 我是最终理解的.
如何加快理解呢? 快速，准确的
## 过程
https://zhuanlan.zhihu.com/p/266789172
express: 表达能力与知识诅咒
understand: 背景知识与提炼能力
确定主题
剔除掉信息冗余部分，只盯住关键信息
梳理信息关键词之间的逻辑关系（串联起逻辑）
陌生概念转熟悉概念

# Divide
先分给谁. 时间上? priority
要多少, dynamic, as many as possible?
分多少. 均分, divide on request, throttle

# 世界认识
20%, 80%法则
知识, 思想的世界战场, 赢家通吃, 谎言需要现实世界的巨大成本来维持.

# 事情分类
力所能及, zero妙处理.
距离之外的事, 设立目标, 不断的一点点靠近.

# Book on learning methods
夢をかなえるゾウ:https://www.youtube.com/watch?v=ZANPm_ixBBU
後回しにしない技術: https://www.youtube.com/watch?v=eup-nod1L0U # Also on 过程.
断墨寻径: https://space.bilibili.com/344849038/channel/collectiondetail?sid=35378   #想法加实例

# 表达, express
目标结果与过程, 有些时候可以相互转换, 比如, 不方便列出全部目标, 用过程就很好.

# Watch list
