# Tue Jan 11 07:12:18 PM CST 2022
Start lyubishchev for 2022.
Today, 
1) I went to Lvshun skin hospital for skin treatment
2) start reviewing upstream patches.

# Mon Jan 17 10:43:55 AM CST 2022
Apply treatment on heel, belly, leg skin 
## 大连皮肤病医院
周克伟, 李明鑫  ,刘新国  
王玲 副主任医师
出诊地点：大连市皮肤病医院皮肤科
擅长领域：擅长各种皮肤科常见病、多发病以及疑难皮肤病的诊断及治疗，现主要从事真菌性疾病，如甲癣、手足癣、股癣、花斑糠疹、孢子丝菌病等疾病的诊治，尤其擅长治疗甲癣，能够根据每位患者的病情制定出个性化治疗方案包括外用药物治疗、内服药物治疗、甲清激光治疗或联合治疗等

今天挂号了, 明天去.
# Tue Jan 18 04:55:44 PM CST 2022
今天去了 大连市皮肤病医院皮肤科, 周克伟和杨军说是皮炎, 不是玫瑰糠疹. 开了内服和外用的药, 周克伟说一个月应该能好吧.
治疗第一天, 涂了外用的, 吃了药.

# Wed Jan 19 09:30:13 PM CST 2022
今天继续用药. 第二天.

# Thu Jan 20 11:17:30 AM CST 2022
用药第三天, 看上去并没有改善. 也许, 需要几天吧.
脚部: 治疗从1月16号开始今天第四天.

# Sat Jan 22 01:43:21 PM CST 2022
用药第五天, 没见到好转迹象.
脚步: 第6天.
今天修好了, 笔记本的扬声器, 用502胶粘了破损的塑料部分. 另外, 也修好了笔记本耳机孔, 原来是金属片接触不牢, 按了下好了.

# Mon Jan 24 03:28:14 PM CST 2022
湿疹治疗第七天, 没有见到明确的好转迹象, 激素使用也到7天了, 明天开始应该停用激素了.
脚步治疗昨天已经停止.
明天去医院, 看看医生怎么说.

# Wed Jan 26 09:55:17 AM CST 2022
昨天去了医院, 这个病好像不太好处理, 从肚子上割了块小拇指大小的皮肤, 做病理活检了.
昨天开始停药. 因为活检的伤口不能接触水. 

# Sat Jan 29 04:55:08 PM CST 2022
今天去换药了, 第5天, 应该十天就差不多了.

肚子皮肤颜色好像变浅了一点, 但是更加褶皱, 光亮了, 而且羊皮纸一样更明显了, 之前的皮肤细腻一些, 现在褶皱变大了.

# Sun Jan 30 06:21:17 PM CST 2022
年前最后一天工作日.

