


# Thu Jun 10 11:41:45 AM CST 2021
Listen music
Chat
Skin
	* treat skin with banana
Balance life
L3 incidents
	* xen-syms support for crash-setup
	* Bug 1187142 - L3: zypper migration from SLES12-SP4 to SLES12-SP5 leaves 18 Samba related *-32bit packages to be updated
Check emails
L3 scripts
===
L3 incidents
	* Bug 1187142 - L3: zypper migration from SLES12-SP4 to SLES12-SP5 leaves 18 Samba related *-32bit packages to be updated
	start reporucing.

L3 scripts
	* xen-syms support for crash-setup
	Thu Jun 10 12:31:15 PM CST 2021
	Thu Jun 10 03:00:58 PM CST 2021
fyang@l3mule:~/s/1186816/SFSC00286323/ltxendb120$ /space/firo/repo/l3dev/l3scripts/crash-setup/crash-setup -X -d ltxendb120_vmcore 
chmod: changing permissions of 'ltxendb120_vmcore': Operation not permitted
arch: x86_64
kernel version: 4.12.14-122.63.1.21744.1.PTF.1180846
flavour: default
Xen version: 4.12.4_06-3.36
package type: PTF
PTF project number: 21744
PTF sequence number: 1
target: /var/cache/crash-setup/ptf/x86_64/21744.1-default
omitting non-existing '/mounts/dist/ibs/SUSE/Updates/SLE-SERVER/12-SP5-LTSS/x86_64/update/x86_64' (std)
omitting non-existing '/mounts/dist/ibs/SUSE/Updates/SLE-SERVER/12-SP5-LTSS/x86_64/update_debug/x86_64' (dbg)
===
RPM including xen-syms for Xen hypersior 4.12.4_06-3.36:
/mounts/dist/ibs/SUSE/Updates/SLE-SERVER/12-SP5/x86_64/update/x86_64/xen-4.12.4_06-3.36.1.x86_64.rpm
===
	* game website
	Thu Jun 10 03:20:32 PM CST 2021
	Thu Jun 10 03:51:16 PM CST 2021
	* L3 incidents
	Thu Jun 10 03:51:40 PM CST 2021



