#From the nihilism.
还原生命的本真. 
追寻自由，独立的意志
反抗剥削，压迫，奴役
反抗与逃离那些不被注意，却无处不在，弥漫在这个个社会上潜移默化地，悄无声息的使人变得畸形，制约个人自由的生长， 噤若寒蝉， 放弃生命本身自然的约束
## Health strong body
[Work 25 minutes and get up and leave from screen 5 minutes][1] [久坐致命，锻炼无益？][2]
Diet: Drink a lot of water;No plastic lunch box; No junk food; Go out for lunch
Eye: Never play phone at bed
Workouts: 21:45 Physical exercises 30 ~ 45 minutes.
Sleep: 22:30 Sleep about 9 hours.Remedies sinus;07:00 Getting up.
Clean: Daily errands, chores;22:00 Wash face & Have a shower.
Liveable City: H1B, Job offer, English
Skin: 

## Good philosophical minds
Watch only documentary, health, the real thing.

## Expolition, slavery
1. 经济作为现实中对人, 影响最大的因素, 我不能视而不见. 我在中国生活29年, 我所经历的苦难告诉我离开这里, 去一个富足文明的国家生活吧. 
2. 精神上的无形的压迫压迫. 

## Exodus
Forigin rich and free country: US
Fluent English: Word workout, Link words
Professional in working: Kernel patches, Kernel knowledge, Python, C

# Do it right now
Buy clothes
Quantify water
Partitioin CS and kernel by question
Get US cashes

[1]: https://lifehacker.com/the-desk-jockeys-schedule-to-healthy-living-behind-a-d-516248751
[2]: https://www.guokr.com/article/437246/
