
# Neuroncircuit and 活知识
放弃依靠别人自己来, 铺自己大脑内的思路: 探路, 铺路, 只有用了, 路才能出来, 大脑里的路.
你必须首先在心理上把自己放在跟本领域的权威平起平坐的地位，才能有效地对他们的想法做出判断和消化。
	Wangyin: 这就是垠神获取活知识的秘密。活知识必须靠自己创造出来，要经过许许多多的失败。如果没有经过失败，是不可能得到活知识的。

Loop: 反复推敲,反复实验,反复咀嚼各种思路,精细思考, 这样行不行, 那样行不行: 这就是铺路. 越基础的问题, 越要反复思考.
	艾宾浩斯: 2 小时，12小时， 2天， 7天，15天，一个月， 三个
	Practice makes permanent:大浪淘沙

珍贵的宝贵的错误: 失败的思路, 错误的经验是路的边界, 知道哪个方向, 是死路, 走不同. 这就相当于探路.
	错误的经验也是一种连接.
&
简洁有力有始终: 类似之前的high level control
	有力: 务实: 转换成具体的指令, 生活. 不是空口号, 不纸上谈兵.

tots and craftsmanship

# 思考角度
思考角度: 过程和状态, 进行和结束, continuation状态 and end状态
思考角度: god-mindset vs startup mindset
思考角度: 成果式 vs 计划式

# 语言, 故事


# 精神, 情绪
干劲: 
        0. 自创
        1. 必须具体, 必须形象分配时间, 分配到天, 分配小时, 分. 2. 每个步骤都要清晰. 3. 形成反馈. 3.1 现实真实的反馈. 3.2 甘特图, 统计反馈.   
        4 要自我的切身成长的感受, 自我独到的见解，充实自我提升，获得洞见，5. 只要坚持慢慢就会变好
心动

# 实
结果检查, 结果记录

通过向不懂的人解释这个问题，他经常意外的发现问题的答案
懂得活知识的人，却知道每一个初级甚至傻问题的价值。世界上最重大的发现，往往产生于对非常基础的问题的思考，比如“时间是什么？”

# 外界
怀疑外界: 即便求助外界, 也要怀疑外界. wangyin 例子: 你手上的书的作者，也许自己没把这问题研究很透。


