This world is plastic.

# 旧回路
## 人是被数千年上万年历史塑造的.
## 所有的原因
过去的一切塑造了现在的一切
过去发生的没一件事, 接下来发生什么?
生活每时每刻都在塑造一个人. 就是生活本身. 身在谜中不知谜. 很多事要追寻到过去的经历当中.

# 塑造
## 思维划定界限形状, 行动填充内容
没干过的事就是没内容，需要不断干才有体会, 执意思考就是追求不存在的东西, 越想陷得越深.
### 思维
god-mindset
startup mindset
high in spirit!
### 行动力
向往与恶心不是相同的力量
#### 无力
时间刻度变粗, 过度思考
想法并不是理所应当就能驱动行动, 很多时候驱动不了.
#### 全都可以, 无阻力
### 作茧自缚, 自筑高墙, 编制迷幻
完美规避内容
笔记 外部记忆存储装置 事无巨细 尽数记录
自己成为观察者, 距离产生.
### 方法清晰, 但不一定有效, 有些时候, 就是不清楚, 但去做就有成果.
## 创造 vs input vs 支配
不是理解是创造 谁都能理解.创造要考虑现实的。
input is dangerous. 无力化, 无行动力
## 模板, 套路
## 塑造度
没尽力
## 回路加强
## 接下来发生什么

# 人的塑造
人的因果律.
## 塑造世界就是塑造你自己. 内在脑回路的塑造. 完美契合.
自我塑造提升, 内核优化提高.
## 自我塑造. 看不见的自己的能力才是重点, 而不是能看得见, 记到笔记本的, 新回路. 
## high level, 故事, 经历.
## Piaget constructivism
Embodied, assembly and accommodate
https://www.youtube.com/watch?v=BQ4VSRg4e8w 

## 接触感觉 替代思考
## Reset
## Clear thinking
用过程来分类事物
patterns来理解事物: [Root, L, R, LL, LR, RL, RR, LLL, LLR, ...]

# 新回路
不就是创造吗
新回路需要不断心理暗示, 不断驯服, 成型.

# 目标,过程, deadline, loop invarian and progress.
支配式的deliberate practice
输入式的无脑盲做?
## Progress
每个时间变成一个完成的事, 而不是空想. 减少空想, 就是人生赢家.

# Feedback, deadline, progress

# Distractions
明确自己想要的生活，会对生活、工作、人际关系做减法后，才会拥有时间上的自由。
网络戒断

# procrastinator
deadline: Inside the mind of a master procrastinator :https://www.bilibili.com/video/BV1AJ411g75J

# Paranoid on unrealistic things
抽象上来, or 等价关系形式

# limitation, drawback
计划可以指明方向, 也可以误入歧途, 也可以困住人于无形而不自知. Dont' commit to a plan, evolve your plans as sitiuations change
不要忽视那些不明显但是困扰着你的事, 他们是应该解决的. 每个不顺的事都是个问题, 不应忽视它们.

# 障碍
普通平凡的生活日常 vs 远大理想好高骛远
psychological reality vs existential reality
语言思想vs 行动: 语言思想就是麻醉药, 安慰剂, 多了的话, 会让人沉迷, 要还原到生活, 
旁观 与 创造
意识不到人的智力是有限的.
descriptive vs prescriptive

# 不能承受的生命之轻 vs 生命不能承受的轻
轻是什么, 无压力. 无责任. 轻松的日常.慢性无感的虽轻但却是剧毒.
不能承受的生命之轻: 确实人与人之间责任的约束.
生命不能承受的轻: 精神欺骗. 自我麻醉.没有肉体苦痛, 但通向生命精神的陨落. 谎言从内部瓦解了一个人.
## book
最沉重的负担压迫着我们，让我们屈服于它，把我们压到地上。但在历代的爱情诗中，女人总渴望承受一个男性身体的重量。于是，最沉重的负担同时也成了最强盛的生命力的影像。负担越重，我们的生命越贴近大地，它就越真切实在。
相反，当负担完全缺失，yi ge ren人就会变得比空气还轻，就会飘起来，就会远离大地和地上的生命，人也就只是一个半真的存在，其运动也会变得自由而没有意义。

# oracle machine problem
join in the real problem activity.
Read the articles written by luminaries.

# Power
## 力量的现实来源-每天进步一点点
日常: 真正的力量来自那些稀松平常的别人看不上的每天的日常生活. 已经拥有了力量, 却还没意识到, 用已经有的去寻找已经有的. 
一定要自己去做, 切勿贪图省事看了别人的内容, 就感觉自己会了: 真正的力量来自身体力行事必躬亲的创造而非轻松理解别人的创造的结果.
ground, gravity: 常识, 现实,要务实 脚踏实地,言之有物, 不搞虚的, 具体的行动, 吃苦出力. 不搞加大空, 实际行动.
##  力量原则
Do it for yourself 塑造自我: 一定要自己去做, 切勿贪图省事, 
Piaget constructivism and embody, learn by doing
High level Control: hierarchical thinking and do one thing do it well
## 具体方法
猜想假设,创造, 验证.
从行动和状态两个角度, 思考.
目标只是空壳方向, 没有驱动力, 力量.
## 力量形成效果
模糊模式, 经过很多次的行动认识, 在脑海中形成的对某个事物的直观上的认识. 形成了直观的力量, 不需要通过分析规则.
工具化可用的过程知识
## 驱动力可能没有了
1) 沉迷虚望, 沉迷于不能承受之轻, 无法自拔.浪费了光阴.
2) 动力来自压力, 推力,吸引力, 处在生命之轻的状态. 

# 日常
仪式感
习惯: 每个人都有日常习惯，无论多么小的习惯，都可以给自己的生活带来一种秩序感和控制感

# Embodied
Every cell in your body is doing more than your intellect. Every one can learn to access this intelligence.

# Emotion
不敢做: 不要思考代价结果!
做了别的事, 分散了经历: 近小: 不要沉迷小的自以为不严重的虚度上瘾的行为.
做了该做的事, 但是不切实际: 不去想那些抽象的, 帮自己限制在地面. 不要被渴求虚无不切实际的事情迷惑, 不能自拔.
不思考代价, ground, 拒绝浪费时间.

避免刻奇: 
要open: 兼收并蓄,不能觉得心理不能接受, 就错过或不要好的东西. 死要面子活受罪的心理.
不要贪图省事的是心理.
不要怕麻烦, 眼睛会了, 不代表手会了.

Don't let your passions posion you.

无力思想安慰麻痹症: 看别人被铁拳, 心理暗爽. 逃避情绪, 先要意识到情绪.

安慰剂, 减缓恐惧, 会让人沉迷.
麻痹自己
逃避自己应该做的事
舒适的糖罐

# 看不见的障碍
就是自己啊 自己的思想就是那层屏障，大脑比我们自己聪明

# Error detection, 纠错机制
easy to be wrong
自己的设想的行事的上限达不到实际的事情下限. 严重脱轨.
忽视发生的每一件事. 自己的是空想.
自己做的事和现实世界发生的事情相去甚远.
## 语言的迷惑性
