
一定要有计划, 否则迷失
并行多个目标一起推进, 不允许像之前学日语语法那样什么都不顾了.
Pop, 动态的去面对事情 popper

Targets
1. 日语
Jan 4 ~ Jan 30: 25 days
1.0 时间花在有用的地方
	1.0.1 不能乱用时间, 必须花在有用的地方, 要有针对性
		不看tanaka youtube 大学
		要看计算机相关的.
	1.0.2 
	自己表达, 一定要自己想着怎么说, 不要机械性地看. 那样看一百遍也没用.
	1.0.3
	每天都练, 坚持.
	1.0.4
	每天hellotalk day-x 坚持

1.1 计算机日语
	Redhat doc
	Youtube C unix linux shell
1.2 口语
	hanasou 1 & 2
	hanasou 1: 20 pages per day. One round per 3 day
	hanasou 2: 15 pages per day. One round per 5 day


1.3 面试日语

1.4 daliy list
	日语特殊五段动词
	几月, 几号
	星期几
	几点
	哪年

2. 找日本工作
2.1 日语简历
2.2 刷题
	




5. 不要看知乎民族主义内容, 无用情绪化的信息, 浪费时间生命, 推迟进度.
6. 早睡, 早期, 建立期望的生活.
7. 坐的习惯Pomodoro
8. 早饭10:00 吃 晚饭
9. Leetcode
10. Tidy up and clean
11. 健身& 洗澡 & 刷牙
Dec 28
12. 皮肤护理

# 01 23
 
1. 8 3;30
1.10 2;40
1.23 6: 50

