
[  771.010000] befor push 0 16777215
[  771.010000] out chan 0
[  771.010000] chan ok0
[  771.020000] qosmark0 0
[  771.020000] befor push 0 16777215
[  771.020000] out chan 0
[  771.020000] chan ok0
[  771.030000] qosmark0 0
[  771.030000] befor push 0 16777215
[  771.030000] out chan 0
[  771.040000] chan ok0
[  771.040000] qosmark0 0
[  771.040000] befor push 0 16777215
[  771.050000] out chan 0
[  771.050000] chan ok0
[  771.050000] qosmark0 0
[  771.060000] befor push 0 16777215
[  771.060000] out chan 0
[  771.060000] chan ok0
[  771.060000] qosmark0 0
[  771.070000] befor push 0 16777215
[  771.070000] out chan 0
[  771.070000] chan ok0
[  771.070000] qosmark0 0
[  771.080000] ct 132, 132, 0, 33
[  771.080000] befor push 0 132
[  771.080000] out chan 0
[  771.090000] chan ok0
[  771.090000] qosmark0 0
[  771.090000] ct 132, 132, 0, 33
[  771.100000] befor push 0 132
[  771.100000] out chan 0
[  771.100000] chan ok0
[  771.100000] qosmark0 0
[  771.110000] ct 132, 132, 0, 33
[  771.110000] befor push 0 132
[  771.110000] out chan 0
[  771.110000] chan ok0
[  771.120000] qosmark0 0
[  771.120000] befor push 0 16777215
[  771.130000] out chan 0
[  771.130000] chan ok0
[  771.130000] qosmark0 0
[  771.130000] befor push 0 16777215
[  771.140000] out chan 0
[  771.140000] chan ok0
[  771.140000] qosmark0 0
[  771.180000] ct 132, 132, 0, 33
[  771.190000] befor push 0 132
[  771.190000] out chan 0
[  771.190000] chan ok0
[  771.190000] qosmark0 0
[  771.200000] ct 132, 132, 0, 33
[  771.200000] befor push 0 132
[  771.200000] out chan 0
[  771.200000] chan ok0
[  771.210000] qosmark0 0
[  771.270000] befor push 0 16777215
[  771.280000] out chan 0
[  771.280000] chan ok0
[  771.280000] qosmark0 0
[  771.290000] befor push 0 16777215
[  771.290000] out chan 0


