Porblems driving life.

# 什么是有价值的问题
?
实际问题
懂得活知识的人，却知道每一个初级甚至傻问题的价值。世界上最重大的发现，往往产生于对非常基础的问题的思考，比如“时间是什么？”

# 待解决的当下问题
* 长期的观察者思维造成的思维定势, 这个问题最严重.
	要变成创造者模式, 可能经常遇到Neurondiscomfort.
* Neurondiscomfort
	要有意识的客服.
* 什么应该做, 什么不应该做?
这个世界, 可以变成各种各样, 也可以通过各种各样的认识去认识他. 这是个繁杂的世界. 所以并不是所有事, 都值得去做的.
现阶段, 实际的问题值得做, 有用的工作值得做. 内部原理不值得. 告诫自己原理无用知识的诱惑.
还有很多事, 要经常反思.

# 现在紧迫的问题
* 去日本

# 长期需要注意的问题
Emotion 情绪问题, 比如 Neurondiscomfort
Oracle machine 问题

# 为什么要靠自己来思考, 来做才有效
因为大脑很神奇, 越用越多; 
直接看别人的, 往里灌不好用, 只增加了记忆负担, 因为你这个东西它是孤悬, 没连接的, 时间久了, 就被冲刷掉了.
如果不用, 大脑反倒会退化, 看看陕北二后生节目里面的老人.

# 人脑该思考什么有效?
要成为天才，你必须使用直觉（或者图形），而不是符号（或者文字）进行思考。
这是很显然的事情，因为人脑根本不是用符号进行思考的。

# 如何能有效成长学习研究, 积累下有用的东西, 时间不浪费
* 思维转到创造者模式, 解决实际问题. 克制对内部原理的渴望. 
	思考, 创造的对象, 自己的精力应该投入到: 实际问题中, 产出成果, 和把手工具.
* 完全靠自己, 不靠外界, 自己思考, 想出来解决办法. 得出活知识.

# 如何学习研究有效
你必须要和某个方法算法, 结果有联系, 这个联系就是把手, 思路. 也就是活知识, 我们有路通向哪个知识.
"这就是垠神获取活知识的秘密。活知识必须靠自己创造出来，要经过许许多多的失败。如果没有经过失败，是不可能得>到活知识的。"


# 对的事 vs 对的方法
对的方法不如对的事. 如果做的是没有价值的事, 即便做对了也没有意义.

# 什么是值得做计算机工作相关的事
0. Nuroncircut, 沉淀形成神经回路
1. tots, 思路形成这件事值得
	算法思路
	定位性能问题的思路, 都算
2. outcome 成果, 解决某个实际问题, 值得, 虽然成果很小, 但是.
3. tools, 做了某个工具.
4. skills, 思路的解决方案的现实实现, 编程skills, craftsman

# 什么事不值得做计算机工作相关的事
花时间单纯为了研究什么原理, 不值得.


# 好的问题和不好的问题
好的: 基础问题, 越基础越有价值.
不好: "XX怎么运行", 这类问题, 总是欺骗人, 以为够清楚内部原理, 心满意足, 实际上自己不具备那样创造的能力.

# 为什么没有干劲了
不知道干什么. 可能有目标但是没有具体的行动指令.
以前有干劲, 是有目标, 自己安排好做的事, 其实是非常具体的指令. 比如读书, 每天都是读到想吐状态.
是有很多事,要做的. 并且那个时候不聪明分配个自己好多事, 一直做, 做不完的做. 其实, 活在某种错误的结果未知的自我引导中, 以为有效自己就拼命做, 无知的愚劲的充实感.

大学时想让自己变好，这是内在的原生的驱动力。现在没了，之前是靠近生活的目标。做起来，有劲，具体，生动，和生活紧密接触。现在是，一个遥远的目标，生活撑不起来。现在默认的生活理念是悲悯，是作为一个终点结束状态存在的，并不能知道生活continuation的具体行动，换句话是下线，是兜底的，是最低水平；不能提供实质的人生动力，反倒是一种积极的消极结果，底色还是消极的。

# 怎么才有干劲?
1) 有目标, 安排大量工作, 做不完的工作.
2) 关注内 关注生活 目标要，转换成生活
做事要以自我为目标中心, 外在世界做参考.
自我控制世界的力的增强. 增强只有通过实际的输出做才行.
## 如何做有干净的计划


# 怎么有效实现目标?

# 为什么感觉没从前努力了

# 我在寻找不存在吗？
以前目标和生活近，就是自身，或者自身可控范围。生活支撑范围，去干就行了，也没啥具体标准。现在目标远了，


# 为什么简洁有力对人来说是必须的
因为人像个计算机, 人的工作记忆是十分有限的, 一旦超过,复杂就没办法想事情了, 方法再好也没用.
 
# 如何简洁有力
简洁不等于少, 可以很多, 非常多.


# 遇到oracle 问题怎么办?
看到外来的答案, 舍弃答案, 铺上欠缺的思路.

# 为什么Life support system 失败了?
因为太复杂了, 人脑运行不了. 得有个程序来操控才行.

# 什么样的人脑系统是好的.
简洁有力.

# 什么才是好工具?
对人脑来说, 简洁有力.


# 语言有什么问题?
语言的迷惑性: 语言使人内心容易满足, 更危险的, 变得不务实, 作茧自缚, 自筑高墙, 编制迷幻
语言表达方法清晰, 但不一定有效, 有些时候, 就是不清楚, 但去做就有成果.
