# Life schedule
[Work 25 minutes and get up and leave from screen 5 minutes][1] [久坐致命，锻炼无益？][2]
No plastic lunch box; Out for lunch
Never play phone at bed
Do everything in accrodance with this todo list
Watch only documentary, health, the real thing.
21:45 Physical exercises 30 ~ 45 minutes.
22:00 Wash face & Have a shower.
22:30 Sleep about 9 hours.
07:00 Getting up.

# Todo
* Do it right now
Buy shoes
Buy Pixel 2 tempered glass film
* Leave Beijing
H1B, Job offer, English
* Fluent English
Word workout, Link words
* Professional in working
Kernel patches, Kernel knowledge, Python, C
* Health strong body
Sleep at 22:30, Remedies sinus, Drink a lot of water, Avoid eating junk food as much as possible.
* Good philosophical minds
* Daily errands, chores

# 10/19/2017
Get Passport with US B1/B2 Visa.
Get residence permit.
[1]: https://lifehacker.com/the-desk-jockeys-schedule-to-healthy-living-behind-a-d-516248751
[2]: https://www.guokr.com/article/437246/
