关于各种认识, 偏向"真"的层面.

# 观察者思维 vs 创造者思维
观察者思维的人/思考: 注重世界, 事物的内在运行原理. 但内在的原理, 知道与否, 只有在用到的时候才知道.
创造者思维的人/使用: "我用"角度考虑问题.

# 我
真善美实好我

# 大脑
Neurondiscomfort

# acalculia
大脑原来自己来思考, 才是对的方法. 而不是向外界求取.
直觉: 不要过度计算, 思考, 直觉能给出绝大多数的有效的方案, 在有些方面给出, 不可或却的方案.
自动生成知识, 类似递归调用

# 直觉, 直观
* 直觉是强大的, 能弥补tots 和reasoning; tots 和reasoning总是不够用, 需要直观来补全. 特别是在新的领域.
* 直觉是结合思维和现实得出的结论和指导. 我们不需要详细的分析, 逻辑思辨, 实验, 我们就可以得到行动指令, 指导.
	这也是我之前, 感觉什么都分析, 什么时候是个尽头. 实质上, 人脑已具备这种能力.
* 直觉并不总是对的.
* 人用直观理解世界.
* 人脑算力机器有限.
* 要把重要tots和reasoning 转化成直观, 才能为我所用.
* 快系统和慢系统

# 活知识
1 活知识本身就是洞见, 带有深度的.
2 外界来的都是"死知识", 自己创造的才是活知识. 知识是通过思路连接的. 死知识没有思路. 思路就是创造知识的能力. 这个才是我们真正需要的. 至于问题的答案那是死知识, 不是我们需要的, 也是真正的死知识. 思路是由失败的经验铺起来的啊. 没有失败的经验哪有思路, 要不然以前铺的好, 要不然运气好.

# 思路
铺出来的那个思路, 最好自己铺. 如果不行, 靠外界输入, 自己铺上思路.

# 行为和认知都是连续的都是一套一套的
改变一个点, 往往带动其他的改变.

# 世界的特点
plastic 和循环重复.

# 人的因果
二级混沌系统

# Constructism, Piaget
https://www.youtube.com/watch?v=BQ4VSRg4e8w

# 故事的重要性
https://www.ted.com/talks/uri_hasson_this_is_your_brain_on_communication

# 工程和科学的区别
科学注重真.
工程注重实操和提高更好.
谁关心你这东西怎么实现的, 关键是能不能解决我工作的问题, 提高工作效率.

# 语言学
pattern, 表达式, 不是单个的词.
语言学习 直接映射.
## 语言理解
理解是进来，之后搜索了含义
不仅仅是直接翻译成一个意思，而是搜索非常快 瞬间的识别了的一瞬间就找到意义

# 有趣的思维
算法题, 可以从结果状态考虑.
但是思路的锻炼, 去要从正向的思考.

# 理解
用动手去理解, 而不是理性. 用行动验证猜想, 而不是语言逻辑.
成果式的理解, 不要纯粹的理解

# 为什么理解失败了
理解的时候:input +含义检索翻译+ 找到联系 + in short term memory. 这是虚假的联系, 只是逻辑上通了, 并没有建立人的那种constructism式的神经回路, 只不过是把机器的回路, 搬到脑子里, 但是脑子并不能直接运行这些回路.
理解式:
 1. 很多都被时间淡忘了, 没形成neural circuit
 2. 形成了残缺的, 不健全的neural circuit
 3. 形成的不是人的逻辑的, 而是机器的事物的逻辑的neural circuit. 不能使用, 不能用来创造, 无用的.绝大多数, 没有"把手", 空聊可以. 不务当下的实.

# 观察者思维的危害, 不利的结果
以前是观察者思维, 拿来书看就行了, 我送高中开始到现在看了17年了. 这过去的17年是高强度看的17年, 思维定势已然形成. 想要改变很难. 虽然都是努力, 以前只要坐在那里看就行了, 现在是要写出代码, 要创造
## Input is dangerous
不是理解是创造 谁都能理解.创造要考虑现实的。
input is dangerous. 无力化, 无行动力
精神萎靡的样子.生活的热情被磨灭了.
