
# Japanese
## 单词
目标是扩大词汇量, 特别是听力上的词汇量. 

## Listening vocabulary
10K12345:
Core123: 
ANDOU123:
Freq123:

## Time allocation
## 内容
1. 动词, collection, 自他, 直观含义建立.
2. 名词要保证能听音频听出来, 训练耳朵.

量
新东方核心N3: 2000, 今天完成动词部分识别.
新日n123: 
多义词动词
万词对策4本: 6000单词
高频n123:
其他: 副词, 连词.
的を外す


# Daily routines' schedule
House cleaning
Periodic routines: 
Fitness
Push up per hour

8:00
Cook
Japanese

9:00
Eat
Japanese

10:00
Start working

11:00

12:00

13:00

14:00

15:00

16:00

17:00

18:00

19:00

20:00

20:30 
Hiit
Shower

21:00

22:00

23:00
Sleep


# Timeline
## August


## September
* 1
* 2
* 3
* 4
