
Please check for false positives in the output before submitting a patch.
When using "patch" mode, carefully review the patch before submitting it.

./arch/x86/crypto/sha-mb/sha1_mb.c:888:20-39: WARNING: casting value returned by memory allocation function to (struct sha1_ctx_mgr *) is useless.
./arch/arm/kvm/mmu.c:694:9-14: WARNING: casting value returned by memory allocation function to (pgd_t *) is useless.
./drivers/block/cciss_scsi.c:707:9-41: WARNING: casting value returned by memory allocation function to (struct cciss_scsi_adapter_data_t *) is useless.
./drivers/scsi/hpsa.c:4995:8-32: WARNING: casting value returned by memory allocation function to (BIG_IOCTL_Command_struct *) is useless.
./drivers/scsi/lpfc/lpfc_init.c:4978:20-40: WARNING: casting value returned by memory allocation function to (struct lpfc_sli_ring *) is useless.
./sound/pci/emu10k1/emufx.c:1189:19-28: WARNING: casting value returned by memory allocation function to (u_int32_t *) is useless.
./sound/pci/emu10k1/emufx.c:1827:19-28: WARNING: casting value returned by memory allocation function to (u_int32_t *) is useless.
./fs/minix/inode.c:65:7-30: WARNING: casting value returned by memory allocation function to (struct minix_inode_info *) is useless.
./fs/adfs/super.c:245:7-29: WARNING: casting value returned by memory allocation function to (struct adfs_inode_info *) is useless.
./fs/efs/super.c:70:7-28: WARNING: casting value returned by memory allocation function to (struct efs_inode_info *) is useless.
./fs/reiserfs/super.c:591:7-33: WARNING: casting value returned by memory allocation function to (struct reiserfs_inode_info *) is useless.
./fs/hpfs/super.c:204:7-29: WARNING: casting value returned by memory allocation function to (struct hpfs_inode_info *) is useless.
./fs/ncpfs/inode.c:55:7-28: WARNING: casting value returned by memory allocation function to (struct ncp_inode_info *) is useless.
./fs/9p/vfs_inode.c:241:12-29: WARNING: casting value returned by memory allocation function to (struct v9fs_inode *) is useless.
./fs/proc/inode.c:61:7-24: WARNING: casting value returned by memory allocation function to (struct proc_inode *) is useless.
./fs/nfs/inode.c:1822:9-25: WARNING: casting value returned by memory allocation function to (struct nfs_inode *) is useless.
./drivers/gpu/drm/amd/amdkfd/kfd_process.c:206:9-40: WARNING: casting value returned by memory allocation function to (struct kfd_process_release_work *) is useless.
./fs/ext4/namei.c:768:13-20: WARNING: ERR_CAST can be used with ctx
./arch/s390/kvm/guestdbg.c:220:11-18: WARNING opportunity for memdup_user
./security/smack/smackfs.c:2202:8-15: WARNING opportunity for memdup_user
./fs/fhandle.c:191:10-17: WARNING opportunity for memdup_user
./fs/xattr.c:342:11-18: WARNING opportunity for memdup_user
./drivers/gpu/drm/savage/savage_state.c:1004:13-20: WARNING opportunity for memdup_user
./drivers/usb/misc/iowarrior.c:371:8-15: WARNING opportunity for memdup_user
./drivers/ide/ide-taskfile.c:497:11-18: WARNING opportunity for memdup_user
./drivers/ide/ide-taskfile.c:510:10-17: WARNING opportunity for memdup_user
./drivers/infiniband/hw/qib/qib_fs.c:341:7-14: WARNING opportunity for memdup_user
./drivers/infiniband/hw/ipath/ipath_fs.c:198:7-14: WARNING opportunity for memdup_user
./drivers/net/ethernet/brocade/bna/bnad_debugfs.c:325:12-19: WARNING opportunity for memdup_user
./drivers/net/ethernet/brocade/bna/bnad_debugfs.c:392:12-19: WARNING opportunity for memdup_user
./drivers/net/ethernet/mellanox/mlx5/core/cmd.c:863:7-14: WARNING opportunity for memdup_user
./drivers/net/wireless/hostap/hostap_ioctl.c:3044:9-16: WARNING opportunity for memdup_user
./drivers/net/wireless/hostap/hostap_ioctl.c:3806:9-16: WARNING opportunity for memdup_user
./drivers/net/tun.c:649:8-15: WARNING opportunity for memdup_user
./drivers/net/wan/cosa.c:878:8-15: WARNING opportunity for memdup_user
./drivers/net/wan/lmc/lmc_main.c:497:27-34: WARNING opportunity for memdup_user
./drivers/s390/char/tape_3590.c:315:13-20: WARNING opportunity for memdup_user
./drivers/block/cciss.c:1580:7-14: WARNING opportunity for memdup_user
./drivers/block/mtip32xx/mtip32xx.c:2034:11-18: WARNING opportunity for memdup_user
./drivers/block/mtip32xx/mtip32xx.c:2055:10-17: WARNING opportunity for memdup_user
./drivers/input/joydev.c:447:10-17: WARNING opportunity for memdup_user
./drivers/input/joydev.c:483:10-17: WARNING opportunity for memdup_user
./drivers/misc/vmw_vmci/vmci_host.c:756:11-18: WARNING opportunity for memdup_user
./drivers/misc/vmw_vmci/vmci_host.c:384:6-13: WARNING opportunity for memdup_user
./drivers/misc/mic/host/mic_virtio.c:547:13-20: WARNING opportunity for memdup_user
./drivers/mmc/card/block.c:363:14-21: WARNING opportunity for memdup_user
./drivers/tty/vt/keyboard.c:1605:9-16: WARNING opportunity for memdup_user
./drivers/tty/vt/keyboard.c:1648:9-16: WARNING opportunity for memdup_user
./drivers/ptp/ptp_chardev.c:184:11-18: WARNING opportunity for memdup_user
./drivers/staging/lustre/lustre/llite/file.c:2371:8-15: WARNING opportunity for memdup_user
./drivers/staging/lustre/lustre/llite/file.c:2498:8-15: WARNING opportunity for memdup_user
./drivers/staging/lustre/lustre/llite/dir.c:1064:8-15: WARNING opportunity for memdup_user
./drivers/staging/lustre/lustre/llite/dir.c:1700:9-16: WARNING opportunity for memdup_user
./drivers/staging/lustre/lustre/llite/dir.c:1778:8-15: WARNING opportunity for memdup_user
./drivers/staging/lustre/lustre/llite/dir.c:1864:9-16: WARNING opportunity for memdup_user
./drivers/staging/lustre/lustre/llite/dir.c:1883:9-16: WARNING opportunity for memdup_user
./drivers/scsi/aacraid/commctrl.c:520:15-22: WARNING opportunity for memdup_user
./drivers/scsi/megaraid/megaraid_sas_base.c:6233:7-14: WARNING opportunity for memdup_user
./drivers/media/usb/uvc/uvc_v4l2.c:73:19-26: WARNING opportunity for memdup_user
./drivers/media/dvb-core/dvb_frontend.c:1957:8-15: WARNING opportunity for memdup_user
./drivers/media/dvb-core/dvb_frontend.c:1988:8-15: WARNING opportunity for memdup_user
./sound/core/compress_offload.c:518:11-18: WARNING opportunity for memdup_user
./arch/arm/mach-exynos/pmu.c:994:3-8: No need to set .owner here. The core will do it.
./drivers/char/ipmi/ipmi_powernv.c:298:3-8: No need to set .owner here. The core will do it.
./drivers/rtc/rtc-opal.c:239:3-8: No need to set .owner here. The core will do it.
./drivers/phy/phy-qcom-ufs-qmp-20nm.c:250:3-8: No need to set .owner here. The core will do it.
./drivers/phy/phy-rockchip-usb.c:149:3-8: No need to set .owner here. The core will do it.
./drivers/phy/phy-miphy28lp.c:1276:3-8: No need to set .owner here. The core will do it.
./drivers/phy/phy-armada375-usb2.c:152:3-8: No need to set .owner here. The core will do it.
./drivers/phy/phy-berlin-usb.c:210:3-8: No need to set .owner here. The core will do it.
./drivers/phy/phy-qcom-ufs-qmp-14nm.c:194:3-8: No need to set .owner here. The core will do it.
./drivers/gpu/drm/rockchip/rockchip_drm_drv.c:557:3-8: No need to set .owner here. The core will do it.
./drivers/video/fbdev/omap2/displays-new/encoder-opa362.c:275:3-8: No need to set .owner here. The core will do it.
./drivers/staging/fsl-mc/bus/mc-bus.c:716:6-11: No need to set .owner here. The core will do it.
./drivers/media/dvb-frontends/rtl2832_sdr.c:1469:3-8: No need to set .owner here. The core will do it.
./drivers/pinctrl/sunxi/pinctrl-sun6i-a31s.c:807:3-8: No need to set .owner here. The core will do it.
./drivers/pinctrl/mediatek/pinctrl-mt8135.c:362:3-8: No need to set .owner here. The core will do it.
./drivers/pinctrl/pinctrl-amd.c:858:3-8: No need to set .owner here. The core will do it.
./drivers/uio/uio_fsl_elbc_gpcm.c:477:3-8: No need to set .owner here. The core will do it.
./drivers/of/unittest.c:980:3-8: No need to set .owner here. The core will do it.
./drivers/net/ethernet/hisilicon/hip04_mdio.c:177:3-8: No need to set .owner here. The core will do it.
./drivers/net/ethernet/hisilicon/hip04_eth.c:968:3-8: No need to set .owner here. The core will do it.
./drivers/net/ethernet/ti/netcp_core.c:2146:3-8: No need to set .owner here. The core will do it.
./drivers/block/pmem.c:234:3-8: No need to set .owner here. The core will do it.
./drivers/vfio/platform/vfio_platform.c:94:3-8: No need to set .owner here. The core will do it.
./drivers/misc/ti-st/st_kim.c:943:3-8: No need to set .owner here. The core will do it.
./drivers/pci/host/pci-dra7xx.c:344:7-23: devm_request_irq returns < 0 as error. Unecessary IS_ERR_VALUE at line 390
./drivers/pci/host/pci-dra7xx.c:372:8-16: phy_init returns < 0 as error. Unecessary IS_ERR_VALUE at line 390
./drivers/pci/host/pci-dra7xx.c:376:8-20: phy_power_on returns < 0 as error. Unecessary IS_ERR_VALUE at line 390
./drivers/pci/host/pci-dra7xx.c:389:7-26: pm_runtime_get_sync returns < 0 as error. Unecessary IS_ERR_VALUE at line 390
./include/linux/err.h:58:1-3: WARNING: PTR_ERR_OR_ZERO can be used
./arch/x86/kernel/pcspeaker.c:11:8-14: WARNING: PTR_ERR_OR_ZERO can be used
./arch/x86/platform/olpc/olpc.c:314:1-3: WARNING: PTR_ERR_OR_ZERO can be used
./arch/arm/kernel/vdso.c:227:8-14: WARNING: PTR_ERR_OR_ZERO can be used
./drivers/dca/dca-sysfs.c:43:1-3: WARNING: PTR_ERR_OR_ZERO can be used
./drivers/pnp/pnpbios/core.c:582:1-3: WARNING: PTR_ERR_OR_ZERO can be used
./drivers/input/touchscreen/cyttsp4_i2c.c:53:1-3: WARNING: PTR_ERR_OR_ZERO can be used
./drivers/input/touchscreen/ads7846.c:532:1-3: WARNING: PTR_ERR_OR_ZERO can be used
./drivers/misc/vexpress-syscfg.c:273:1-3: WARNING: PTR_ERR_OR_ZERO can be used
./drivers/video/fbdev/omap2/dss/hdmi4.c:642:1-3: WARNING: PTR_ERR_OR_ZERO can be used
./drivers/video/fbdev/omap2/dss/hdmi5.c:677:1-3: WARNING: PTR_ERR_OR_ZERO can be used
./drivers/virtio/virtio_mmio.c:674:1-3: WARNING: PTR_ERR_OR_ZERO can be used
./drivers/firmware/efi/efi.c:375:8-14: WARNING: PTR_ERR_OR_ZERO can be used
./mm/page_owner.c:308:1-3: WARNING: PTR_ERR_OR_ZERO can be used
./drivers/rtc/rtc-digicolor.c:205:1-3: WARNING: PTR_ERR_OR_ZERO can be used
./drivers/pci/host/pci-tegra.c:1031:1-3: WARNING: PTR_ERR_OR_ZERO can be used
./drivers/gpu/drm/tegra/drm.c:447:1-3: WARNING: PTR_ERR_OR_ZERO can be used
./drivers/gpu/drm/tegra/gem.c:408:1-3: WARNING: PTR_ERR_OR_ZERO can be used
./drivers/usb/gadget/udc/at91_udc.c:1709:1-3: WARNING: PTR_ERR_OR_ZERO can be used
./drivers/of/of_mdio.c:305:9-15: WARNING: PTR_ERR_OR_ZERO can be used
./drivers/of/of_mdio.c:317:9-15: WARNING: PTR_ERR_OR_ZERO can be used
./drivers/pwm/pwm-sti.c:287:1-3: WARNING: PTR_ERR_OR_ZERO can be used
./drivers/crypto/qce/ablkcipher.c:248:1-3: WARNING: PTR_ERR_OR_ZERO can be used
./drivers/net/appletalk/ipddp.c:315:8-10: WARNING: PTR_ERR_OR_ZERO can be used
./arch/ia64/pci/pci.c:322:18-21: WARNING: Suspicious code. resource_size is maybe missing with resource
./drivers/pcmcia/yenta_socket.c:638:30-33: WARNING: Suspicious code. resource_size is maybe missing with root
./drivers/macintosh/macio_asic.c:226:26-29: WARNING: Suspicious code. resource_size is maybe missing with res
./drivers/macintosh/macio_asic.c:228:26-29: WARNING: Suspicious code. resource_size is maybe missing with res
./drivers/clk/sunxi/clk-sun9i-mmc.c:108:26-29: ERROR: Missing resource_size with r
./drivers/irqchip/irq-imgpdc.c:326:20-23: WARNING: Suspicious code. resource_size is maybe missing with res_regs
./drivers/mfd/syscon.c:197:42-45: WARNING: Suspicious code. resource_size is maybe missing with res
./drivers/mfd/kempld-core.c:462:13-16: WARNING: Suspicious code. resource_size is maybe missing with ioport
./drivers/platform/x86/apple-gmux.c:444:25-28: WARNING: Suspicious code. resource_size is maybe missing with res
./drivers/video/fbdev/msm/msm_fb.c:521:15-18: WARNING: Suspicious code. resource_size is maybe missing with resource
./drivers/video/fbdev/mbx/mbxdebugfs.c:18:11-28: WARNING opportunity for simple_open, see also structure on line 184
./drivers/video/fbdev/mbx/mbxdebugfs.c:18:11-28: WARNING opportunity for simple_open, see also structure on line 191
./drivers/video/fbdev/mbx/mbxdebugfs.c:18:11-28: WARNING opportunity for simple_open, see also structure on line 198
./drivers/video/fbdev/mbx/mbxdebugfs.c:18:11-28: WARNING opportunity for simple_open, see also structure on line 212
./drivers/video/fbdev/mbx/mbxdebugfs.c:18:11-28: WARNING opportunity for simple_open, see also structure on line 205
./drivers/video/fbdev/mbx/mbxdebugfs.c:18:11-28: WARNING opportunity for simple_open, see also structure on line 177
./drivers/scsi/fnic/fnic_debugfs.c:121:11-31: WARNING opportunity for simple_open, see also structure on line 222
./drivers/gpu/drm/tegra/sor.c:599:11-29: WARNING opportunity for simple_open, see also structure on line 673
./drivers/pcmcia/sa11xx_base.c:233:2-8: ERROR: missing clk_put; clk_get on line 225 and execution via conditional on line 232
./arch/arm/plat-pxa/ssp.c:242:1-8: WARNING: invalid free of devm_ allocated data
./arch/arm/plat-pxa/ssp.c:253:1-6: WARNING: invalid free of devm_ allocated data
./drivers/reset/reset-sunxi.c:116:1-6: WARNING: invalid free of devm_ allocated data
./drivers/clk/clk-gpio-gate.c:123:2-7: WARNING: invalid free of devm_ allocated data
./drivers/pwm/pwm-lp3943.c:87:1-6: WARNING: invalid free of devm_ allocated data
./drivers/pwm/pwm-lp3943.c:56:3-8: WARNING: invalid free of devm_ allocated data
./drivers/net/ethernet/ti/netcp_core.c:2022:2-7: WARNING: invalid free of devm_ allocated data
./drivers/net/ethernet/ti/netcp_core.c:2125:2-7: WARNING: invalid free of devm_ allocated data
./drivers/mfd/syscon.c:89:1-8: WARNING: invalid free of devm_ allocated data
./drivers/mfd/syscon.c:91:1-6: WARNING: invalid free of devm_ allocated data
./drivers/nfc/st21nfcb/st21nfcb.c:138:1-6: WARNING: invalid free of devm_ allocated data
./drivers/tty/serial/meson_uart.c:373:2-9: WARNING: invalid free of devm_ allocated data
./drivers/pinctrl/freescale/pinctrl-mxs.c:140:2-7: WARNING: invalid free of devm_ allocated data
./drivers/pinctrl/samsung/pinctrl-exynos5440.c:277:1-6: WARNING: invalid free of devm_ allocated data
./sound/soc/intel/haswell/sst-haswell-ipc.c:2204:1-6: WARNING: invalid free of devm_ allocated data
./sound/soc/intel/baytrail/sst-baytrail-ipc.c:762:1-6: WARNING: invalid free of devm_ allocated data
./arch/s390/kernel/process.c:85:2-7: WARNING: NULL check before freeing functions like kfree, debugfs_remove, debugfs_remove_recursive or usb_free_urb is not needed. Maybe consider reorganizing relevant code to avoid passing NULL values.
./drivers/block/skd_main.c:4002:2-7: WARNING: NULL check before freeing functions like kfree, debugfs_remove, debugfs_remove_recursive or usb_free_urb is not needed. Maybe consider reorganizing relevant code to avoid passing NULL values.
./drivers/block/mtip32xx/mtip32xx.c:2780:2-26: WARNING: NULL check before freeing functions like kfree, debugfs_remove, debugfs_remove_recursive or usb_free_urb is not needed. Maybe consider reorganizing relevant code to avoid passing NULL values.
./drivers/platform/x86/intel_ips.c:1322:2-26: WARNING: NULL check before freeing functions like kfree, debugfs_remove, debugfs_remove_recursive or usb_free_urb is not needed. Maybe consider reorganizing relevant code to avoid passing NULL values.
./drivers/tty/serial/pch_uart.c:1861:2-16: WARNING: NULL check before freeing functions like kfree, debugfs_remove, debugfs_remove_recursive or usb_free_urb is not needed. Maybe consider reorganizing relevant code to avoid passing NULL values.
./drivers/tty/serial/mfd.c:273:2-26: WARNING: NULL check before freeing functions like kfree, debugfs_remove, debugfs_remove_recursive or usb_free_urb is not needed. Maybe consider reorganizing relevant code to avoid passing NULL values.
./drivers/video/fbdev/omap2/dss/core.c:149:2-26: WARNING: NULL check before freeing functions like kfree, debugfs_remove, debugfs_remove_recursive or usb_free_urb is not needed. Maybe consider reorganizing relevant code to avoid passing NULL values.
./drivers/scsi/aic94xx/aic94xx_init.c:594:2-7: WARNING: NULL check before freeing functions like kfree, debugfs_remove, debugfs_remove_recursive or usb_free_urb is not needed. Maybe consider reorganizing relevant code to avoid passing NULL values.
./drivers/scsi/csiostor/csio_init.c:161:2-26: WARNING: NULL check before freeing functions like kfree, debugfs_remove, debugfs_remove_recursive or usb_free_urb is not needed. Maybe consider reorganizing relevant code to avoid passing NULL values.
./drivers/power/avs/smartreflex.c:1005:2-26: WARNING: NULL check before freeing functions like kfree, debugfs_remove, debugfs_remove_recursive or usb_free_urb is not needed. Maybe consider reorganizing relevant code to avoid passing NULL values.
./drivers/acpi/custom_method.c:96:2-16: WARNING: NULL check before freeing functions like kfree, debugfs_remove, debugfs_remove_recursive or usb_free_urb is not needed. Maybe consider reorganizing relevant code to avoid passing NULL values.
./sound/soc/intel/common/sst-ipc.c:287:2-7: WARNING: NULL check before freeing functions like kfree, debugfs_remove, debugfs_remove_recursive or usb_free_urb is not needed. Maybe consider reorganizing relevant code to avoid passing NULL values.
./fs/btrfs/free-space-cache.c:1980:3-8: WARNING: NULL check before freeing functions like kfree, debugfs_remove, debugfs_remove_recursive or usb_free_urb is not needed. Maybe consider reorganizing relevant code to avoid passing NULL values.
./fs/btrfs/free-space-cache.c:3430:2-7: WARNING: NULL check before freeing functions like kfree, debugfs_remove, debugfs_remove_recursive or usb_free_urb is not needed. Maybe consider reorganizing relevant code to avoid passing NULL values.
./fs/dlm/lockspace.c:678:3-8: WARNING: NULL check before freeing functions like kfree, debugfs_remove, debugfs_remove_recursive or usb_free_urb is not needed. Maybe consider reorganizing relevant code to avoid passing NULL values.
./fs/dlm/memory.c:90:4-9: WARNING: NULL check before freeing functions like kfree, debugfs_remove, debugfs_remove_recursive or usb_free_urb is not needed. Maybe consider reorganizing relevant code to avoid passing NULL values.
./drivers/dma-buf/dma-buf.c:871:2-26: WARNING: NULL check before freeing functions like kfree, debugfs_remove, debugfs_remove_recursive or usb_free_urb is not needed. Maybe consider reorganizing relevant code to avoid passing NULL values.
./drivers/infiniband/hw/mlx4/main.c:2605:5-10: WARNING: NULL check before freeing functions like kfree, debugfs_remove, debugfs_remove_recursive or usb_free_urb is not needed. Maybe consider reorganizing relevant code to avoid passing NULL values.
./drivers/net/wireless/mwifiex/debugfs.c:809:2-16: WARNING: NULL check before freeing functions like kfree, debugfs_remove, debugfs_remove_recursive or usb_free_urb is not needed. Maybe consider reorganizing relevant code to avoid passing NULL values.
./drivers/net/ppp/ppp_mppe.c:242:2-7: WARNING: NULL check before freeing functions like kfree, debugfs_remove, debugfs_remove_recursive or usb_free_urb is not needed. Maybe consider reorganizing relevant code to avoid passing NULL values.
./drivers/net/ppp/ppp_mppe.c:260:2-7: WARNING: NULL check before freeing functions like kfree, debugfs_remove, debugfs_remove_recursive or usb_free_urb is not needed. Maybe consider reorganizing relevant code to avoid passing NULL values.
./arch/mips/txx9/generic/setup.c:987:1-7: ERROR: missing iounmap; ioremap on line 961 and execution via conditional on line 976
./drivers/bus/mvebu-mbus.c:1018:2-8: ERROR: missing iounmap; ioremap on line 1011 and execution via conditional on line 1016
./drivers/mcb/mcb-pci.c:107:1-7: ERROR: missing iounmap; ioremap on line 65 and execution via conditional on line 73
./drivers/scsi/mvsas/mv_init.c:360:1-7: ERROR: missing iounmap; ioremap on line 330 and execution via conditional on line 342
./drivers/scsi/mvsas/mv_init.c:360:1-7: ERROR: missing iounmap; ioremap on line 332 and execution via conditional on line 342
./drivers/usb/host/pci-quirks.c:993:3-9: ERROR: missing iounmap; ioremap on line 979 and execution via conditional on line 989
./drivers/ntb/ntb_hw.c:1855:1-7: ERROR: missing iounmap; ioremap on line 1765 and execution via conditional on line 1777
./drivers/net/ethernet/8390/ax88796.c:961:1-7: ERROR: missing iounmap; ioremap on line 929 and execution via conditional on line 944
./drivers/net/ethernet/mellanox/mlx5/core/main.c:758:2-8: ERROR: missing iounmap; ioremap on line 630 and execution via conditional on line 756
./drivers/memstick/host/jmb38x_ms.c:904:2-8: ERROR: missing iounmap; ioremap on line 882 and execution via conditional on line 902
./drivers/mtd/maps/sc520cdp.c:246:3-9: ERROR: missing iounmap; ioremap on line 242 and execution via conditional on line 244
./kernel/kthread.c:199:1-7: ERROR: reference preceded by free on line 194
./security/apparmor/path.c:232:11-14: ERROR: reference preceded by free on line 226
./net/sctp/endpointola.c:281:21-23: ERROR: reference preceded by free on line 280
./net/sctp/transport.c:164:21-30: ERROR: reference preceded by free on line 163
./net/nfc/hci/core.c:125:5-8: ERROR: reference preceded by free on line 117
./drivers/mtd/devices/phram.c:256:8-12: ERROR: reference preceded by free on line 250
./drivers/mtd/devices/phram.c:260:23-27: ERROR: reference preceded by free on line 250
./drivers/mtd/devices/phram.c:260:23-27: ERROR: reference preceded by free on line 256
./drivers/mtd/nand/pxa3xx_nand.c:1591:18-33: ERROR: reference preceded by free on line 1584
./drivers/spi/spi-topcliff-pch.c:616:4-21: ERROR: reference preceded by free on line 593
./drivers/spi/spi-topcliff-pch.c:620:4-21: ERROR: reference preceded by free on line 593
./drivers/spi/spi-topcliff-pch.c:634:44-61: ERROR: reference preceded by free on line 593
./drivers/misc/lkdtm.c:417:9-13: ERROR: reference preceded by free on line 415
./drivers/target/target_core_file.c:716:8-23: ERROR: reference preceded by free on line 664
./drivers/md/dm-ioctl.c:1683:8-13: ERROR: reference preceded by free on line 1681
./drivers/staging/lustre/lustre/include/obd_support.h:732:12-15: ERROR: reference preceded by free on line 731
./drivers/acpi/scan.c:1435:23-33: ERROR: reference preceded by free on line 1430
./sound/pci/asihpi/asihpi.c:1247:14-18: ERROR: reference preceded by free on line 1241
./sound/pci/asihpi/asihpi.c:1248:22-26: ERROR: reference preceded by free on line 1241
./sound/pci/asihpi/asihpi.c:1066:14-18: ERROR: reference preceded by free on line 1055
./sound/pci/asihpi/asihpi.c:1067:22-26: ERROR: reference preceded by free on line 1055
./mm/slub.c:4222:2-3: ERROR: reference preceded by free on line 4221
./mm/slub.c:4228:1-2: ERROR: reference preceded by free on line 4227
./mm/slub.c:4234:1-2: ERROR: reference preceded by free on line 4233
./lib/test_kasan.c:170:3-6: ERROR: reference preceded by free on line 169
./lib/test_kasan.c:208:1-5: ERROR: reference preceded by free on line 201
./lib/test_kasan.c:186:8-11: ERROR: reference preceded by free on line 185
./fs/fuse/dev.c:2144:8-35: ERROR: reference preceded by free on line 2144
./fs/squashfs/decompressor_multi.c:181:8-19: ERROR: reference preceded by free on line 161
./drivers/bcma/sprom.c:641:29-34: ERROR: reference preceded by free on line 630
./drivers/gpu/drm/ast/ast_mode.c:781:64-68: ERROR: reference preceded by free on line 776
./drivers/gpu/drm/exynos/exynos_drm_ipp.c:685:6-7: ERROR: reference preceded by free on line 680
./drivers/usb/storage/isd200.c:1476:14-18: ERROR: reference preceded by free on line 1470
./drivers/infiniband/core/umem.c:238:33-37: ERROR: reference preceded by free on line 229
./drivers/crypto/n2_core.c:1512:13-14: ERROR: reference preceded by free on line 1508
./drivers/net/ethernet/rocker/rocker.c:3488:8-11: ERROR: reference preceded by free on line 3478
./drivers/net/ethernet/mellanox/mlx4/resource_tracker.c:4476:15-17: ERROR: reference preceded by free on line 4482
./drivers/net/ethernet/mellanox/mlx4/resource_tracker.c:4495:17-19: ERROR: reference preceded by free on line 4482
./drivers/net/ethernet/mellanox/mlx4/resource_tracker.c:4708:15-17: ERROR: reference preceded by free on line 4712
./drivers/net/ethernet/mellanox/mlx4/resource_tracker.c:4724:17-19: ERROR: reference preceded by free on line 4712
./drivers/net/ethernet/mellanox/mlx4/resource_tracker.c:4662:15-22: ERROR: reference preceded by free on line 4666
./drivers/net/ethernet/mellanox/mlx4/resource_tracker.c:4537:29-32: ERROR: reference preceded by free on line 4545
./drivers/net/ethernet/mellanox/mlx4/resource_tracker.c:4550:30-33: ERROR: reference preceded by free on line 4545
./drivers/net/ethernet/mellanox/mlx4/resource_tracker.c:4563:9-12: ERROR: reference preceded by free on line 4545
./drivers/net/ethernet/mellanox/mlx4/resource_tracker.c:4606:13-16: ERROR: reference preceded by free on line 4614
./drivers/net/ethernet/mellanox/mlx4/resource_tracker.c:4336:15-17: ERROR: reference preceded by free on line 4345
./drivers/net/ethernet/mellanox/mlx4/resource_tracker.c:4356:13-15: ERROR: reference preceded by free on line 4345
./drivers/net/ethernet/mellanox/mlx4/resource_tracker.c:4410:15-18: ERROR: reference preceded by free on line 4416
./drivers/net/ethernet/mellanox/mlx4/resource_tracker.c:4430:17-20: ERROR: reference preceded by free on line 4416
./drivers/block/cciss.c:4509:2-8: ERROR: missing pci_free_consistent; pci_alloc_consistent on line 4461 and return without freeing on line 4509
./drivers/scsi/hpsa.c:5610:2-8: ERROR: missing pci_free_consistent; pci_alloc_consistent on line 5564 and return without freeing on line 5610
./drivers/scsi/3w-9xxx.c:545:1-7: ERROR: missing pci_free_consistent; pci_alloc_consistent on line 517 and return without freeing on line 545
./drivers/scsi/qla1280.c:1760:2-8: ERROR: missing pci_free_consistent; pci_alloc_consistent on line 1753 and return without freeing on line 1760
./drivers/scsi/BusLogic.c:213:1-7: ERROR: missing pci_free_consistent; pci_alloc_consistent on line 204 and return without freeing on line 213
./drivers/scsi/be2iscsi/be_main.c:3345:1-7: ERROR: missing pci_free_consistent; pci_alloc_consistent on line 3307 and return without freeing on line 3345
./drivers/message/fusion/mptctl.c:2641:2-8: ERROR: missing pci_free_consistent; pci_alloc_consistent on line 2509 and return without freeing on line 2641
