2024/12/30	Orcs Must Die! 3	
2024/12/29	KILL KNIGHT	
2024/12/28	HOT WHEELS™ - Aston Martin DBS 2010 还有 10 项	
2024/12/28	HOT WHEELS UNLEASHED™	
2024/12/27	《幽灵行者 2》	
2024/12/25	DREDGE	
2024/12/24	Dark and Darker - 传奇身份	
2024/12/24	至暗时刻	
2024/12/23	Wizard of Legend	
2024/12/22	TerraTech	
2024/12/21	Astrea Six Sided Oracles	
2024/12/20	Vampire Survivors	
2024/12/13	《The Lord of The Rings Return to Moria》	
2024/12/6	《LEGO® Star Wars™: The Skywalker Saga》	
2024/12/6	《Bus Simulator 21 Next Stop》	
2024/12/4	《糖豆人》	
2024/9/13	Rugrats: Adventures in Gameland	
2024/8/29	Wild Card Football	
2024/8/29	Fallout® Classic Collection	
2024/8/22	巨兽战争：狂暴版	
2024/8/22	《木卫四协议》	
2024/6/7	Marvel's Midnight Suns	
2024/5/31	《Chivalry 2》	
2024/5/26	Farming Simulator 22	
2024/5/17	《龙腾世纪：审判》年度版	
2024/4/4	Thief	
2024/3/28	《荒野的召唤：垂钓者™》	
2024/3/28	Invincible Presents: Atom Eve	
2024/3/15	Deus Ex - Mankind Divided	
2024/3/15	《The Bridge》	
2024/2/2	Doors - Paradox	
2024/1/12	Sail Forth	
2024/1/5	《漫威银河护卫队》	
2024/1/4	《A Plague Tale: Innocence》	
2024/1/3	20 Minutes Till Dawn	
2024/1/2	Escape Academy	
2024/1/1	《Ghostrunner - 幽灵行者》	
2023/12/31	Saints Row	
2023/12/30	《Snakebird Complete》	
2023/12/26	《The Outer Worlds》Spacer’s Choice Edition	
2023/12/25	Ghostwire: Tokyo	
2023/11/17	《Surviving the Aftermath》	
2023/11/17	EARTHLOCK	
2023/11/10	Golden Light	
2023/10/27	Tandem: A Tale of Shadows	
2023/10/26	The Evil Within 2	
2023/10/19	Eternal Threads	
2023/10/19	The Evil Within	
2023/10/13	Q.U.B.E. ULTIMATE BUNDLE	
2023/10/13	《Blazing Sails》	
2023/9/28	《Soulstice》	
2023/9/28	Model Builder: Complete Edition	
2023/9/8	《Spelldrifter》	
2023/8/25	Homeworld: Deserts of Kharak	
2023/8/18	Dodo Peak	
2023/8/18	《Black Book》	
2023/8/11	《Orwell: Keeping an Eye on You》	
2023/8/11	Europa Universalis IV	
2023/7/27	《Severed Steel》	
2023/7/27	Homeworld Remastered Collection	
2023/7/21	《Murder by Numbers》	
2023/7/21	The Elder Scrolls Online	
2023/7/14	Train Valley 2	
2023/7/7	《GRIME》	
2023/6/30	《The Dungeon of Naheulbeuk》	
2023/6/9	《PAYDAY 2》	
2023/6/2	《午夜猎魂》	
2023/5/11	《The Sims™ 4 冒险生活》同捆包	
2023/4/28	Poker Club	
2023/4/28	《Breathedge》	
2023/4/21	《Beyond Blue》	
2023/4/21	《Never Alone (Kisima Ingitchuna)》	
2023/4/13	《MORDHAU》	
2023/4/7	《消逝的光芒：增强版》	
2023/4/7	shapez	
2023/3/30	The Silent Age	
2023/3/30	Tunche	
2023/3/16	《Warhammer 40,000: Gladius - Relics of War》	
2023/3/10	Call of the Sea	
2023/3/8	《摔角城大乱斗》爆裂拳手内容包	
2023/3/3	《Rise of Industry》	
2023/2/17	《Warpips》	
2023/2/3	《City of Gangsters》	
2023/2/3	Dishonored®: Death of the Outsider™	
2023/1/27	Hell is Others	
2023/1/27	《Adios》	
2023/1/13	《First Class Trouble》	
2023/1/13	Gamedec	
2022/12/29	《Mortal Shell》	
2022/12/27	《暗影火炬城》	
2022/12/24	《Encased》	
2022/12/20	Them's Fightin' Herds	
2022/12/9	《Wildcat Gun Machine》	
2022/12/9	《黑街圣徒 IV：改选》	
2022/12/2	《RPG in a Box》	
2022/12/2	《Fort Triumph》	
2022/11/25	《星球大战™：战机中队》	
2022/11/18	Dark Deity	
2022/11/18	《Evil Dead: The Game》	
2022/11/11	《Alba - A Wildlife Adventure》	
2022/10/27	《Saturnalia》	
2022/10/27	Warhammer 40,000: Mechanicus - Standard Editio...	
2022/10/21	《Fallout 3》年度最佳游戏版	
2022/10/21	《Evoland》传奇版	
2022/10/15	ToeJam & Earl: Back in the Groove!	
2022/10/15	Darkwood	
2022/9/22	Gloomhaven	
2022/9/9	《Realm Royale Reforged》Epic Launch 同捆包	
2022/9/9	《Hundred Days》葡萄酒酿造模拟器	
2022/9/1	《Submerged: Hidden Depths》	
2022/8/25	Ring of Pain	
2022/8/18	《摔角城大乱斗》爆裂拳手内容包	
2022/8/11	《Cook, Serve, Delicious! 3?!》	
2022/8/5	《Unrailed!》	
2022/7/28	《割草模拟器》/ Lawn Mowing Simulator	
2022/7/22	传奇商店	
2022/7/22	《Tannenberg》	
2022/7/15	Wonder Boy The Dragons Trap	
2022/7/7	《Ancient Enemy》	
2022/6/30	《Iratus: Lord of the Dead》	
2022/6/30	《Hood: Outlaws & Legends》	
2022/6/30	《Geneforge 1 - Mutagen》	
2022/6/24	Car Mechanic Simulator 2018	
2022/6/24	A Game Of Thrones: The Board Game Digital Edit...	
2022/6/16	《Supraland》	
2022/6/9	《Maneater》	
2022/6/3	《Wolfenstein: The New Order》	
2022/5/27	《BioShock: The Collection》	
2022/5/20	《无主之地3》	
2022/4/8	《Rogue Legacy》	
2022/2/18	Brothers - A Tale of Two Sons	
2022/1/21	《瑞利达》	
2022/1/14	《Neverwinter》	
2022/1/14	Calamity of Undeath Epic 礼包	
2022/1/7	Gods Will Fall	
2021/12/31	《Shadow of the Tomb Raider：最终版》	
2021/12/31	《古墓丽影：崛起》20 周年纪念版	
2021/12/31	《古墓丽影》GAME OF THE YEAR EDITION	
2021/12/30	《Salt and Sanctuary》	
2021/12/29	《Moving Out》	
2021/12/28	《Mages of Mystralia》	
2021/12/26	《Prey》	
2021/12/25	《Pathfinder: Kingmaker》- Arcane Unleashed	
2021/12/25	《Pathfinder: Kingmaker》- Enhanced Plus Edition	
2021/12/24	Vampyr	
2021/12/22	《Second Extinction™》	
2021/12/21	《Loop Hero》	
2021/12/20	《The Vanishing of Ethan Carter》	
2021/12/18	《霓虹深渊》	
2021/12/17	DEATH STRANDING	
2021/12/17	《Shenmue III》标准版	
2021/12/10	《Prison Architect》	
2021/12/10	《Godfall Challenger Edition》	
2021/12/9	《while True: learn()》	
2021/12/9	《Dead by Daylight》	
2021/11/26	theHunter: Call of the Wild™	
2021/7/8	《Bridge Constructor: The Walking Dead》	
2021/7/8	《Ironcast》	
2021/7/2	《The Spectrum Retreat》	
2021/6/25	《Sonic Mania》	
2021/6/25	《Horizon Chase Turbo》	
2021/6/17	《Hell is Other Demons》	
2021/6/17	《Overcooked!2》	
2021/6/11	《Control》	
2021/6/4	《冰汽时代》	
2021/5/28	《Among Us》	
2021/5/20	《NBA 2K21》	
2021/5/13	《The Lion's Song》	
2021/4/30	《Idle Champions of the Forgotten Realms》	
2021/4/22	《Hand of Fate 2》	
2021/4/15	《Ken Follett's The Pillars of the Earth》	
2021/4/15	《Deponia: The Complete Journey》	
2021/4/15	《The First Tree》	
2021/3/12	《火星求生》	
2021/3/5	Primordials: Battle of Gods	
2021/2/26	《Sunless Sea》	
2021/2/19	《Absolute Drift》	
2021/2/19	《RAGE 2》	
2021/2/12	《Halcyon 6: Starbase Commander》	
2021/2/5	《For The King》	
2021/2/5	《Metro Last Light Redux》	
2021/1/29	《Dandara: Trials of Fear Edition》	
2021/1/22	《Galactic Civilizations III》	
2021/1/15	《星球大战™：前线™ II》庆典版	
2021/1/8	《哀恸之日》	
2021/1/8	《哀恸之日》演示版	
2021/1/1	《侏罗纪世界：进化》	
2020/12/30	《Solitairica》	
2020/12/29	《Stranded Deep》	
2020/12/28	《Night in the Woods》	
2020/12/27	《My Time At Portia》	
2020/12/26	《Darkest Dungeon®》	
2020/12/24	《Tropico 5》	
2020/12/22	《Alien: Isolation》	
2020/12/21	《Defense Grid: The Awakening》	
2020/12/20	《The Long Dark》	
2020/12/19	《Oddworld: New 'n' Tasty》	
2020/12/18	《Cities: Skylines》	
2020/12/11	《Tyranny - Gold Edition》	
2020/12/11	《永恒之柱：终极版》	
2020/12/4	《Cave Story+》	
2020/11/27	MudRunner	
2020/11/20	《The World Next Door》	
2020/11/20	《Elite Dangerous》	
2020/11/13	《The Textorcist: The Story of Ray Bibbia》	
2020/11/6	《地下城3》	
2020/10/29	Ghostbusters: The Video Game Remastered	
2020/10/29	《Blair Witch》	
2020/10/22	《Costume Quest 2》	
2020/10/22	《Layers of Fear 2》	
2020/10/15	《Kingdom: New Lands》	
2020/10/15	《Amnesia: A Machine for Pigs》	
2020/10/1	《Pikuniku》	
2020/9/24	《RollerCoaster Tycoon 3 Complete Edition》	
2020/9/17	《Football Manager 2020》	
2020/9/17	《Stick It To The Man!》	
2020/9/10	《Where The Water Tastes Likes Wine》	
2020/9/10	《铁路帝国》	
2020/9/3	Commander Lilith DLC	
2020/8/27	Shadowrun Collection	
2020/8/27	《HITMAN》	
2020/8/21	God's Trigger	
2020/8/21	《Enter the Gungeon》	
2020/8/14	《A Total War Saga: TROY》	
2020/8/14	《阿尔托系列游戏合集》	
2020/8/14	《Remnant: From the Ashes》	
2020/8/7	《3 out of 10, EP 1》：Welcome To Shovelworks	
2020/8/6	《Wilmot's Warehouse》	
2020/7/31	《Superbrothers:Sword & Sworcery EP》	
2020/7/31	《20XX》	
2020/7/31	《Barony》	
2020/7/24	《Next Up Hero》	
2020/7/17	《Torchlight II》	
2020/7/10	《The Escapists 2》	
2020/7/10	《Lifeless Planet:Premier Edition》	
2020/7/10	《Killing Floor 2》	
2020/7/3	《Hue》	
2020/6/26	《Stranger Things 3:The Game》	
2020/6/26	《AER Memories of Old》	
2020/6/19	《Pathway》	
2020/6/12	ARK Valguero	
2020/6/12	ARK Crystal Isles	
2020/6/12	ARK The Center	
2020/6/12	ARK Ragnarok	
2020/6/11	《SAMURAI SHODOWN NEOGEO COLLECTION》	
2020/6/11	ARK Modkit	
2020/6/11	《ARK: Survival Evolved》	
2020/6/5	Overcooked	
2020/5/29	Borderlands: The Handsome Collection	
2020/5/21	《席德·梅尔的文明®VI》	
2020/5/15	Grand Theft Auto V：在线模式豪华版	
2020/4/30	《Crashlands》	
2020/4/30	《Amnesia:The Dark Descent》	
2020/4/17	《Wheels of Aurelia》	
2020/4/17	Just Cause 4 Standard Edition	
2020/4/10	《Sherlock Holmes:Crimes and Punishments》	
2020/4/10	《Close To The Sun》	
2020/3/27	World War Z	
2020/2/14	《Aztez》	
2020/2/14	《天国：拯救》	
2020/2/7	关注《Ticket to Ride》	
2020/2/7	《Carcassonne》	
2020/1/17	Horace	
2020/1/10	Sundered：Eldritch 版本	
2020/1/2	《Darksiders II》死亡终极版	
2020/1/2	《Darksiders》战神版	
2020/1/1	《Yooka-Laylee and the Impossible Lair》	
2019/12/31	《Hello Neighbor》	
2019/12/30	《The Talos Principle》	
2019/12/29	《Shadow Tactics:Blades of the Shogun》	
2019/12/27	《FTL:Faster Than Light》	
2019/12/26	《Totally Accurate Battle Simulator》	
2019/12/24	《APE OUT》	
2019/12/23	Little Inferno	
2019/12/22	《SUPERHOT》	
2019/12/21	《TowerFall Ascension》	
2019/12/21	Red Dead Redemption 2	
2019/12/20	《Metro Exodus》 《Standard Edition》	
2019/12/20	Into the Breach	
2019/12/6	《Jotun:Valhalla Edition》	
2019/11/30	《AXIOM VERGE》	
2019/11/23	Bad North	
2019/9/27	Everything	
2019/9/27	《Metro 2033 Redux》	
2019/9/20	Lego Batman Trilogy	
2019/9/20	Batman Arkham - Trilogy	
2019/9/13	《Conarium》	
2019/8/29	《INSIDE》	
2019/8/29	Celeste	
2019/8/22	《Fez》	
2019/8/16	Hyper Light Drifter	
2019/8/16	Mutant Year Zero: Road to Eden	
2019/8/8	《GNOG》	
2019/8/3	《Alan Wake》	
2019/7/19	《Limbo》	
2019/7/12	Torchlight	
2019/5/3	World of Goo	
2019/4/19	《Transistor》	
