         Starting save kernel crash dump...
TRACE: KdumpTool::readConfiguration
Unable to ioctl(KDSETLED) -- are you not on the console? (Inappropriate ioctl for device)
TRACE: ConfigParser: Adding KDUMP_KERNELVER to variable list (default: '')
TRACE: ConfigParser: Adding KDUMP_CPUS to variable list (default: '1')
TRACE: ConfigParser: Adding KDUMP_COMMANDLINE to variable list (default: '')
TRACE: ConfigParser: Adding KDUMP_COMMANDLINE_APPEND to variable list (default: '')
TRACE: ConfigParser: Adding KEXEC_OPTIONS to variable list (default: '')
TRACE: ConfigParser: Adding MAKEDUMPFILE_OPTIONS to variable list (default: '')
TRACE: ConfigParser: Adding KDUMP_IMMEDIATE_REBOOT to variable list (default: 'yes')
TRACE: ConfigParser: Adding KDUMP_TRANSFER to variable list (default: '')
TRACE: ConfigParser: Adding KDUMP_SAVEDIR to variable list (default: '/var/log/dump')
TRACE: ConfigParser: Adding KDUMP_KEEP_OLD_DUMPS to variable list (default: '0')
TRACE: ConfigParser: Adding KDUMP_FREE_DISK_SIZE to variable list (default: '64')
TRACE: ConfigParser: Adding KDUMP_VERBOSE to variable list (default: '0')
TRACE: ConfigParser: Adding KDUMP_DUMPLEVEL to variable list (default: '31')
TRACE: ConfigParser: Adding KDUMP_DUMPFORMAT to variable list (default: 'compressed')
TRACE: ConfigParser: Adding KDUMP_CONTINUE_ON_ERROR to variable list (default: 'yes')
TRACE: ConfigParser: Adding KDUMP_REQUIRED_PROGRAMS to variable list (default: '')
TRACE: ConfigParser: Adding KDUMP_PRESCRIPT to variable list (default: '')
TRACE: ConfigParser: Adding KDUMP_POSTSCRIPT to variable list (default: '')
TRACE: ConfigParser: Adding KDUMP_COPY_KERNEL to variable list (default: 'yes')
TRACE: ConfigParser: Adding KDUMPTOOL_FLAGS to variable list (default: '')
TRACE: ConfigParser: Adding KDUMP_NETCONFIG to variable list (default: 'auto')
TRACE: ConfigParser: Adding KDUMP_NET_TIMEOUT to variable list (default: '30')
TRACE: ConfigParser: Adding KDUMP_SMTP_SERVER to variable list (default: '')
TRACE: ConfigParser: Adding KDUMP_SMTP_USER to variable list (default: '')
TRACE: ConfigParser: Adding KDUMP_SMTP_PASSWORD to variable list (default: '')
TRACE: ConfigParser: Adding KDUMP_NOTIFICATION_TO to variable list (default: '')
TRACE: ConfigParser: Adding KDUMP_NOTIFICATION_CC to variable list (default: '')
TRACE: ConfigParser: Adding KDUMP_HOST_KEY to variable list (default: '')
TRACE: ConfigParser: Adding KDUMP_SSH_IDENTITY to variable list (default: '')
TRACE: ProcessFilter::execute(/bin/sh, )
TRACE: SubProcess::spawn(/bin/sh, )
DEBUG: Forked child PID 464
TRACE: SubProcess::wait() on 464
DEBUG: PID 464 exited with status 0x0000
TRACE: ShellConfigParser: Parsing line KDUMPTOOL_FLAGS=
TRACE: ShellConfigParser: Setting KDUMPTOOL_FLAGS to 
TRACE: ShellConfigParser: Parsing line KDUMP_COMMANDLINE=
TRACE: ShellConfigParser: Setting KDUMP_COMMANDLINE to 
TRACE: ShellConfigParser: Parsing line KDUMP_COMMANDLINE_APPEND=
TRACE: ShellConfigParser: Setting KDUMP_COMMANDLINE_APPEND to 
TRACE: ShellConfigParser: Parsing line KDUMP_CONTINUE_ON_ERROR=yes
TRACE: ShellConfigParser: Setting KDUMP_CONTINUE_ON_ERROR to yes
TRACE: ShellConfigParser: Parsing line KDUMP_COPY_KERNEL=yes
TRACE: ShellConfigParser: Setting KDUMP_COPY_KERNEL to yes
TRACE: ShellConfigParser: Parsing line KDUMP_CPUS=1
TRACE: ShellConfigParser: Setting KDUMP_CPUS to 1
TRACE: ShellConfigParser: Parsing line KDUMP_DUMPFORMAT=lzo
TRACE: ShellConfigParser: Setting KDUMP_DUMPFORMAT to lzo
TRACE: ShellConfigParser: Parsing line KDUMP_DUMPLEVEL=31
TRACE: ShellConfigParser: Setting KDUMP_DUMPLEVEL to 31
TRACE: ShellConfigParser: Parsing line KDUMP_FREE_DISK_SIZE=64
TRACE: ShellConfigParser: Setting KDUMP_FREE_DISK_SIZE to 64
TRACE: ShellConfigParser: Parsing line KDUMP_HOST_KEY=
TRACE: ShellConfigParser: Setting KDUMP_HOST_KEY to 
TRACE: ShellConfigParser: Parsing line KDUMP_IMMEDIATE_REBOOT=yes
TRACE: ShellConfigParser: Setting KDUMP_IMMEDIATE_REBOOT to yes
TRACE: ShellConfigParser: Parsing line KDUMP_KEEP_OLD_DUMPS=5
TRACE: ShellConfigParser: Setting KDUMP_KEEP_OLD_DUMPS to 5
TRACE: ShellConfigParser: Parsing line KDUMP_KERNELVER=
TRACE: ShellConfigParser: Setting KDUMP_KERNELVER to 
TRACE: ShellConfigParser: Parsing line KDUMP_NETCONFIG=auto
TRACE: ShellConfigParser: Setting KDUMP_NETCONFIG to auto
TRACE: ShellConfigParser: Parsing line KDUMP_NET_TIMEOUT=30
TRACE: ShellConfigParser: Setting KDUMP_NET_TIMEOUT to 30
TRACE: ShellConfigParser: Parsing line KDUMP_NOTIFICATION_CC=
TRACE: ShellConfigParser: Setting KDUMP_NOTIFICATION_CC to 
TRACE: ShellConfigParser: Parsing line KDUMP_NOTIFICATION_TO=
TRACE: ShellConfigParser: Setting KDUMP_NOTIFICATION_TO to 
TRACE: ShellConfigParser: Parsing line KDUMP_POSTSCRIPT=
TRACE: ShellConfigParser: Setting KDUMP_POSTSCRIPT to 
TRACE: ShellConfigParser: Parsing line KDUMP_PRESCRIPT=
TRACE: ShellConfigParser: Setting KDUMP_PRESCRIPT to 
TRACE: ShellConfigParser: Parsing line KDUMP_REQUIRED_PROGRAMS=
TRACE: ShellConfigParser: Setting KDUMP_REQUIRED_PROGRAMS to 
TRACE: ShellConfigParser: Parsing line KDUMP_SAVEDIR=nfs://ziu.suse.de/nfs/firo
TRACE: ShellConfigParser: Setting KDUMP_SAVEDIR to nfs://ziu.suse.de/nfs/firo
TRACE: ShellConfigParser: Parsing line KDUMP_SMTP_PASSWORD=
TRACE: ShellConfigParser: Setting KDUMP_SMTP_PASSWORD to 
TRACE: ShellConfigParser: Parsing line KDUMP_SMTP_SERVER=
TRACE: ShellConfigParser: Setting KDUMP_SMTP_SERVER to 
TRACE: ShellConfigParser: Parsing line KDUMP_SMTP_USER=
TRACE: ShellConfigParser: Setting KDUMP_SMTP_USER to 
TRACE: ShellConfigParser: Parsing line KDUMP_SSH_IDENTITY=
TRACE: ShellConfigParser: Setting KDUMP_SSH_IDENTITY to 
TRACE: ShellConfigParser: Parsing line KDUMP_TRANSFER=
TRACE: ShellConfigParser: Setting KDUMP_TRANSFER to 
TRACE: ShellConfigParser: Parsing line KDUMP_VERBOSE=3
TRACE: ShellConfigParser: Setting KDUMP_VERBOSE to 3
TRACE: ShellConfigParser: Parsing line KEXEC_OPTIONS=
TRACE: ShellConfigParser: Setting KEXEC_OPTIONS to 
TRACE: ShellConfigParser: Parsing line MAKEDUMPFILE_OPTIONS=
TRACE: ShellConfigParser: Setting MAKEDUMPFILE_OPTIONS to 
TRACE: DeleteDumps::execute()
DEBUG: Using root dir /kdump, dry run: 0
DEBUG: keep 5 old dumps
TRACE: URLParser::URLParser(nfs://ziu.suse.de/nfs/firo)
TRACE: Scheme explicitly set to nfs
DEBUG: URL parsed as: protocol=nfs, host=ziu.suse.de, port=-1, username=, password=, path=/nfs/firo
Deletion of old dump only on local disk.
TRACE: getErrorCode: Returning error code of 0
TRACE: KdumpTool::~KdumpTool()
TRACE: KdumpTool::readConfiguration
TRACE: ConfigParser: Adding KDUMP_KERNELVER to variable list (default: '')
TRACE: ConfigParser: Adding KDUMP_CPUS to variable list (default: '1')
TRACE: ConfigParser: Adding KDUMP_COMMANDLINE to variable list (default: '')
TRACE: ConfigParser: Adding KDUMP_COMMANDLINE_APPEND to variable list (default: '')
TRACE: ConfigParser: Adding KEXEC_OPTIONS to variable list (default: '')
TRACE: ConfigParser: Adding MAKEDUMPFILE_OPTIONS to variable list (default: '')
TRACE: ConfigParser: Adding KDUMP_IMMEDIATE_REBOOT to variable list (default: 'yes')
TRACE: ConfigParser: Adding KDUMP_TRANSFER to variable list (default: '')
TRACE: ConfigParser: Adding KDUMP_SAVEDIR to variable list (default: '/var/log/dump')
TRACE: ConfigParser: Adding KDUMP_KEEP_OLD_DUMPS to variable list (default: '0')
TRACE: ConfigParser: Adding KDUMP_FREE_DISK_SIZE to variable list (default: '64')
TRACE: ConfigParser: Adding KDUMP_VERBOSE to variable list (default: '0')
TRACE: ConfigParser: Adding KDUMP_DUMPLEVEL to variable list (default: '31')
TRACE: ConfigParser: Adding KDUMP_DUMPFORMAT to variable list (default: 'compressed')
TRACE: ConfigParser: Adding KDUMP_CONTINUE_ON_ERROR to variable list (default: 'yes')
TRACE: ConfigParser: Adding KDUMP_REQUIRED_PROGRAMS to variable list (default: '')
TRACE: ConfigParser: Adding KDUMP_PRESCRIPT to variable list (default: '')
TRACE: ConfigParser: Adding KDUMP_POSTSCRIPT to variable list (default: '')
TRACE: ConfigParser: Adding KDUMP_COPY_KERNEL to variable list (default: 'yes')
TRACE: ConfigParser: Adding KDUMPTOOL_FLAGS to variable list (default: '')
TRACE: ConfigParser: Adding KDUMP_NETCONFIG to variable list (default: 'auto')
TRACE: ConfigParser: Adding KDUMP_NET_TIMEOUT to variable list (default: '30')
TRACE: ConfigParser: Adding KDUMP_SMTP_SERVER to variable list (default: '')
TRACE: ConfigParser: Adding KDUMP_SMTP_USER to variable list (default: '')
TRACE: ConfigParser: Adding KDUMP_SMTP_PASSWORD to variable list (default: '')
TRACE: ConfigParser: Adding KDUMP_NOTIFICATION_TO to variable list (default: '')
TRACE: ConfigParser: Adding KDUMP_NOTIFICATION_CC to variable list (default: '')
TRACE: ConfigParser: Adding KDUMP_HOST_KEY to variable list (default: '')
TRACE: ConfigParser: Adding KDUMP_SSH_IDENTITY to variable list (default: '')
TRACE: ProcessFilter::execute(/bin/sh, )
TRACE: SubProcess::spawn(/bin/sh, )
DEBUG: Forked child PID 466
TRACE: SubProcess::wait() on 466
DEBUG: PID 466 exited with status 0x0000
TRACE: ShellConfigParser: Parsing line KDUMPTOOL_FLAGS=
TRACE: ShellConfigParser: Setting KDUMPTOOL_FLAGS to 
TRACE: ShellConfigParser: Parsing line KDUMP_COMMANDLINE=
TRACE: ShellConfigParser: Setting KDUMP_COMMANDLINE to 
TRACE: ShellConfigParser: Parsing line KDUMP_COMMANDLINE_APPEND=
TRACE: ShellConfigParser: Setting KDUMP_COMMANDLINE_APPEND to 
TRACE: ShellConfigParser: Parsing line KDUMP_CONTINUE_ON_ERROR=yes
TRACE: ShellConfigParser: Setting KDUMP_CONTINUE_ON_ERROR to yes
TRACE: ShellConfigParser: Parsing line KDUMP_COPY_KERNEL=yes
TRACE: ShellConfigParser: Setting KDUMP_COPY_KERNEL to yes
TRACE: ShellConfigParser: Parsing line KDUMP_CPUS=1
TRACE: ShellConfigParser: Setting KDUMP_CPUS to 1
TRACE: ShellConfigParser: Parsing line KDUMP_DUMPFORMAT=lzo
TRACE: ShellConfigParser: Setting KDUMP_DUMPFORMAT to lzo
TRACE: ShellConfigParser: Parsing line KDUMP_DUMPLEVEL=31
TRACE: ShellConfigParser: Setting KDUMP_DUMPLEVEL to 31
TRACE: ShellConfigParser: Parsing line KDUMP_FREE_DISK_SIZE=64
TRACE: ShellConfigParser: Setting KDUMP_FREE_DISK_SIZE to 64
TRACE: ShellConfigParser: Parsing line KDUMP_HOST_KEY=
TRACE: ShellConfigParser: Setting KDUMP_HOST_KEY to 
TRACE: ShellConfigParser: Parsing line KDUMP_IMMEDIATE_REBOOT=yes
TRACE: ShellConfigParser: Setting KDUMP_IMMEDIATE_REBOOT to yes
TRACE: ShellConfigParser: Parsing line KDUMP_KEEP_OLD_DUMPS=5
TRACE: ShellConfigParser: Setting KDUMP_KEEP_OLD_DUMPS to 5
TRACE: ShellConfigParser: Parsing line KDUMP_KERNELVER=
TRACE: ShellConfigParser: Setting KDUMP_KERNELVER to 
TRACE: ShellConfigParser: Parsing line KDUMP_NETCONFIG=auto
TRACE: ShellConfigParser: Setting KDUMP_NETCONFIG to auto
TRACE: ShellConfigParser: Parsing line KDUMP_NET_TIMEOUT=30
TRACE: ShellConfigParser: Setting KDUMP_NET_TIMEOUT to 30
TRACE: ShellConfigParser: Parsing line KDUMP_NOTIFICATION_CC=
TRACE: ShellConfigParser: Setting KDUMP_NOTIFICATION_CC to 
TRACE: ShellConfigParser: Parsing line KDUMP_NOTIFICATION_TO=
TRACE: ShellConfigParser: Setting KDUMP_NOTIFICATION_TO to 
TRACE: ShellConfigParser: Parsing line KDUMP_POSTSCRIPT=
TRACE: ShellConfigParser: Setting KDUMP_POSTSCRIPT to 
TRACE: ShellConfigParser: Parsing line KDUMP_PRESCRIPT=
TRACE: ShellConfigParser: Setting KDUMP_PRESCRIPT to 
TRACE: ShellConfigParser: Parsing line KDUMP_REQUIRED_PROGRAMS=
TRACE: ShellConfigParser: Setting KDUMP_REQUIRED_PROGRAMS to 
TRACE: ShellConfigParser: Parsing line KDUMP_SAVEDIR=nfs://ziu.suse.de/nfs/firo
TRACE: ShellConfigParser: Setting KDUMP_SAVEDIR to nfs://ziu.suse.de/nfs/firo
TRACE: ShellConfigParser: Parsing line KDUMP_SMTP_PASSWORD=
TRACE: ShellConfigParser: Setting KDUMP_SMTP_PASSWORD to 
TRACE: ShellConfigParser: Parsing line KDUMP_SMTP_SERVER=
TRACE: ShellConfigParser: Setting KDUMP_SMTP_SERVER to 
TRACE: ShellConfigParser: Parsing line KDUMP_SMTP_USER=
TRACE: ShellConfigParser: Setting KDUMP_SMTP_USER to 
TRACE: ShellConfigParser: Parsing line KDUMP_SSH_IDENTITY=
TRACE: ShellConfigParser: Setting KDUMP_SSH_IDENTITY to 
TRACE: ShellConfigParser: Parsing line KDUMP_TRANSFER=
TRACE: ShellConfigParser: Setting KDUMP_TRANSFER to 
TRACE: ShellConfigParser: Parsing line KDUMP_VERBOSE=3
TRACE: ShellConfigParser: Setting KDUMP_VERBOSE to 3
TRACE: ShellConfigParser: Parsing line KEXEC_OPTIONS=
TRACE: ShellConfigParser: Setting KEXEC_OPTIONS to 
TRACE: ShellConfigParser: Parsing line MAKEDUMPFILE_OPTIONS=
TRACE: ShellConfigParser: Setting MAKEDUMPFILE_OPTIONS to 
TRACE: execute
DEBUG: dump: /proc/vmcore, root: /kdump, crashrelease: , hostname: germ47, nomail: 0
TRACE: URLParser::URLParser(nfs://ziu.suse.de/nfs/firo)
TRACE: Scheme explicitly set to nfs
DEBUG: URL parsed as: protocol=nfs, host=ziu.suse.de, port=-1, username=, password=, path=/nfs/firo
TRACE: resolve(ziu.suse.de)
TRACE: resolve(ziu.suse.de)
TRACE: resolve(ziu.suse.de)
TRACE: resolve(ziu.suse.de)
TRACE: resolve(ziu.suse.de)
TRACE: resolve(ziu.suse.de)
TRACE: resolve(ziu.suse.de)
TRACE: resolve(ziu.suse.de)
TRACE: resolve(ziu.suse.de)
[   15.531856] dracut-initqueue[416]: wicked: kdump0: acquire timeout 10 reached in state SELECTING
[   15.538484] dracut-initqueue[363]: Warning: DHCP failed
[   15.541730] dracut-initqueue[363]: Warning: dhcp for interface kdump0 failed
[   15.596608] dracut-initqueue[503]: wicked: kdump0: Request to acquire DHCPv4 lease with UUID 3cc89665-ffef-0300-f701-000001000000
TRACE: resolve(ziu.suse.de)
TRACE: resolve(ziu.suse.de)
TRACE: resolve(ziu.suse.de)
TRACE: resolve(ziu.suse.de)
[   18.988980] dracut-initqueue[503]: wicked: kdump0: Committed DHCPv4 lease with address 10.100.52.133 (lease time 1798, renew in 898 sec, rebind in 1573 sec)
[  OK  ] Finished dracut initqueue hook.
[  OK  ] Reached target Remote File Systems (Pre).
[  OK  ] Reached target Remote File Systems.
         Mounting /sysroot...
[  OK  ] Mounted /sysroot.
[  OK  ] Reached target Initrd Root File System.
TRACE: resolve(ziu.suse.de)
TRACE: hasRoute(ziu.suse.de)
TRACE: checkRoute(10.145.24.1)
DEBUG: m_prefsrc='10.100.52.133'
TRACE: URLParser::URLParser(nfs://ziu.suse.de/nfs/firo/10.100.52.133-2024-01-04-16:01)
TRACE: Scheme explicitly set to nfs
DEBUG: URL parsed as: protocol=nfs, host=ziu.suse.de, port=-1, username=, password=, path=/nfs/firo/10.100.52.133-2024-01-04-16:01
TRACE: SaveDump::getTransfer(0x7ffd9086a0f0)
DEBUG: Returning NFSTransfer
TRACE: resolve(ziu.suse.de)
TRACE: hasRoute(ziu.suse.de)
TRACE: checkRoute(10.145.24.1)
DEBUG: m_prefsrc='10.100.52.133'
TRACE: mkdir(/mnt/ziu.suse.de/nfs/firo, 1)
TRACE: mkdir(/mnt, 0)
DEBUG: ::mkdir(/mnt)
TRACE: mkdir(/mnt/ziu.suse.de, 0)
DEBUG: ::mkdir(/mnt/ziu.suse.de)
TRACE: mkdir(/mnt/ziu.suse.de/nfs, 0)
DEBUG: ::mkdir(/mnt/ziu.suse.de/nfs)
TRACE: mkdir(/mnt/ziu.suse.de/nfs/firo, 0)
DEBUG: ::mkdir(/mnt/ziu.suse.de/nfs/firo)
DEBUG: Path: /nfs/firo/10.100.52.133-2024-01-04-16:01, Mountpoint: /mnt/ziu.suse.de/nfs/firo, Rest: 10.100.52.133-2024-01-04-16:01
TRACE: FileUtil::nfsmount(ziu.suse.de, /nfs/firo, /mnt/ziu.suse.de/nfs/firo, nolock)
TRACE: FileUtil::mount(ziu.suse.de:/nfs/firo /mnt/ziu.suse.de/nfs/firo, nfs, nolock)
TRACE: ProcessFilter::execute(mount, -o:nolock:-t:nfs:ziu.suse.de:/nfs/firo:/mnt/ziu.suse.de/nfs/firo)
TRACE: SubProcess::spawn(mount, -o:nolock:-t:nfs:ziu.suse.de:/nfs/firo:/mnt/ziu.suse.de/nfs/firo)
DEBUG: Forked child PID 514
[   20.088335] FS-Cache: Loaded
[   20.158453] FS-Cache: Netfs 'nfs' registered for caching
[   20.170041] Key type dns_resolver registered
[   20.340229] NFS: Registering the id_resolver key type
[   20.341411] Key type id_resolver registered
[   20.342343] Key type id_legacy registered
TRACE: SubProcess::wait() on 514
DEBUG: PID 514 exited with status 0x0000
DEBUG: Mount:0
TRACE: URLParser::URLParser(file:///mnt/ziu.suse.de/nfs/firo/10.100.52.133-2024-01-04-16:01)
TRACE: Scheme explicitly set to file
DEBUG: URL parsed as: protocol=file, host=, port=-1, username=, password=, path=/mnt/ziu.suse.de/nfs/firo/10.100.52.133-2024-01-04-16:01
TRACE: getCanonicalPathRoot(/mnt/ziu.suse.de/nfs/firo/10.100.52.133-2024-01-04-16:01, )
TRACE: Real path using root dir (): /mnt/ziu.suse.de/nfs/firo/10.100.52.133-2024-01-04-16:01
TRACE: mkdir(/mnt/ziu.suse.de/nfs/firo/10.100.52.133-2024-01-04-16:01, 1)
TRACE: mkdir(/mnt, 0)
DEBUG: ::mkdir(/mnt)
TRACE: mkdir(/mnt/ziu.suse.de, 0)
DEBUG: ::mkdir(/mnt/ziu.suse.de)
TRACE: mkdir(/mnt/ziu.suse.de/nfs, 0)
DEBUG: ::mkdir(/mnt/ziu.suse.de/nfs)
TRACE: mkdir(/mnt/ziu.suse.de/nfs/firo, 0)
DEBUG: ::mkdir(/mnt/ziu.suse.de/nfs/firo)
TRACE: mkdir(/mnt/ziu.suse.de/nfs/firo/10.100.52.133-2024-01-04-16:01, 0)
DEBUG: ::mkdir(/mnt/ziu.suse.de/nfs/firo/10.100.52.133-2024-01-04-16:01)
mkdir of /mnt/ziu.suse.de/nfs/firo/10.100.52.133-2024-01-04-16:01 failed. (Permission denied)
TRACE: getErrorCode: Returning error code of 0
TRACE: KdumpTool::~KdumpTool()
TRACE: SaveDump::~SaveDump()
Last command failed (255).
umount: /sys/fs/cgroup/unified: target is busy.
umount: /sys/fs/cgroup: target is busy.
umount: /run: target is busy.
umount: /dev: target is busy.
umount: /: not mounted.
Rebooting.
[   20.786157] disable async PF for cpu 0
[   20.819064] reboot: Restarting system
[   20.819958] reboot: machine restart
