2.1M	lib/modules/3.17.0-rc4+/kernel/sound/firewire
1020K	lib/modules/3.17.0-rc4+/kernel/sound/i2c/other
1.5M	lib/modules/3.17.0-rc4+/kernel/sound/i2c
444K	lib/modules/3.17.0-rc4+/kernel/sound/drivers/mpu401
1.2M	lib/modules/3.17.0-rc4+/kernel/sound/drivers/opl3
648K	lib/modules/3.17.0-rc4+/kernel/sound/drivers/pcsp
1.3M	lib/modules/3.17.0-rc4+/kernel/sound/drivers/vx
5.3M	lib/modules/3.17.0-rc4+/kernel/sound/drivers
484K	lib/modules/3.17.0-rc4+/kernel/sound/isa/sb
488K	lib/modules/3.17.0-rc4+/kernel/sound/isa
1.4M	lib/modules/3.17.0-rc4+/kernel/sound/synth/emux
1.6M	lib/modules/3.17.0-rc4+/kernel/sound/synth
1.1M	lib/modules/3.17.0-rc4+/kernel/sound/usb/usx2y
1.2M	lib/modules/3.17.0-rc4+/kernel/sound/usb/caiaq
464K	lib/modules/3.17.0-rc4+/kernel/sound/usb/hiface
364K	lib/modules/3.17.0-rc4+/kernel/sound/usb/misc
1.2M	lib/modules/3.17.0-rc4+/kernel/sound/usb/6fire
7.1M	lib/modules/3.17.0-rc4+/kernel/sound/usb
8.1M	lib/modules/3.17.0-rc4+/kernel/sound/pci/hda
1.3M	lib/modules/3.17.0-rc4+/kernel/sound/pci/cs46xx
420K	lib/modules/3.17.0-rc4+/kernel/sound/pci/riptide
1.3M	lib/modules/3.17.0-rc4+/kernel/sound/pci/pcxhr
1.7M	lib/modules/3.17.0-rc4+/kernel/sound/pci/au88x0
1.1M	lib/modules/3.17.0-rc4+/kernel/sound/pci/ac97
392K	lib/modules/3.17.0-rc4+/kernel/sound/pci/korg1212
2.3M	lib/modules/3.17.0-rc4+/kernel/sound/pci/ctxfi
1.1M	lib/modules/3.17.0-rc4+/kernel/sound/pci/lola
924K	lib/modules/3.17.0-rc4+/kernel/sound/pci/ca0106
636K	lib/modules/3.17.0-rc4+/kernel/sound/pci/lx6464es
5.2M	lib/modules/3.17.0-rc4+/kernel/sound/pci/ice1712
1.7M	lib/modules/3.17.0-rc4+/kernel/sound/pci/rme9652
676K	lib/modules/3.17.0-rc4+/kernel/sound/pci/ymfpci
504K	lib/modules/3.17.0-rc4+/kernel/sound/pci/vx222
432K	lib/modules/3.17.0-rc4+/kernel/sound/pci/nm256
2.8M	lib/modules/3.17.0-rc4+/kernel/sound/pci/oxygen
1008K	lib/modules/3.17.0-rc4+/kernel/sound/pci/mixart
440K	lib/modules/3.17.0-rc4+/kernel/sound/pci/ali5451
840K	lib/modules/3.17.0-rc4+/kernel/sound/pci/trident
2.2M	lib/modules/3.17.0-rc4+/kernel/sound/pci/asihpi
6.2M	lib/modules/3.17.0-rc4+/kernel/sound/pci/echoaudio
4.2M	lib/modules/3.17.0-rc4+/kernel/sound/pci/emu10k1
54M	lib/modules/3.17.0-rc4+/kernel/sound/pci
2.0M	lib/modules/3.17.0-rc4+/kernel/sound/core/oss
1.6M	lib/modules/3.17.0-rc4+/kernel/sound/core/seq/oss
4.9M	lib/modules/3.17.0-rc4+/kernel/sound/core/seq
12M	lib/modules/3.17.0-rc4+/kernel/sound/core
84M	lib/modules/3.17.0-rc4+/kernel/sound
1.9M	lib/modules/3.17.0-rc4+/kernel/fs/fat
7.0M	lib/modules/3.17.0-rc4+/kernel/fs/nls
1.3M	lib/modules/3.17.0-rc4+/kernel/fs/affs
2.0M	lib/modules/3.17.0-rc4+/kernel/fs/fscache
2.2M	lib/modules/3.17.0-rc4+/kernel/fs/squashfs
2.1M	lib/modules/3.17.0-rc4+/kernel/fs/ecryptfs
12M	lib/modules/3.17.0-rc4+/kernel/fs/cifs
2.1M	lib/modules/3.17.0-rc4+/kernel/fs/hfs
296K	lib/modules/3.17.0-rc4+/kernel/fs/pstore
1.8M	lib/modules/3.17.0-rc4+/kernel/fs/fuse
1.7M	lib/modules/3.17.0-rc4+/kernel/fs/coda
2.1M	lib/modules/3.17.0-rc4+/kernel/fs/ocfs2/cluster
3.9M	lib/modules/3.17.0-rc4+/kernel/fs/ocfs2/dlm
480K	lib/modules/3.17.0-rc4+/kernel/fs/ocfs2/dlmfs
21M	lib/modules/3.17.0-rc4+/kernel/fs/ocfs2
408K	lib/modules/3.17.0-rc4+/kernel/fs/romfs
3.6M	lib/modules/3.17.0-rc4+/kernel/fs/dlm
4.6M	lib/modules/3.17.0-rc4+/kernel/fs/lockd
1.9M	lib/modules/3.17.0-rc4+/kernel/fs/ufs
1.3M	lib/modules/3.17.0-rc4+/kernel/fs/sysv
4.1M	lib/modules/3.17.0-rc4+/kernel/fs/hfsplus
16M	lib/modules/3.17.0-rc4+/kernel/fs/btrfs
4.3M	lib/modules/3.17.0-rc4+/kernel/fs/jfs
868K	lib/modules/3.17.0-rc4+/kernel/fs/befs
1.1M	lib/modules/3.17.0-rc4+/kernel/fs/minix
312K	lib/modules/3.17.0-rc4+/kernel/fs/cramfs
1.6M	lib/modules/3.17.0-rc4+/kernel/fs/cachefiles
1.2M	lib/modules/3.17.0-rc4+/kernel/fs/nfs/objlayout
908K	lib/modules/3.17.0-rc4+/kernel/fs/nfs/filelayout
1.7M	lib/modules/3.17.0-rc4+/kernel/fs/nfs/blocklayout
22M	lib/modules/3.17.0-rc4+/kernel/fs/nfs
6.0M	lib/modules/3.17.0-rc4+/kernel/fs/gfs2
2.5M	lib/modules/3.17.0-rc4+/kernel/fs/9p
1.1M	lib/modules/3.17.0-rc4+/kernel/fs/isofs
23M	lib/modules/3.17.0-rc4+/kernel/fs/xfs
6.0M	lib/modules/3.17.0-rc4+/kernel/fs/ubifs
2.3M	lib/modules/3.17.0-rc4+/kernel/fs/udf
192K	lib/modules/3.17.0-rc4+/kernel/fs/nfs_common
5.3M	lib/modules/3.17.0-rc4+/kernel/fs/reiserfs
4.5M	lib/modules/3.17.0-rc4+/kernel/fs/ceph
776K	lib/modules/3.17.0-rc4+/kernel/fs/exofs
5.4M	lib/modules/3.17.0-rc4+/kernel/fs/nilfs2
2.0M	lib/modules/3.17.0-rc4+/kernel/fs/ncpfs
6.3M	lib/modules/3.17.0-rc4+/kernel/fs/nfsd
179M	lib/modules/3.17.0-rc4+/kernel/fs
340K	lib/modules/3.17.0-rc4+/kernel/security/keys/encrypted-keys
580K	lib/modules/3.17.0-rc4+/kernel/security/keys
584K	lib/modules/3.17.0-rc4+/kernel/security
264K	lib/modules/3.17.0-rc4+/kernel/drivers/power
5.3M	lib/modules/3.17.0-rc4+/kernel/drivers/edac
3.8M	lib/modules/3.17.0-rc4+/kernel/drivers/message/fusion
3.8M	lib/modules/3.17.0-rc4+/kernel/drivers/message
196K	lib/modules/3.17.0-rc4+/kernel/drivers/base/regmap
200K	lib/modules/3.17.0-rc4+/kernel/drivers/base
1.8M	lib/modules/3.17.0-rc4+/kernel/drivers/dma/ioat
740K	lib/modules/3.17.0-rc4+/kernel/drivers/dma/dw
2.5M	lib/modules/3.17.0-rc4+/kernel/drivers/dma
868K	lib/modules/3.17.0-rc4+/kernel/drivers/tty/ipwireless
352K	lib/modules/3.17.0-rc4+/kernel/drivers/tty/serial/8250
744K	lib/modules/3.17.0-rc4+/kernel/drivers/tty/serial/jsm
1.4M	lib/modules/3.17.0-rc4+/kernel/drivers/tty/serial
6.6M	lib/modules/3.17.0-rc4+/kernel/drivers/tty
276K	lib/modules/3.17.0-rc4+/kernel/drivers/iommu
1.6M	lib/modules/3.17.0-rc4+/kernel/drivers/isdn/hysdn
3.4M	lib/modules/3.17.0-rc4+/kernel/drivers/isdn/gigaset
2.8M	lib/modules/3.17.0-rc4+/kernel/drivers/isdn/i4l
2.3M	lib/modules/3.17.0-rc4+/kernel/drivers/isdn/hardware/avm
6.7M	lib/modules/3.17.0-rc4+/kernel/drivers/isdn/hardware/eicon
4.8M	lib/modules/3.17.0-rc4+/kernel/drivers/isdn/hardware/mISDN
14M	lib/modules/3.17.0-rc4+/kernel/drivers/isdn/hardware
572K	lib/modules/3.17.0-rc4+/kernel/drivers/isdn/divert
16M	lib/modules/3.17.0-rc4+/kernel/drivers/isdn/hisax
5.7M	lib/modules/3.17.0-rc4+/kernel/drivers/isdn/mISDN
1.6M	lib/modules/3.17.0-rc4+/kernel/drivers/isdn/capi
45M	lib/modules/3.17.0-rc4+/kernel/drivers/isdn
1.8M	lib/modules/3.17.0-rc4+/kernel/drivers/acpi
1.2M	lib/modules/3.17.0-rc4+/kernel/drivers/fmc
36M	lib/modules/3.17.0-rc4+/kernel/drivers/gpu/drm/radeon
1.8M	lib/modules/3.17.0-rc4+/kernel/drivers/gpu/drm/mgag200
1.9M	lib/modules/3.17.0-rc4+/kernel/drivers/gpu/drm/ast
6.5M	lib/modules/3.17.0-rc4+/kernel/drivers/gpu/drm/vmwgfx
73M	lib/modules/3.17.0-rc4+/kernel/drivers/gpu/drm/nouveau
1.2M	lib/modules/3.17.0-rc4+/kernel/drivers/gpu/drm/i2c
21M	lib/modules/3.17.0-rc4+/kernel/drivers/gpu/drm/i915
1.4M	lib/modules/3.17.0-rc4+/kernel/drivers/gpu/drm/cirrus
1.9M	lib/modules/3.17.0-rc4+/kernel/drivers/gpu/drm/udl
1.8M	lib/modules/3.17.0-rc4+/kernel/drivers/gpu/drm/via
300K	lib/modules/3.17.0-rc4+/kernel/drivers/gpu/drm/bridge
1.3M	lib/modules/3.17.0-rc4+/kernel/drivers/gpu/drm/bochs
2.5M	lib/modules/3.17.0-rc4+/kernel/drivers/gpu/drm/ttm
4.0M	lib/modules/3.17.0-rc4+/kernel/drivers/gpu/drm/qxl
7.7M	lib/modules/3.17.0-rc4+/kernel/drivers/gpu/drm/gma500
170M	lib/modules/3.17.0-rc4+/kernel/drivers/gpu/drm
170M	lib/modules/3.17.0-rc4+/kernel/drivers/gpu
292K	lib/modules/3.17.0-rc4+/kernel/drivers/dca
1.2M	lib/modules/3.17.0-rc4+/kernel/drivers/uio
888K	lib/modules/3.17.0-rc4+/kernel/drivers/firmware
2.6M	lib/modules/3.17.0-rc4+/kernel/drivers/mtd/ubi
160K	lib/modules/3.17.0-rc4+/kernel/drivers/mtd/chips
4.3M	lib/modules/3.17.0-rc4+/kernel/drivers/mtd
1.6M	lib/modules/3.17.0-rc4+/kernel/drivers/bcma
700K	lib/modules/3.17.0-rc4+/kernel/drivers/nfc/st21nfca
656K	lib/modules/3.17.0-rc4+/kernel/drivers/nfc/microread
504K	lib/modules/3.17.0-rc4+/kernel/drivers/nfc/nfcmrvl
708K	lib/modules/3.17.0-rc4+/kernel/drivers/nfc/pn544
3.8M	lib/modules/3.17.0-rc4+/kernel/drivers/nfc
1.6M	lib/modules/3.17.0-rc4+/kernel/drivers/cpufreq
684K	lib/modules/3.17.0-rc4+/kernel/drivers/thermal
460K	lib/modules/3.17.0-rc4+/kernel/drivers/gpio
2.1M	lib/modules/3.17.0-rc4+/kernel/drivers/ssb
1004K	lib/modules/3.17.0-rc4+/kernel/drivers/mmc/card
4.3M	lib/modules/3.17.0-rc4+/kernel/drivers/mmc/host
2.8M	lib/modules/3.17.0-rc4+/kernel/drivers/mmc/core
8.0M	lib/modules/3.17.0-rc4+/kernel/drivers/mmc
2.9M	lib/modules/3.17.0-rc4+/kernel/drivers/firewire
1.5M	lib/modules/3.17.0-rc4+/kernel/drivers/memstick/host
600K	lib/modules/3.17.0-rc4+/kernel/drivers/memstick/core
2.1M	lib/modules/3.17.0-rc4+/kernel/drivers/memstick
608K	lib/modules/3.17.0-rc4+/kernel/drivers/uwb/i1480/dfu
824K	lib/modules/3.17.0-rc4+/kernel/drivers/uwb/i1480
4.8M	lib/modules/3.17.0-rc4+/kernel/drivers/uwb
400K	lib/modules/3.17.0-rc4+/kernel/drivers/i2c/algos
5.5M	lib/modules/3.17.0-rc4+/kernel/drivers/i2c/busses
7.4M	lib/modules/3.17.0-rc4+/kernel/drivers/i2c
2.1M	lib/modules/3.17.0-rc4+/kernel/drivers/hv
7.4M	lib/modules/3.17.0-rc4+/kernel/drivers/rtc
4.4M	lib/modules/3.17.0-rc4+/kernel/drivers/md/bcache
2.1M	lib/modules/3.17.0-rc4+/kernel/drivers/md/persistent-data
16M	lib/modules/3.17.0-rc4+/kernel/drivers/md
4.2M	lib/modules/3.17.0-rc4+/kernel/drivers/scsi/isci
1.8M	lib/modules/3.17.0-rc4+/kernel/drivers/scsi/fcoe
3.9M	lib/modules/3.17.0-rc4+/kernel/drivers/scsi/aic7xxx
2.8M	lib/modules/3.17.0-rc4+/kernel/drivers/scsi/mpt3sas
1.7M	lib/modules/3.17.0-rc4+/kernel/drivers/scsi/bnx2i
1.7M	lib/modules/3.17.0-rc4+/kernel/drivers/scsi/mvsas
1.2M	lib/modules/3.17.0-rc4+/kernel/drivers/scsi/device_handler
8.4M	lib/modules/3.17.0-rc4+/kernel/drivers/scsi/bfa
2.7M	lib/modules/3.17.0-rc4+/kernel/drivers/scsi/libfc
672K	lib/modules/3.17.0-rc4+/kernel/drivers/scsi/cxgbi/cxgb4i
612K	lib/modules/3.17.0-rc4+/kernel/drivers/scsi/cxgbi/cxgb3i
2.1M	lib/modules/3.17.0-rc4+/kernel/drivers/scsi/cxgbi
2.3M	lib/modules/3.17.0-rc4+/kernel/drivers/scsi/pm8001
2.9M	lib/modules/3.17.0-rc4+/kernel/drivers/scsi/esas2r
1.5M	lib/modules/3.17.0-rc4+/kernel/drivers/scsi/sym53c8xx_2
724K	lib/modules/3.17.0-rc4+/kernel/drivers/scsi/ufs
2.1M	lib/modules/3.17.0-rc4+/kernel/drivers/scsi/be2iscsi
2.2M	lib/modules/3.17.0-rc4+/kernel/drivers/scsi/megaraid
2.5M	lib/modules/3.17.0-rc4+/kernel/drivers/scsi/mpt2sas
3.5M	lib/modules/3.17.0-rc4+/kernel/drivers/scsi/csiostor
728K	lib/modules/3.17.0-rc4+/kernel/drivers/scsi/osd
11M	lib/modules/3.17.0-rc4+/kernel/drivers/scsi/qla2xxx
5.5M	lib/modules/3.17.0-rc4+/kernel/drivers/scsi/qla4xxx
3.2M	lib/modules/3.17.0-rc4+/kernel/drivers/scsi/libsas
2.7M	lib/modules/3.17.0-rc4+/kernel/drivers/scsi/bnx2fc
3.6M	lib/modules/3.17.0-rc4+/kernel/drivers/scsi/fnic
7.4M	lib/modules/3.17.0-rc4+/kernel/drivers/scsi/lpfc
692K	lib/modules/3.17.0-rc4+/kernel/drivers/scsi/arcmsr
2.8M	lib/modules/3.17.0-rc4+/kernel/drivers/scsi/aacraid
105M	lib/modules/3.17.0-rc4+/kernel/drivers/scsi
5.6M	lib/modules/3.17.0-rc4+/kernel/drivers/watchdog
344K	lib/modules/3.17.0-rc4+/kernel/drivers/hid/i2c-hid
17M	lib/modules/3.17.0-rc4+/kernel/drivers/hid
616K	lib/modules/3.17.0-rc4+/kernel/drivers/ptp
20M	lib/modules/3.17.0-rc4+/kernel/drivers/ata
1.6M	lib/modules/3.17.0-rc4+/kernel/drivers/vhost
616K	lib/modules/3.17.0-rc4+/kernel/drivers/target/sbp
1.7M	lib/modules/3.17.0-rc4+/kernel/drivers/target/tcm_fc
532K	lib/modules/3.17.0-rc4+/kernel/drivers/target/loopback
7.9M	lib/modules/3.17.0-rc4+/kernel/drivers/target/iscsi
19M	lib/modules/3.17.0-rc4+/kernel/drivers/target
280K	lib/modules/3.17.0-rc4+/kernel/drivers/idle
992K	lib/modules/3.17.0-rc4+/kernel/drivers/pcmcia
7.1M	lib/modules/3.17.0-rc4+/kernel/drivers/bluetooth
1.9M	lib/modules/3.17.0-rc4+/kernel/drivers/parport
1000K	lib/modules/3.17.0-rc4+/kernel/drivers/video/fbdev
756K	lib/modules/3.17.0-rc4+/kernel/drivers/video/backlight
2.1M	lib/modules/3.17.0-rc4+/kernel/drivers/video
2.2M	lib/modules/3.17.0-rc4+/kernel/drivers/hwmon/pmbus
31M	lib/modules/3.17.0-rc4+/kernel/drivers/hwmon
1.9M	lib/modules/3.17.0-rc4+/kernel/drivers/char/ipmi
1008K	lib/modules/3.17.0-rc4+/kernel/drivers/char/hw_random
764K	lib/modules/3.17.0-rc4+/kernel/drivers/char/pcmcia
2.1M	lib/modules/3.17.0-rc4+/kernel/drivers/char/tpm
592K	lib/modules/3.17.0-rc4+/kernel/drivers/char/mwave
8.2M	lib/modules/3.17.0-rc4+/kernel/drivers/char
6.0M	lib/modules/3.17.0-rc4+/kernel/drivers/media/v4l2-core
512K	lib/modules/3.17.0-rc4+/kernel/drivers/media/dvb-frontends/drx39xyj
28M	lib/modules/3.17.0-rc4+/kernel/drivers/media/dvb-frontends
268K	lib/modules/3.17.0-rc4+/kernel/drivers/media/mmc/siano
272K	lib/modules/3.17.0-rc4+/kernel/drivers/media/mmc
1.8M	lib/modules/3.17.0-rc4+/kernel/drivers/media/firewire
1.3M	lib/modules/3.17.0-rc4+/kernel/drivers/media/i2c/cx25840
11M	lib/modules/3.17.0-rc4+/kernel/drivers/media/i2c
1.1M	lib/modules/3.17.0-rc4+/kernel/drivers/media/radio/si470x
4.8M	lib/modules/3.17.0-rc4+/kernel/drivers/media/radio
1.7M	lib/modules/3.17.0-rc4+/kernel/drivers/media/dvb-core
896K	lib/modules/3.17.0-rc4+/kernel/drivers/media/usb/cpia2
1.6M	lib/modules/3.17.0-rc4+/kernel/drivers/media/usb/tlg2300
1.1M	lib/modules/3.17.0-rc4+/kernel/drivers/media/usb/hdpvr
1.4M	lib/modules/3.17.0-rc4+/kernel/drivers/media/usb/stk1160
5.9M	lib/modules/3.17.0-rc4+/kernel/drivers/media/usb/pvrusb2
564K	lib/modules/3.17.0-rc4+/kernel/drivers/media/usb/usbtv
2.2M	lib/modules/3.17.0-rc4+/kernel/drivers/media/usb/au0828
2.4M	lib/modules/3.17.0-rc4+/kernel/drivers/media/usb/uvc
464K	lib/modules/3.17.0-rc4+/kernel/drivers/media/usb/s2255
452K	lib/modules/3.17.0-rc4+/kernel/drivers/media/usb/ttusb-budget
3.4M	lib/modules/3.17.0-rc4+/kernel/drivers/media/usb/em28xx
400K	lib/modules/3.17.0-rc4+/kernel/drivers/media/usb/zr364xx
332K	lib/modules/3.17.0-rc4+/kernel/drivers/media/usb/siano
4.5M	lib/modules/3.17.0-rc4+/kernel/drivers/media/usb/cx231xx
2.2M	lib/modules/3.17.0-rc4+/kernel/drivers/media/usb/pwc
7.5M	lib/modules/3.17.0-rc4+/kernel/drivers/media/usb/dvb-usb-v2
1.3M	lib/modules/3.17.0-rc4+/kernel/drivers/media/usb/gspca/gl860
1.3M	lib/modules/3.17.0-rc4+/kernel/drivers/media/usb/gspca/stv06xx
1.7M	lib/modules/3.17.0-rc4+/kernel/drivers/media/usb/gspca/m5602
20M	lib/modules/3.17.0-rc4+/kernel/drivers/media/usb/gspca
616K	lib/modules/3.17.0-rc4+/kernel/drivers/media/usb/stkwebcam
15M	lib/modules/3.17.0-rc4+/kernel/drivers/media/usb/dvb-usb
1.2M	lib/modules/3.17.0-rc4+/kernel/drivers/media/usb/usbvision
2.6M	lib/modules/3.17.0-rc4+/kernel/drivers/media/usb/tm6000
720K	lib/modules/3.17.0-rc4+/kernel/drivers/media/usb/ttusb-dec
400K	lib/modules/3.17.0-rc4+/kernel/drivers/media/usb/b2c2
75M	lib/modules/3.17.0-rc4+/kernel/drivers/media/usb
17M	lib/modules/3.17.0-rc4+/kernel/drivers/media/rc/keymaps
24M	lib/modules/3.17.0-rc4+/kernel/drivers/media/rc
4.1M	lib/modules/3.17.0-rc4+/kernel/drivers/media/pci/bt8xx
5.3M	lib/modules/3.17.0-rc4+/kernel/drivers/media/pci/ttpci
4.2M	lib/modules/3.17.0-rc4+/kernel/drivers/media/pci/saa7164
5.1M	lib/modules/3.17.0-rc4+/kernel/drivers/media/pci/saa7134
448K	lib/modules/3.17.0-rc4+/kernel/drivers/media/pci/dm1105
396K	lib/modules/3.17.0-rc4+/kernel/drivers/media/pci/pluto2
5.2M	lib/modules/3.17.0-rc4+/kernel/drivers/media/pci/ivtv
1.9M	lib/modules/3.17.0-rc4+/kernel/drivers/media/pci/zoran
9.3M	lib/modules/3.17.0-rc4+/kernel/drivers/media/pci/cx18
6.5M	lib/modules/3.17.0-rc4+/kernel/drivers/media/pci/cx23885
1.1M	lib/modules/3.17.0-rc4+/kernel/drivers/media/pci/saa7146
5.4M	lib/modules/3.17.0-rc4+/kernel/drivers/media/pci/mantis
468K	lib/modules/3.17.0-rc4+/kernel/drivers/media/pci/ddbridge
1.4M	lib/modules/3.17.0-rc4+/kernel/drivers/media/pci/ngene
804K	lib/modules/3.17.0-rc4+/kernel/drivers/media/pci/pt1
448K	lib/modules/3.17.0-rc4+/kernel/drivers/media/pci/meye
5.5M	lib/modules/3.17.0-rc4+/kernel/drivers/media/pci/cx88
696K	lib/modules/3.17.0-rc4+/kernel/drivers/media/pci/b2c2
58M	lib/modules/3.17.0-rc4+/kernel/drivers/media/pci
9.2M	lib/modules/3.17.0-rc4+/kernel/drivers/media/tuners
1.2M	lib/modules/3.17.0-rc4+/kernel/drivers/media/common/siano
1.8M	lib/modules/3.17.0-rc4+/kernel/drivers/media/common/saa7146
2.1M	lib/modules/3.17.0-rc4+/kernel/drivers/media/common/b2c2
6.0M	lib/modules/3.17.0-rc4+/kernel/drivers/media/common
223M	lib/modules/3.17.0-rc4+/kernel/drivers/media
1.2M	lib/modules/3.17.0-rc4+/kernel/drivers/virtio
572K	lib/modules/3.17.0-rc4+/kernel/drivers/ntb
336K	lib/modules/3.17.0-rc4+/kernel/drivers/misc/altera-stapl
744K	lib/modules/3.17.0-rc4+/kernel/drivers/misc/eeprom
1.6M	lib/modules/3.17.0-rc4+/kernel/drivers/misc/sgi-xp
1.6M	lib/modules/3.17.0-rc4+/kernel/drivers/misc/vmw_vmci
3.1M	lib/modules/3.17.0-rc4+/kernel/drivers/misc/mei
548K	lib/modules/3.17.0-rc4+/kernel/drivers/misc/lis3lv02d
428K	lib/modules/3.17.0-rc4+/kernel/drivers/misc/cb710
1.7M	lib/modules/3.17.0-rc4+/kernel/drivers/misc/sgi-gru
13M	lib/modules/3.17.0-rc4+/kernel/drivers/misc
1.6M	lib/modules/3.17.0-rc4+/kernel/drivers/crypto/ccp
2.2M	lib/modules/3.17.0-rc4+/kernel/drivers/crypto
10M	lib/modules/3.17.0-rc4+/kernel/drivers/infiniband/hw/qib
4.2M	lib/modules/3.17.0-rc4+/kernel/drivers/infiniband/hw/amso1100
2.2M	lib/modules/3.17.0-rc4+/kernel/drivers/infiniband/hw/mlx5
3.4M	lib/modules/3.17.0-rc4+/kernel/drivers/infiniband/hw/mthca
3.8M	lib/modules/3.17.0-rc4+/kernel/drivers/infiniband/hw/nes
3.6M	lib/modules/3.17.0-rc4+/kernel/drivers/infiniband/hw/cxgb4
6.3M	lib/modules/3.17.0-rc4+/kernel/drivers/infiniband/hw/ipath
3.4M	lib/modules/3.17.0-rc4+/kernel/drivers/infiniband/hw/mlx4
3.4M	lib/modules/3.17.0-rc4+/kernel/drivers/infiniband/hw/cxgb3
40M	lib/modules/3.17.0-rc4+/kernel/drivers/infiniband/hw
7.9M	lib/modules/3.17.0-rc4+/kernel/drivers/infiniband/core
3.2M	lib/modules/3.17.0-rc4+/kernel/drivers/infiniband/ulp/ipoib
832K	lib/modules/3.17.0-rc4+/kernel/drivers/infiniband/ulp/isert
1.8M	lib/modules/3.17.0-rc4+/kernel/drivers/infiniband/ulp/iser
764K	lib/modules/3.17.0-rc4+/kernel/drivers/infiniband/ulp/srpt
620K	lib/modules/3.17.0-rc4+/kernel/drivers/infiniband/ulp/srp
7.1M	lib/modules/3.17.0-rc4+/kernel/drivers/infiniband/ulp
55M	lib/modules/3.17.0-rc4+/kernel/drivers/infiniband
1.3M	lib/modules/3.17.0-rc4+/kernel/drivers/xen/xen-pciback
280K	lib/modules/3.17.0-rc4+/kernel/drivers/xen/xenfs
3.2M	lib/modules/3.17.0-rc4+/kernel/drivers/xen
652K	lib/modules/3.17.0-rc4+/kernel/drivers/block/mtip32xx
1.8M	lib/modules/3.17.0-rc4+/kernel/drivers/block/aoe
500K	lib/modules/3.17.0-rc4+/kernel/drivers/block/zram
648K	lib/modules/3.17.0-rc4+/kernel/drivers/block/xen-blkback
6.1M	lib/modules/3.17.0-rc4+/kernel/drivers/block/drbd
18M	lib/modules/3.17.0-rc4+/kernel/drivers/block
844K	lib/modules/3.17.0-rc4+/kernel/drivers/vfio/pci
1.6M	lib/modules/3.17.0-rc4+/kernel/drivers/vfio
1.4M	lib/modules/3.17.0-rc4+/kernel/drivers/usb/class
612K	lib/modules/3.17.0-rc4+/kernel/drivers/usb/image
6.5M	lib/modules/3.17.0-rc4+/kernel/drivers/usb/storage
15M	lib/modules/3.17.0-rc4+/kernel/drivers/usb/serial
268K	lib/modules/3.17.0-rc4+/kernel/drivers/usb/phy
896K	lib/modules/3.17.0-rc4+/kernel/drivers/usb/misc/sisusbvga
5.8M	lib/modules/3.17.0-rc4+/kernel/drivers/usb/misc
3.1M	lib/modules/3.17.0-rc4+/kernel/drivers/usb/wusbcore
2.3M	lib/modules/3.17.0-rc4+/kernel/drivers/usb/atm
2.5M	lib/modules/3.17.0-rc4+/kernel/drivers/usb/host
37M	lib/modules/3.17.0-rc4+/kernel/drivers/usb
9.2M	lib/modules/3.17.0-rc4+/kernel/drivers/net/irda
660K	lib/modules/3.17.0-rc4+/kernel/drivers/net/ieee802154
348K	lib/modules/3.17.0-rc4+/kernel/drivers/net/appletalk
432K	lib/modules/3.17.0-rc4+/kernel/drivers/net/ethernet/silan
3.0M	lib/modules/3.17.0-rc4+/kernel/drivers/net/ethernet/mellanox/mlx5/core
3.0M	lib/modules/3.17.0-rc4+/kernel/drivers/net/ethernet/mellanox/mlx5
8.3M	lib/modules/3.17.0-rc4+/kernel/drivers/net/ethernet/mellanox/mlx4
12M	lib/modules/3.17.0-rc4+/kernel/drivers/net/ethernet/mellanox
3.7M	lib/modules/3.17.0-rc4+/kernel/drivers/net/ethernet/brocade/bna
3.7M	lib/modules/3.17.0-rc4+/kernel/drivers/net/ethernet/brocade
712K	lib/modules/3.17.0-rc4+/kernel/drivers/net/ethernet/myricom/myri10ge
716K	lib/modules/3.17.0-rc4+/kernel/drivers/net/ethernet/myricom
1.1M	lib/modules/3.17.0-rc4+/kernel/drivers/net/ethernet/atheros/alx
1.1M	lib/modules/3.17.0-rc4+/kernel/drivers/net/ethernet/atheros/atlx
1.2M	lib/modules/3.17.0-rc4+/kernel/drivers/net/ethernet/atheros/atl1c
1.4M	lib/modules/3.17.0-rc4+/kernel/drivers/net/ethernet/atheros/atl1e
4.7M	lib/modules/3.17.0-rc4+/kernel/drivers/net/ethernet/atheros
1.4M	lib/modules/3.17.0-rc4+/kernel/drivers/net/ethernet/altera
412K	lib/modules/3.17.0-rc4+/kernel/drivers/net/ethernet/rdc
460K	lib/modules/3.17.0-rc4+/kernel/drivers/net/ethernet/adaptec
1.4M	lib/modules/3.17.0-rc4+/kernel/drivers/net/ethernet/amd
1.1M	lib/modules/3.17.0-rc4+/kernel/drivers/net/ethernet/intel/igbvf
3.6M	lib/modules/3.17.0-rc4+/kernel/drivers/net/ethernet/intel/igb
4.2M	lib/modules/3.17.0-rc4+/kernel/drivers/net/ethernet/intel/e1000e
1.6M	lib/modules/3.17.0-rc4+/kernel/drivers/net/ethernet/intel/ixgb
6.6M	lib/modules/3.17.0-rc4+/kernel/drivers/net/ethernet/intel/ixgbe
5.1M	lib/modules/3.17.0-rc4+/kernel/drivers/net/ethernet/intel/i40e
2.1M	lib/modules/3.17.0-rc4+/kernel/drivers/net/ethernet/intel/e1000
1.5M	lib/modules/3.17.0-rc4+/kernel/drivers/net/ethernet/intel/ixgbevf
26M	lib/modules/3.17.0-rc4+/kernel/drivers/net/ethernet/intel
2.7M	lib/modules/3.17.0-rc4+/kernel/drivers/net/ethernet/sun
1.9M	lib/modules/3.17.0-rc4+/kernel/drivers/net/ethernet/3com
8.0M	lib/modules/3.17.0-rc4+/kernel/drivers/net/ethernet/sfc
504K	lib/modules/3.17.0-rc4+/kernel/drivers/net/ethernet/tehuti
1.2M	lib/modules/3.17.0-rc4+/kernel/drivers/net/ethernet/via
4.9M	lib/modules/3.17.0-rc4+/kernel/drivers/net/ethernet/dec/tulip
4.9M	lib/modules/3.17.0-rc4+/kernel/drivers/net/ethernet/dec
444K	lib/modules/3.17.0-rc4+/kernel/drivers/net/ethernet/icplus
3.9M	lib/modules/3.17.0-rc4+/kernel/drivers/net/ethernet/stmicro/stmmac
3.9M	lib/modules/3.17.0-rc4+/kernel/drivers/net/ethernet/stmicro
556K	lib/modules/3.17.0-rc4+/kernel/drivers/net/ethernet/alteon
2.3M	lib/modules/3.17.0-rc4+/kernel/drivers/net/ethernet/realtek
580K	lib/modules/3.17.0-rc4+/kernel/drivers/net/ethernet/ti
2.8M	lib/modules/3.17.0-rc4+/kernel/drivers/net/ethernet/cisco/enic
2.8M	lib/modules/3.17.0-rc4+/kernel/drivers/net/ethernet/cisco
1.9M	lib/modules/3.17.0-rc4+/kernel/drivers/net/ethernet/neterion/vxge
2.9M	lib/modules/3.17.0-rc4+/kernel/drivers/net/ethernet/neterion
440K	lib/modules/3.17.0-rc4+/kernel/drivers/net/ethernet/xircom
640K	lib/modules/3.17.0-rc4+/kernel/drivers/net/ethernet/micrel
5.7M	lib/modules/3.17.0-rc4+/kernel/drivers/net/ethernet/qlogic/qlcnic
1.8M	lib/modules/3.17.0-rc4+/kernel/drivers/net/ethernet/qlogic/qlge
2.1M	lib/modules/3.17.0-rc4+/kernel/drivers/net/ethernet/qlogic/netxen
11M	lib/modules/3.17.0-rc4+/kernel/drivers/net/ethernet/qlogic
964K	lib/modules/3.17.0-rc4+/kernel/drivers/net/ethernet/sis
2.9M	lib/modules/3.17.0-rc4+/kernel/drivers/net/ethernet/chelsio/cxgb
2.1M	lib/modules/3.17.0-rc4+/kernel/drivers/net/ethernet/chelsio/cxgb4
3.7M	lib/modules/3.17.0-rc4+/kernel/drivers/net/ethernet/chelsio/cxgb3
1.2M	lib/modules/3.17.0-rc4+/kernel/drivers/net/ethernet/chelsio/cxgb4vf
9.8M	lib/modules/3.17.0-rc4+/kernel/drivers/net/ethernet/chelsio
904K	lib/modules/3.17.0-rc4+/kernel/drivers/net/ethernet/dlink
2.0M	lib/modules/3.17.0-rc4+/kernel/drivers/net/ethernet/emulex/benet
2.0M	lib/modules/3.17.0-rc4+/kernel/drivers/net/ethernet/emulex
1.7M	lib/modules/3.17.0-rc4+/kernel/drivers/net/ethernet/8390
764K	lib/modules/3.17.0-rc4+/kernel/drivers/net/ethernet/nvidia
868K	lib/modules/3.17.0-rc4+/kernel/drivers/net/ethernet/packetengines
6.4M	lib/modules/3.17.0-rc4+/kernel/drivers/net/ethernet/broadcom/bnx2x
11M	lib/modules/3.17.0-rc4+/kernel/drivers/net/ethernet/broadcom
1.9M	lib/modules/3.17.0-rc4+/kernel/drivers/net/ethernet/marvell
992K	lib/modules/3.17.0-rc4+/kernel/drivers/net/ethernet/natsemi
1.9M	lib/modules/3.17.0-rc4+/kernel/drivers/net/ethernet/smsc
752K	lib/modules/3.17.0-rc4+/kernel/drivers/net/ethernet/wiznet
129M	lib/modules/3.17.0-rc4+/kernel/drivers/net/ethernet
2.6M	lib/modules/3.17.0-rc4+/kernel/drivers/net/wireless/zd1211rw
4.2M	lib/modules/3.17.0-rc4+/kernel/drivers/net/wireless/libertas
5.7M	lib/modules/3.17.0-rc4+/kernel/drivers/net/wireless/iwlegacy
440K	lib/modules/3.17.0-rc4+/kernel/drivers/net/wireless/brcm80211/brcmutil
6.1M	lib/modules/3.17.0-rc4+/kernel/drivers/net/wireless/brcm80211/brcmsmac
5.8M	lib/modules/3.17.0-rc4+/kernel/drivers/net/wireless/brcm80211/brcmfmac
13M	lib/modules/3.17.0-rc4+/kernel/drivers/net/wireless/brcm80211
3.7M	lib/modules/3.17.0-rc4+/kernel/drivers/net/wireless/ipw2x00
4.5M	lib/modules/3.17.0-rc4+/kernel/drivers/net/wireless/orinoco
9.0M	lib/modules/3.17.0-rc4+/kernel/drivers/net/wireless/rt2x00
1.5M	lib/modules/3.17.0-rc4+/kernel/drivers/net/wireless/rtlwifi/rtl8192c
3.0M	lib/modules/3.17.0-rc4+/kernel/drivers/net/wireless/rtlwifi/rtl8192cu
3.4M	lib/modules/3.17.0-rc4+/kernel/drivers/net/wireless/rtlwifi/rtl8188ee
3.0M	lib/modules/3.17.0-rc4+/kernel/drivers/net/wireless/rtlwifi/rtl8192se
3.3M	lib/modules/3.17.0-rc4+/kernel/drivers/net/wireless/rtlwifi/rtl8192de
1.2M	lib/modules/3.17.0-rc4+/kernel/drivers/net/wireless/rtlwifi/btcoexist
1.4M	lib/modules/3.17.0-rc4+/kernel/drivers/net/wireless/rtlwifi/rtl8723com
2.6M	lib/modules/3.17.0-rc4+/kernel/drivers/net/wireless/rtlwifi/rtl8192ce
4.0M	lib/modules/3.17.0-rc4+/kernel/drivers/net/wireless/rtlwifi/rtl8723ae
3.4M	lib/modules/3.17.0-rc4+/kernel/drivers/net/wireless/rtlwifi/rtl8723be
31M	lib/modules/3.17.0-rc4+/kernel/drivers/net/wireless/rtlwifi
3.7M	lib/modules/3.17.0-rc4+/kernel/drivers/net/wireless/b43legacy
4.1M	lib/modules/3.17.0-rc4+/kernel/drivers/net/wireless/cw1200
12M	lib/modules/3.17.0-rc4+/kernel/drivers/net/wireless/mwifiex
9.2M	lib/modules/3.17.0-rc4+/kernel/drivers/net/wireless/b43
6.1M	lib/modules/3.17.0-rc4+/kernel/drivers/net/wireless/iwlwifi/dvm
8.7M	lib/modules/3.17.0-rc4+/kernel/drivers/net/wireless/iwlwifi/mvm
20M	lib/modules/3.17.0-rc4+/kernel/drivers/net/wireless/iwlwifi
2.4M	lib/modules/3.17.0-rc4+/kernel/drivers/net/wireless/p54
1.6M	lib/modules/3.17.0-rc4+/kernel/drivers/net/wireless/rtl818x/rtl8187
2.0M	lib/modules/3.17.0-rc4+/kernel/drivers/net/wireless/rtl818x/rtl8180
3.5M	lib/modules/3.17.0-rc4+/kernel/drivers/net/wireless/rtl818x
3.1M	lib/modules/3.17.0-rc4+/kernel/drivers/net/wireless/rsi
4.5M	lib/modules/3.17.0-rc4+/kernel/drivers/net/wireless/ath/ath10k
1.9M	lib/modules/3.17.0-rc4+/kernel/drivers/net/wireless/ath/wcn36xx
6.0M	lib/modules/3.17.0-rc4+/kernel/drivers/net/wireless/ath/ath5k
3.2M	lib/modules/3.17.0-rc4+/kernel/drivers/net/wireless/ath/carl9170
5.4M	lib/modules/3.17.0-rc4+/kernel/drivers/net/wireless/ath/ath6kl
3.2M	lib/modules/3.17.0-rc4+/kernel/drivers/net/wireless/ath/wil6210
18M	lib/modules/3.17.0-rc4+/kernel/drivers/net/wireless/ath/ath9k
572K	lib/modules/3.17.0-rc4+/kernel/drivers/net/wireless/ath/ar5523
44M	lib/modules/3.17.0-rc4+/kernel/drivers/net/wireless/ath
176M	lib/modules/3.17.0-rc4+/kernel/drivers/net/wireless
948K	lib/modules/3.17.0-rc4+/kernel/drivers/net/vmxnet3
2.2M	lib/modules/3.17.0-rc4+/kernel/drivers/net/team
1.1M	lib/modules/3.17.0-rc4+/kernel/drivers/net/xen-netback
5.7M	lib/modules/3.17.0-rc4+/kernel/drivers/net/phy
13M	lib/modules/3.17.0-rc4+/kernel/drivers/net/usb
1.1M	lib/modules/3.17.0-rc4+/kernel/drivers/net/hyperv
3.0M	lib/modules/3.17.0-rc4+/kernel/drivers/net/ppp
764K	lib/modules/3.17.0-rc4+/kernel/drivers/net/slip
3.0M	lib/modules/3.17.0-rc4+/kernel/drivers/net/bonding
1.2M	lib/modules/3.17.0-rc4+/kernel/drivers/net/dsa
2.9M	lib/modules/3.17.0-rc4+/kernel/drivers/net/hamradio
354M	lib/modules/3.17.0-rc4+/kernel/drivers/net
680K	lib/modules/3.17.0-rc4+/kernel/drivers/w1/masters
2.0M	lib/modules/3.17.0-rc4+/kernel/drivers/w1/slaves
3.8M	lib/modules/3.17.0-rc4+/kernel/drivers/w1
408K	lib/modules/3.17.0-rc4+/kernel/drivers/platform/chrome
12M	lib/modules/3.17.0-rc4+/kernel/drivers/platform/x86
12M	lib/modules/3.17.0-rc4+/kernel/drivers/platform
252K	lib/modules/3.17.0-rc4+/kernel/drivers/iio/light
1016K	lib/modules/3.17.0-rc4+/kernel/drivers/iio/magnetometer
992K	lib/modules/3.17.0-rc4+/kernel/drivers/iio/gyro
172K	lib/modules/3.17.0-rc4+/kernel/drivers/iio/trigger
988K	lib/modules/3.17.0-rc4+/kernel/drivers/iio/accel
500K	lib/modules/3.17.0-rc4+/kernel/drivers/iio/orientation
904K	lib/modules/3.17.0-rc4+/kernel/drivers/iio/common/st_sensors
468K	lib/modules/3.17.0-rc4+/kernel/drivers/iio/common/hid-sensors
1.4M	lib/modules/3.17.0-rc4+/kernel/drivers/iio/common
6.6M	lib/modules/3.17.0-rc4+/kernel/drivers/iio
864K	lib/modules/3.17.0-rc4+/kernel/drivers/input/serio
1.8M	lib/modules/3.17.0-rc4+/kernel/drivers/input/mouse
1008K	lib/modules/3.17.0-rc4+/kernel/drivers/input/joystick/iforce
6.3M	lib/modules/3.17.0-rc4+/kernel/drivers/input/joystick
4.2M	lib/modules/3.17.0-rc4+/kernel/drivers/input/misc
1.4M	lib/modules/3.17.0-rc4+/kernel/drivers/input/tablet
6.2M	lib/modules/3.17.0-rc4+/kernel/drivers/input/touchscreen
944K	lib/modules/3.17.0-rc4+/kernel/drivers/input/gameport
23M	lib/modules/3.17.0-rc4+/kernel/drivers/input
612K	lib/modules/3.17.0-rc4+/kernel/drivers/pps/clients
1.1M	lib/modules/3.17.0-rc4+/kernel/drivers/pps
3.3M	lib/modules/3.17.0-rc4+/kernel/drivers/atm
252K	lib/modules/3.17.0-rc4+/kernel/drivers/pci/pcie/aer
256K	lib/modules/3.17.0-rc4+/kernel/drivers/pci/pcie
1.3M	lib/modules/3.17.0-rc4+/kernel/drivers/pci/hotplug
1.9M	lib/modules/3.17.0-rc4+/kernel/drivers/pci
620K	lib/modules/3.17.0-rc4+/kernel/drivers/auxdisplay
3.1M	lib/modules/3.17.0-rc4+/kernel/drivers/mfd
5.3M	lib/modules/3.17.0-rc4+/kernel/drivers/staging/rtl8192e/rtl8192e
9.8M	lib/modules/3.17.0-rc4+/kernel/drivers/staging/rtl8192e
8.6M	lib/modules/3.17.0-rc4+/kernel/drivers/staging/rtl8712
11M	lib/modules/3.17.0-rc4+/kernel/drivers/staging/rtl8192ee
2.3M	lib/modules/3.17.0-rc4+/kernel/drivers/staging/media/lirc
2.3M	lib/modules/3.17.0-rc4+/kernel/drivers/staging/media
16M	lib/modules/3.17.0-rc4+/kernel/drivers/staging/rtl8723au
48M	lib/modules/3.17.0-rc4+/kernel/drivers/staging
1.4M	lib/modules/3.17.0-rc4+/kernel/drivers/leds/trigger
3.7M	lib/modules/3.17.0-rc4+/kernel/drivers/leds
1.4G	lib/modules/3.17.0-rc4+/kernel/drivers
248K	lib/modules/3.17.0-rc4+/kernel/kernel/trace
252K	lib/modules/3.17.0-rc4+/kernel/kernel
220K	lib/modules/3.17.0-rc4+/kernel/arch/x86/kernel/cpu/mcheck
224K	lib/modules/3.17.0-rc4+/kernel/arch/x86/kernel/cpu
544K	lib/modules/3.17.0-rc4+/kernel/arch/x86/kernel
5.0M	lib/modules/3.17.0-rc4+/kernel/arch/x86/crypto
8.9M	lib/modules/3.17.0-rc4+/kernel/arch/x86/kvm
2.0M	lib/modules/3.17.0-rc4+/kernel/arch/x86/oprofile
17M	lib/modules/3.17.0-rc4+/kernel/arch/x86
17M	lib/modules/3.17.0-rc4+/kernel/arch
232K	lib/modules/3.17.0-rc4+/kernel/mm
1.4M	lib/modules/3.17.0-rc4+/kernel/crypto/async_tx
12M	lib/modules/3.17.0-rc4+/kernel/crypto
2.1M	lib/modules/3.17.0-rc4+/kernel/net/mac802154
3.4M	lib/modules/3.17.0-rc4+/kernel/net/openvswitch
768K	lib/modules/3.17.0-rc4+/kernel/net/llc
1.9M	lib/modules/3.17.0-rc4+/kernel/net/802
9.7M	lib/modules/3.17.0-rc4+/kernel/net/sctp
18M	lib/modules/3.17.0-rc4+/kernel/net/sched
1008K	lib/modules/3.17.0-rc4+/kernel/net/nfc/hci
1.4M	lib/modules/3.17.0-rc4+/kernel/net/nfc/nci
5.4M	lib/modules/3.17.0-rc4+/kernel/net/nfc
284K	lib/modules/3.17.0-rc4+/kernel/net/dns_resolver
384K	lib/modules/3.17.0-rc4+/kernel/net/xfrm
2.1M	lib/modules/3.17.0-rc4+/kernel/net/irda/irlan
2.0M	lib/modules/3.17.0-rc4+/kernel/net/irda/ircomm
716K	lib/modules/3.17.0-rc4+/kernel/net/irda/irnet
11M	lib/modules/3.17.0-rc4+/kernel/net/irda
2.4M	lib/modules/3.17.0-rc4+/kernel/net/ieee802154
1.5M	lib/modules/3.17.0-rc4+/kernel/net/appletalk
19M	lib/modules/3.17.0-rc4+/kernel/net/mac80211
9.9M	lib/modules/3.17.0-rc4+/kernel/net/wireless
5.7M	lib/modules/3.17.0-rc4+/kernel/net/tipc
1.4M	lib/modules/3.17.0-rc4+/kernel/net/ipx
628K	lib/modules/3.17.0-rc4+/kernel/net/key
2.8M	lib/modules/3.17.0-rc4+/kernel/net/rose
8.8M	lib/modules/3.17.0-rc4+/kernel/net/ipv6/netfilter
14M	lib/modules/3.17.0-rc4+/kernel/net/ipv6
12M	lib/modules/3.17.0-rc4+/kernel/net/rds
740K	lib/modules/3.17.0-rc4+/kernel/net/rfkill
1.7M	lib/modules/3.17.0-rc4+/kernel/net/vmw_vsock
7.6M	lib/modules/3.17.0-rc4+/kernel/net/bridge/netfilter
14M	lib/modules/3.17.0-rc4+/kernel/net/bridge
932K	lib/modules/3.17.0-rc4+/kernel/net/bluetooth/bnep
772K	lib/modules/3.17.0-rc4+/kernel/net/bluetooth/hidp
1.4M	lib/modules/3.17.0-rc4+/kernel/net/bluetooth/rfcomm
940K	lib/modules/3.17.0-rc4+/kernel/net/bluetooth/cmtp
11M	lib/modules/3.17.0-rc4+/kernel/net/bluetooth
340K	lib/modules/3.17.0-rc4+/kernel/net/netlink
6.6M	lib/modules/3.17.0-rc4+/kernel/net/batman-adv
8.9M	lib/modules/3.17.0-rc4+/kernel/net/ipv4/netfilter
19M	lib/modules/3.17.0-rc4+/kernel/net/ipv4
9.4M	lib/modules/3.17.0-rc4+/kernel/net/netfilter/ipvs
8.3M	lib/modules/3.17.0-rc4+/kernel/net/netfilter/ipset
65M	lib/modules/3.17.0-rc4+/kernel/net/netfilter
3.1M	lib/modules/3.17.0-rc4+/kernel/net/l2tp
352K	lib/modules/3.17.0-rc4+/kernel/net/unix
6.5M	lib/modules/3.17.0-rc4+/kernel/net/dccp
2.2M	lib/modules/3.17.0-rc4+/kernel/net/9p
4.8M	lib/modules/3.17.0-rc4+/kernel/net/atm
1.3M	lib/modules/3.17.0-rc4+/kernel/net/sunrpc/xprtrdma
2.9M	lib/modules/3.17.0-rc4+/kernel/net/sunrpc/auth_gss
12M	lib/modules/3.17.0-rc4+/kernel/net/sunrpc
3.4M	lib/modules/3.17.0-rc4+/kernel/net/ceph
2.6M	lib/modules/3.17.0-rc4+/kernel/net/netrom
348K	lib/modules/3.17.0-rc4+/kernel/net/packet
1.3M	lib/modules/3.17.0-rc4+/kernel/net/dsa
1.6M	lib/modules/3.17.0-rc4+/kernel/net/8021q
4.8M	lib/modules/3.17.0-rc4+/kernel/net/ax25
680K	lib/modules/3.17.0-rc4+/kernel/net/core
280M	lib/modules/3.17.0-rc4+/kernel/net
2.4M	lib/modules/3.17.0-rc4+/kernel/lib/raid6
152K	lib/modules/3.17.0-rc4+/kernel/lib/reed_solomon
260K	lib/modules/3.17.0-rc4+/kernel/lib/lz4
3.9M	lib/modules/3.17.0-rc4+/kernel/lib
1.9G	lib/modules/3.17.0-rc4+/kernel
1.9G	lib/modules/3.17.0-rc4+
1.9G	lib/modules
8.0K	lib/firmware/cpia2
8.0K	lib/firmware/ositech
224K	lib/firmware/bnx2
264K	lib/firmware/radeon
68K	lib/firmware/cis
16K	lib/firmware/e100
8.0K	lib/firmware/av7110
32K	lib/firmware/yamaha
20K	lib/firmware/ttusb-budget
12K	lib/firmware/adaptec
20K	lib/firmware/tigon
8.0K	lib/firmware/sun
48K	lib/firmware/3com
12K	lib/firmware/ess
48K	lib/firmware/tehuti
12K	lib/firmware/keyspan_pda
20K	lib/firmware/yam
24K	lib/firmware/cxgb3
108K	lib/firmware/qlogic
140K	lib/firmware/emi26
20K	lib/firmware/kaweth
152K	lib/firmware/acenic
76K	lib/firmware/edgeport
32K	lib/firmware/advansys
20K	lib/firmware/korg
212K	lib/firmware/emi62
608K	lib/firmware/bnx2x
2.3M	lib/firmware
1.9G	lib
