# Metadata
This file is used for 结果检查与记录.

# Jun 02
09:30
Start to work.
Comments on Bugzilla.
12:13 ~ 14:29
Start understanding mount.
Finish: mount information, mount_hashtable, and mount multiple filesystems at same direcotry.

14:30
looking into porc FS issue.
15:44
nsproxy mnt_list
17:04

# June 3

# June 25
Fri Jun 25 06:19:51 PM CST 2021
内心悲伤不已， 好难受,如果死就可以解脱了吧。

# Thu May 5 01:29:18 PM CST 2022

# Mon May  9 07:19:26 PM CST 2022
Just worked on leet code 3. Wrong answer.
# Mon May  9 08:13:13 PM CST 2022
Completed leetcode 3. => 1


# Aug 13
Sat Aug 13 01:47:55 PM CST 2022

# Aug 14
Sun Aug 14 08:33:07 AM CST 2022


