
# interview
[史上最全！英语面试问题回答大合集](http://www.hjenglish.com/new/p581292/)
Why do we have to hire you?
[self appraisal](https://yuedu.mipang.com/fanwen/pingjia/yingwen/)
## onc
o: greetings and self-inroduction 
n: components
c: Thanks
### hbia
hb: go through this task once
...
i: find another way to go through this task
...
a:
## Causality
components
### hbia
hb: list e few esstential parts
...
i: express more parts accurately, smooth transition between parts
...
a:

## self appraisal

## env analysis
authentic: not
noninovlved: need feedback and reward
artficial: need feedback and reward

## gradual method
tpu:
wt
unit: nature artile size 
from easy to diffcult:
concurrent:
small: 1
usable
## feedback
write first then compare it whit others'
find a good examples
google books realtime feedback.

## Sensous factors
post things on internet

# technical presentation
