 def subsets_of_size_k(nums, k):
     if k == 0:
         return [[]]
     
     result = []
     for i in range(len(nums)):
         num = nums[i]
         remaining_nums = nums[i+1:]
         smaller_subsets = subsets_of_size_k(remaining_nums, k - 1)
         for subset in smaller_subsets:
             result.append([num] + subset)
     
     return result
 
 # 示例
 nums = [1, 2, 3, 4, 5]
 k = 4
 result = subsets_of_size_k(nums, k)
 print(result)
[[1, 2, 3, 4], [1, 2, 3, 5], [1, 2, 4, 5], [1, 3, 4, 5], [2, 3, 4, 5]]
 nums = [11, 23, 1, 0, 5]
 result = subsets_of_size_k(nums, k)
 nums = [11, 23, 1, 0, 5]
 print(result)
[[11, 23, 1, 0], [11, 23, 1, 5], [11, 23, 0, 5], [11, 1, 0, 5], [23, 1, 0, 5]]
 nums = [11, 23, 1, 0, 5,34,67]
 result = subsets_of_size_k(nums, k)
 print(result)

