知乎大神推荐】各大知名医院里那些好用的自制药物
版权归作者所有，任何形式转载请联系作者。
作者：初七（来自豆瓣）
来源：https://www.douban.com/note/687480708/

最近在知乎上看到一个很实用的问答帖，众多知友介绍了很多知名医院里的自制的一些实惠又好用的药物。如“标婷”维生素E乳、协和的硅霜、北医三院的鼻炎三号等等。当然，还有很多很多，在此专门做一个整理吧。

★★★特别说明：此处仅作整理推荐，如需使用药物，需咨询医生同意后再购买或服用。

-------------------------------------

北京地区知名医院

-------------------------------------

1、皮肤病

①首都医科大学附属北京中医医院：朱红膏纱条（红纱条）

适应症：治疗感染性疮面、顽固难愈性皮肤溃 疡，如痈、疽、糖尿病足坏疽、褥疮等
②首都医科大学附属北京中医医院：清热消肿洗剂

功效：急性湿疹、接触性皮炎及丹毒祛湿散
③首都医科大学附属北京中医医院：祛湿散

功效：湿疹，皮肤轻度渗出及糜烂
④北京协和医院：精心硅霜

适应症：皮肤干裂、瘙痒
⑤北京医院：维生素E乳

功效：皮肤干裂、瘙痒
⑥中国中医科学院广安门医院：湿疹膏

功效：各种慢性溃疡，久不收口
⑦中国中医科学院广安门医院 : 玉红膏

功效：各种慢性溃疡，久不收口
⑧中国中医科学院广安门医院：四黄膏

功效：热毒疮疥
⑨中国中医科学院西苑医院：皮炎解毒膏

功效：热毒疮疥
⑩北京中医药大学东直门医院：复方苦参止痒膏

功效：无渗出的湿疹、皮炎
⑪北京中医药大学东直门医院：复方黄连膏

功效：阳症疮疡、红肿热痛
⑫北京中医药大学附属护国寺中医医院：芙蓉膏

功效：疮疡肿毒、红肿作痛、乳腺炎
⑬空军总医院：抗敏止痒霜（一号霜）

功效：可广泛用于治疗一般性皮肤病，如银屑病、湿疹、脚气、酒糟鼻等。见效快，对付香港脚别有功效。
⑭空军总医院：袪斑霜

功效：活血化瘀，用作晚霜，用于治疗黄褐斑等病
⑮空军总医院：痤疮颗粒

功效：清热凉血，燥湿解毒，主治肺风粉刺
⑯北京大学第三医院：鞣酸软膏

功效：护臀霜/尿布疹/红屁屁乐护臀膏/湿疹
⑰北京市宣武区中医医院：珍珠烫伤膏

功效：烧伤、烫伤
------------------------------------

2、呼吸道疾病

①北京大学第三医院：复方苍耳子片（鼻炎三号）

适应症：慢性鼻炎、过敏性鼻炎
鼻炎三号是标准的纯中药制剂，由散风除湿通窍的苍耳子和善通鼻窍的辛夷组成，70片大约吃 5天左右，一般吃一两瓶就能见效，在医保报销范围。
②首都医科大学附属北京友谊医院：利咽合剂

功效：急性咽炎、扁桃腺炎、咽后肿痛
③首都医科大学附属北京友谊医院：清咽生音口服液

功效：咽喉炎，声音嘶哑，声带水肿
④中国中医科学院西苑医院：清窍散

功效：鼻塞、鼻窍肌膜肿胀
⑤中国人民解放军海军总医院：咽炎颗粒

功效：清热滋阴，利咽消肿，用于急慢性烟炎。
------------------------------------

3、消化系统疾病

①首都医科大学附属北京中医医院：鹅口散

功效：鹅口疮、滤泡性口炎、白塞氏综合症、扁平苔癣
②首都医科大学附属北京中医医院：痔疮洗剂    

功效：痔疮脱出水肿、肛周脓肿、肛裂疼痛及术后洗浴伤口
③中国中医科学院西苑医院：化腐生肌定痛散

功效：口疮、口腔溃疡、鼻腔黏膜糜烂、出血等
④解放军总医院：木苏丸

适用症：慢性肝病、肝硬化及其并发症
在中药制剂中，只有木苏丸是国内专门用于治疗肝硬化患者食欲、腹胀腹水、乏力、肝区不适，以及改善肝区疼痛等不适。
⑤北京大学第三医院：复方银花片

功效：盆腔炎、附件炎
⑥北京惠民中医儿童医院：健脾贴

功效：健脾和胃 培土生金 脾虚之便溏 神疲乏力 食少纳呆 头昏困倦 肺脾两虚之反复易感
------------------------------------

4、儿童用药

①首都医科大学附属北京儿童医院：青紫合剂和复幼合剂

适应症：儿童过敏性紫癜和儿童性早熟
患儿需经医院专科医生诊疗开具处方后方可使用。
②首都医科大学附属北京儿童医院：清解合剂

功效：小儿身热起伏不退、便干、口渴心烦、纳呆、尿赤
③首都儿科研究所：肤乐霜

适用于：婴幼儿湿疹
肤乐霜属于纯 中药制剂，不含任何激素，可清热燥湿，祛风解毒。在口周、眼周等皮肤娇嫩的地方也可以使用，需凭医生处方购买。
④北京市宣武区中医医院：消滞糖浆

功效：小儿食积、不思饮食
⑤首都儿科研究所附属儿童医院：双金利咽颗粒

功效：急慢性扁桃体炎、咽炎
-------------------------------------

5、明目类

①北京中医药大学东直门医院：补肾明目丸

功效：视物不清、昏朦、视力减退
②中国中医科学院眼科医院：目舒丸

功效：视疲劳
-------------------------------------

上海地区知名医院

-------------------------------------

上海华山医院

白癜风药物：芪白颗粒，中药合剂

青春痘：复方克林霉素凝胶，丹参清解口服液

过敏：乳膏基质一号，新曲樟乳膏

湿疹：索咪新尿素乳膏（复索霜），尿囊素维e乳膏，复方醋酸曲安奈德乳膏（复松霜），利湿口服液等

瘙痒症：樟脑乳膏

皮肤皲裂：尿素乳膏，尿素咪康唑乳膏

灰指甲：冰醋酸涂剂

上海新华医院

婴儿湿疹、糜烂性湿疹、接触性皮炎：蓝白药膏

上海岳阳医院

痛风间歇期：茵连痛风颗粒

痛风急性发作期：虎杖痛风颗粒

轻中度痤疮、脂溢性皮炎：白地祛脂合剂

痛经、调经、妇科：妇科自制药剂

盆腔炎性包块：双藤灌肠汤

上海龙华医院

溃疡性结肠炎：清肠栓

奶结，乳腺炎，消肿镇痛：金黄膏

上海瑞金医院

皮肤、黏膜感染等消毒，可用于化脓性皮肤病：乳酸依沙吖啶灭菌溶液

指甲和趾甲霉菌病：冰醋酸涂剂

鱼鳞病、手足皲裂及皮肤干燥：尿素乳膏(O/W型)

角化型手足癣、甲癣、汗斑癣：酮康唑搽剂

慢性湿疹、神经性皮炎、白癜风：倍他米松乳膏

脂溢性皮炎，痤疮，酒糟鼻：清热养阴丸

白癜风：三白祛风丸

瘙痒症、夏季皮炎：复方醋酸曲安奈德搽剂

上海肺科医院

哮喘、支气管炎：支扩养阴颗粒

止血，治疗支气管扩张：参贝支扩片

上海第九人民医院

各种意外创伤：冰石长皮软膏（又称长皮1号）、紫归长皮软膏（又称长皮2号）

美白：美白精华液

上海皮肤病医院

保湿修复去痘印：尿囊素维他乳膏

祛痘、抗菌：盐酸林可霉素凝胶

上海长征医院

神经性皮炎：复方特美舒乳膏

内痔、肛裂：痔裂E栓

上海五官科医院

鼻炎、鼻窦炎、过敏性鼻炎：盐酸去氧肾上腺素鼻喷剂

咽炎、喉炎：玄柏爽声颗粒

上海宝山中心医院

小儿咳嗽： 麻杏口服液

上海第六人民医院

胃康，鞣酸软膏，冰醋酸

-------------------------------------

最后，

因为以上推荐均来自于网友分享，所以如果有北京或上海的小伙伴发现其中有误，可在评论或私信中题型我，我修改或删除。

再次提醒：买药或用药请事先咨询医生，遵照医嘱服用。

-------------------------------------

如果其他医院也有不错的自制药物，欢迎大家在评论区分享哦。

后续我会更新在文章当中的。


