我是渺小的, 凭依着感觉.

看见自己.
我是渺小的, 
脆弱的, 弱小的, 容易被引诱的.
力量, 能力也小. 
不要相信意志力这种东西

依靠感觉(身是本)与时间, 每日些微小事. 这是弱小者的我能做的. 这世界很复杂, 巨大, 我只能做些小事. 太多事了只能一件一件, 从小到大每日做来. 急不得. 小事做不好, 何以为大事.
思考, 有些事永远也想不明白, 看不清.

感觉, 很多时候是不真实的, 如, 去日本, 以为需要N2.
感觉要真实, 可靠, 可信. 反之,不真实.
思考, 如今未能医治皮肤问题.
思维, 内心自尊过剩. 思维能帮助我们, 也能阻碍我们. 心理障碍.
思想是种子, 习惯啊, 才是力量. 思维本身是没有力量的.

找回自己的感觉. 
自然最好, 然自己已不自然. 尽量合理规划下吧, 已乱了. 形成习惯就好了.
人无法预估所有问题, 只能出现一个问题, 解决一个. 微笑着破敌之策.
理论太多, 碎片太多, 人生大忌啊.
平静, 坚决, 温和/温善, 有主见, 懂得自我保护/prime。
人都是行为, 行为组成了人. 只用行为描述自己.

# 思维方法
想结果不想代价, 克服心理障碍.

方法就藏在实际操作中. 
从心出发.模糊平均的开始, 在做的过程中慢慢调整.
I can use it without understanding it.  没有人担心那些不懂空气动力学定理或不会解运动方程式的孩童们学不会骑自行车. Antifragile 14.2 
不拍脑袋. 方案,方法要基于真实, 有效的感觉而来. 且要贴切, 连续.
step by step
non-sequential, random, OKR
Waterfall model
deliberate practice

工具化, 简单化.

复盘.

最低限度。

他们非常非常讲究概括与思考的能力，总结出大的方向，再抽取主干，然后围绕主干进行一级实施，二级实施，最后辅助收尾这样一种高效的模式，
柄:由很少点去带动其他部分. 
Smart（Specific，Measurable， attainable，Realistic , Time-bound）

从小事做起, 只此能做, 未来不曾拥有, 能改变的只有现在, 且转瞬即逝.

细腻贴切的语言表达. 语言, 能影响内心. 要提升, 精化自己的语言. 
形象化, observable。

成品怎么样, 很多时候不是我们能决定的.
