# 理解
## 理解是没有固定实体的.
可以是observing, 也可以是creation, 也可是pure thinking.
## 理解是在脑海思维内映射reality, 现实世界的因果
脑内世界创造对象.

# Post-understanding era
just-in-time understanding

# Incarnations of understanding
## observe 现象 infers 因果
low level(大量细节) -> high level: infer 不可靠,慢
### 现象结果, 往往是大量的细节.
### 输入式理解: 现实现象是对象,
需要大量心理原则进行辅助: 抓住重点,20/80法则; 第一因; 需要在意义中理解,意义控制符号，而不是反过来 通过符号猜意义; 需要各种路标,标签(what, why, how), 提醒自己干什么, 否则思维不成形, 混乱.只看commit description, 不看代码! 
缺点: 严重受限于看到的内容, 因为是input式. 没有input, 理解很难继续.
不可靠,慢
## create 因果 then translate to 现象, 反思这种差异的原因
输出式理解: 意志的实例化是对象
### high level -> low level: 可靠的, usage and design priciples are usually high level
创造往往都是从high level 开始.
### 意志现象的因到果
只要顺着前因后果的规律就能理解清楚了.
发生学
### 现实世界境况,规律
place every word you heared into the rela life world
### 人的因果, 人本身的意志与现实因果

# Others
## 从理解结果看
a) 输出式的是在脑外的一个具体有机的对象, 每个component在他应该在的位置.
b) 而输入式的内在的概念的集合, 像事物的各种切面.
## 意义
意义是映射的, 不是构建出来的. 构造语义是有缺陷的. 映射是直接的, 而构造是现实的. 
## 概念原理+事例
## 直观, 模型
