
intuition: 理解了的, 连续的, 整体的. 现实直观, 思维直观.
Schopenhauver：means vs ends
收集与建造
直观聚集, 直观延伸
自己说出来, 转换成自己的话
每次一点点.
Feynman, think for yourself
从动手中学习（learn by doing), オートプット

自我期待守护: Make a plan and Keep yourself in check
Multitask


抗拒
LTP
hippocampus
Broca and Winercke. 
Cognitive map.

# 什么是直观intuition?
任何直观必须建立在另一个直观之上, 否则就不是直观.

以动词为核心的, 完整的句子, 包含动词和宾语.
因果逻辑
大致思路

直观就是和你接触最多的.

建造, 就是建立联系, 而联系就是动词, 一切都应该以"直观" 作为依靠. 
建造应该以动词为核心, 从对象延伸出来.

Cognitive map的应用, 单词空间话, 找到关联的

# 加快, 节省时间, 提升效率
严格管控, 大量休息
一定要有计划

# Plan and check
Kernel
Algorithm
Health
Conmunication
