Kernel version must be 4.12.14-122.228 (or .225) on all of them.

On control1 :
=============
Add IPv6 IP and define route
ip -6 addr add 1000::1 dev eth0 ; ip -6 ro add 1000::/64 dev eth0

On payload :
============
Add IPv6 IP and define route
ip -6 addr add 1000::3 dev eth0 ; ip -6 ro add 1000::/64 dev eth0

Test pinging the gateway
ping6 1000::1

On control2: 
============
Open a terminal and monitor the kernel log/serial console.

In another terminal, add IPv6 IP 
ip -6 addr add 1000::2 dev eth0

Configure multipath routing for nexthop
ip -6 ro add 1000::/64 dev eth0
ip -6 ro add 1000::3 nexthop via 1000::1 weight 10

Check the routing on control2
ip -6 r
1000::2 dev eth0 proto kernel metric 256 pref medium
1000::3 via 1000::1 dev eth0 metric 1024 pref medium
1000::/64 dev eth0 metric 1024 pref medium
fe80::/64 dev eth0 proto kernel metric 256 pref medium

# Try ping6'ing the payload node from control2
ping6 1000::3
